2024-04-27 00:35:30,002 [Worker-1: Loading available Gradle versions] INFO  o.e.b.c.i.u.g.PublishedGradleVersions - Gradle version information cache is out-of-date. Trying to update.
2024-04-27 01:03:43,143 [Worker-43: Launching mavenrun-f8e87d45-61ff-4a6d-bcd7-5d2e01d41376] INFO  o.eclipse.m2e.core.internal.Bundles - getClasspathEntries(Bundle=org.eclipse.m2e.maven.runtime_3.8.701.20230209-1606 [610])
2024-04-27 01:03:43,168 [Worker-43: Launching mavenrun-f8e87d45-61ff-4a6d-bcd7-5d2e01d41376] INFO  o.eclipse.m2e.core.internal.Bundles - 	Entry: C:\Users\satyaprakashsh\Downloads\eclipse-jee-2023-03 (1)\eclipse-jee-2023-03\eclipse\plugins\org.eclipse.m2e.maven.runtime_3.8.701.20230209-1606
2024-04-27 01:03:43,168 [Worker-43: Launching mavenrun-f8e87d45-61ff-4a6d-bcd7-5d2e01d41376] INFO  o.eclipse.m2e.core.internal.Bundles - 	Entry: C:\Users\satyaprakashsh\Downloads\eclipse-jee-2023-03 (1)\eclipse-jee-2023-03\eclipse\plugins\org.eclipse.m2e.maven.runtime_3.8.701.20230209-1606\jars\aether-connector-okhttp-0.17.8.jar
2024-04-27 01:03:43,168 [Worker-43: Launching mavenrun-f8e87d45-61ff-4a6d-bcd7-5d2e01d41376] INFO  o.eclipse.m2e.core.internal.Bundles - 	Entry: C:\Users\satyaprakashsh\Downloads\eclipse-jee-2023-03 (1)\eclipse-jee-2023-03\eclipse\plugins\org.eclipse.m2e.maven.runtime_3.8.701.20230209-1606\jars\commons-lang3-3.8.1.jar
2024-04-27 01:03:43,168 [Worker-43: Launching mavenrun-f8e87d45-61ff-4a6d-bcd7-5d2e01d41376] INFO  o.eclipse.m2e.core.internal.Bundles - 	Entry: C:\Users\satyaprakashsh\Downloads\eclipse-jee-2023-03 (1)\eclipse-jee-2023-03\eclipse\plugins\org.eclipse.m2e.maven.runtime_3.8.701.20230209-1606\jars\guice-4.2.2-no_aop.jar
2024-04-27 01:03:43,169 [Worker-43: Launching mavenrun-f8e87d45-61ff-4a6d-bcd7-5d2e01d41376] INFO  o.eclipse.m2e.core.internal.Bundles - 	Entry: C:\Users\satyaprakashsh\Downloads\eclipse-jee-2023-03 (1)\eclipse-jee-2023-03\eclipse\plugins\org.eclipse.m2e.maven.runtime_3.8.701.20230209-1606\jars\jansi-2.4.0.jar
2024-04-27 01:03:43,169 [Worker-43: Launching mavenrun-f8e87d45-61ff-4a6d-bcd7-5d2e01d41376] INFO  o.eclipse.m2e.core.internal.Bundles - 	Entry: C:\Users\satyaprakashsh\Downloads\eclipse-jee-2023-03 (1)\eclipse-jee-2023-03\eclipse\plugins\org.eclipse.m2e.maven.runtime_3.8.701.20230209-1606\jars\maven-artifact-3.8.7.jar
2024-04-27 01:03:43,169 [Worker-43: Launching mavenrun-f8e87d45-61ff-4a6d-bcd7-5d2e01d41376] INFO  o.eclipse.m2e.core.internal.Bundles - 	Entry: C:\Users\satyaprakashsh\Downloads\eclipse-jee-2023-03 (1)\eclipse-jee-2023-03\eclipse\plugins\org.eclipse.m2e.maven.runtime_3.8.701.20230209-1606\jars\maven-builder-support-3.8.7.jar
2024-04-27 01:03:43,169 [Worker-43: Launching mavenrun-f8e87d45-61ff-4a6d-bcd7-5d2e01d41376] INFO  o.eclipse.m2e.core.internal.Bundles - 	Entry: C:\Users\satyaprakashsh\Downloads\eclipse-jee-2023-03 (1)\eclipse-jee-2023-03\eclipse\plugins\org.eclipse.m2e.maven.runtime_3.8.701.20230209-1606\jars\maven-compat-3.8.7.jar
2024-04-27 01:03:43,169 [Worker-43: Launching mavenrun-f8e87d45-61ff-4a6d-bcd7-5d2e01d41376] INFO  o.eclipse.m2e.core.internal.Bundles - 	Entry: C:\Users\satyaprakashsh\Downloads\eclipse-jee-2023-03 (1)\eclipse-jee-2023-03\eclipse\plugins\org.eclipse.m2e.maven.runtime_3.8.701.20230209-1606\jars\maven-core-3.8.7.jar
2024-04-27 01:03:43,169 [Worker-43: Launching mavenrun-f8e87d45-61ff-4a6d-bcd7-5d2e01d41376] INFO  o.eclipse.m2e.core.internal.Bundles - 	Entry: C:\Users\satyaprakashsh\Downloads\eclipse-jee-2023-03 (1)\eclipse-jee-2023-03\eclipse\plugins\org.eclipse.m2e.maven.runtime_3.8.701.20230209-1606\jars\maven-embedder-3.8.7.jar
2024-04-27 01:03:43,169 [Worker-43: Launching mavenrun-f8e87d45-61ff-4a6d-bcd7-5d2e01d41376] INFO  o.eclipse.m2e.core.internal.Bundles - 	Entry: C:\Users\satyaprakashsh\Downloads\eclipse-jee-2023-03 (1)\eclipse-jee-2023-03\eclipse\plugins\org.eclipse.m2e.maven.runtime_3.8.701.20230209-1606\jars\maven-model-3.8.7.jar
2024-04-27 01:03:43,169 [Worker-43: Launching mavenrun-f8e87d45-61ff-4a6d-bcd7-5d2e01d41376] INFO  o.eclipse.m2e.core.internal.Bundles - 	Entry: C:\Users\satyaprakashsh\Downloads\eclipse-jee-2023-03 (1)\eclipse-jee-2023-03\eclipse\plugins\org.eclipse.m2e.maven.runtime_3.8.701.20230209-1606\jars\maven-model-builder-3.8.7.jar
2024-04-27 01:03:43,170 [Worker-43: Launching mavenrun-f8e87d45-61ff-4a6d-bcd7-5d2e01d41376] INFO  o.eclipse.m2e.core.internal.Bundles - 	Entry: C:\Users\satyaprakashsh\Downloads\eclipse-jee-2023-03 (1)\eclipse-jee-2023-03\eclipse\plugins\org.eclipse.m2e.maven.runtime_3.8.701.20230209-1606\jars\maven-plugin-api-3.8.7.jar
2024-04-27 01:03:43,170 [Worker-43: Launching mavenrun-f8e87d45-61ff-4a6d-bcd7-5d2e01d41376] INFO  o.eclipse.m2e.core.internal.Bundles - 	Entry: C:\Users\satyaprakashsh\Downloads\eclipse-jee-2023-03 (1)\eclipse-jee-2023-03\eclipse\plugins\org.eclipse.m2e.maven.runtime_3.8.701.20230209-1606\jars\maven-repository-metadata-3.8.7.jar
2024-04-27 01:03:43,170 [Worker-43: Launching mavenrun-f8e87d45-61ff-4a6d-bcd7-5d2e01d41376] INFO  o.eclipse.m2e.core.internal.Bundles - 	Entry: C:\Users\satyaprakashsh\Downloads\eclipse-jee-2023-03 (1)\eclipse-jee-2023-03\eclipse\plugins\org.eclipse.m2e.maven.runtime_3.8.701.20230209-1606\jars\maven-resolver-api-1.6.3.jar
2024-04-27 01:03:43,170 [Worker-43: Launching mavenrun-f8e87d45-61ff-4a6d-bcd7-5d2e01d41376] INFO  o.eclipse.m2e.core.internal.Bundles - 	Entry: C:\Users\satyaprakashsh\Downloads\eclipse-jee-2023-03 (1)\eclipse-jee-2023-03\eclipse\plugins\org.eclipse.m2e.maven.runtime_3.8.701.20230209-1606\jars\maven-resolver-connector-basic-1.6.3.jar
2024-04-27 01:03:43,170 [Worker-43: Launching mavenrun-f8e87d45-61ff-4a6d-bcd7-5d2e01d41376] INFO  o.eclipse.m2e.core.internal.Bundles - 	Entry: C:\Users\satyaprakashsh\Downloads\eclipse-jee-2023-03 (1)\eclipse-jee-2023-03\eclipse\plugins\org.eclipse.m2e.maven.runtime_3.8.701.20230209-1606\jars\maven-resolver-impl-1.6.3.jar
2024-04-27 01:03:43,170 [Worker-43: Launching mavenrun-f8e87d45-61ff-4a6d-bcd7-5d2e01d41376] INFO  o.eclipse.m2e.core.internal.Bundles - 	Entry: C:\Users\satyaprakashsh\Downloads\eclipse-jee-2023-03 (1)\eclipse-jee-2023-03\eclipse\plugins\org.eclipse.m2e.maven.runtime_3.8.701.20230209-1606\jars\maven-resolver-provider-3.8.7.jar
2024-04-27 01:03:43,171 [Worker-43: Launching mavenrun-f8e87d45-61ff-4a6d-bcd7-5d2e01d41376] INFO  o.eclipse.m2e.core.internal.Bundles - 	Entry: C:\Users\satyaprakashsh\Downloads\eclipse-jee-2023-03 (1)\eclipse-jee-2023-03\eclipse\plugins\org.eclipse.m2e.maven.runtime_3.8.701.20230209-1606\jars\maven-resolver-spi-1.6.3.jar
2024-04-27 01:03:43,171 [Worker-43: Launching mavenrun-f8e87d45-61ff-4a6d-bcd7-5d2e01d41376] INFO  o.eclipse.m2e.core.internal.Bundles - 	Entry: C:\Users\satyaprakashsh\Downloads\eclipse-jee-2023-03 (1)\eclipse-jee-2023-03\eclipse\plugins\org.eclipse.m2e.maven.runtime_3.8.701.20230209-1606\jars\maven-resolver-transport-wagon-1.6.3.jar
2024-04-27 01:03:43,171 [Worker-43: Launching mavenrun-f8e87d45-61ff-4a6d-bcd7-5d2e01d41376] INFO  o.eclipse.m2e.core.internal.Bundles - 	Entry: C:\Users\satyaprakashsh\Downloads\eclipse-jee-2023-03 (1)\eclipse-jee-2023-03\eclipse\plugins\org.eclipse.m2e.maven.runtime_3.8.701.20230209-1606\jars\maven-resolver-util-1.6.3.jar
2024-04-27 01:03:43,171 [Worker-43: Launching mavenrun-f8e87d45-61ff-4a6d-bcd7-5d2e01d41376] INFO  o.eclipse.m2e.core.internal.Bundles - 	Entry: C:\Users\satyaprakashsh\Downloads\eclipse-jee-2023-03 (1)\eclipse-jee-2023-03\eclipse\plugins\org.eclipse.m2e.maven.runtime_3.8.701.20230209-1606\jars\maven-settings-3.8.7.jar
2024-04-27 01:03:43,172 [Worker-43: Launching mavenrun-f8e87d45-61ff-4a6d-bcd7-5d2e01d41376] INFO  o.eclipse.m2e.core.internal.Bundles - 	Entry: C:\Users\satyaprakashsh\Downloads\eclipse-jee-2023-03 (1)\eclipse-jee-2023-03\eclipse\plugins\org.eclipse.m2e.maven.runtime_3.8.701.20230209-1606\jars\maven-settings-builder-3.8.7.jar
2024-04-27 01:03:43,172 [Worker-43: Launching mavenrun-f8e87d45-61ff-4a6d-bcd7-5d2e01d41376] INFO  o.eclipse.m2e.core.internal.Bundles - 	Entry: C:\Users\satyaprakashsh\Downloads\eclipse-jee-2023-03 (1)\eclipse-jee-2023-03\eclipse\plugins\org.eclipse.m2e.maven.runtime_3.8.701.20230209-1606\jars\maven-shared-utils-3.3.4.jar
2024-04-27 01:03:43,172 [Worker-43: Launching mavenrun-f8e87d45-61ff-4a6d-bcd7-5d2e01d41376] INFO  o.eclipse.m2e.core.internal.Bundles - 	Entry: C:\Users\satyaprakashsh\Downloads\eclipse-jee-2023-03 (1)\eclipse-jee-2023-03\eclipse\plugins\org.eclipse.m2e.maven.runtime_3.8.701.20230209-1606\jars\okhttp-3.14.1.jar
2024-04-27 01:03:43,172 [Worker-43: Launching mavenrun-f8e87d45-61ff-4a6d-bcd7-5d2e01d41376] INFO  o.eclipse.m2e.core.internal.Bundles - 	Entry: C:\Users\satyaprakashsh\Downloads\eclipse-jee-2023-03 (1)\eclipse-jee-2023-03\eclipse\plugins\org.eclipse.m2e.maven.runtime_3.8.701.20230209-1606\jars\okio-1.17.3.jar
2024-04-27 01:03:43,172 [Worker-43: Launching mavenrun-f8e87d45-61ff-4a6d-bcd7-5d2e01d41376] INFO  o.eclipse.m2e.core.internal.Bundles - 	Entry: C:\Users\satyaprakashsh\Downloads\eclipse-jee-2023-03 (1)\eclipse-jee-2023-03\eclipse\plugins\org.eclipse.m2e.maven.runtime_3.8.701.20230209-1606\jars\org.eclipse.sisu.inject-0.3.5.jar
2024-04-27 01:03:43,172 [Worker-43: Launching mavenrun-f8e87d45-61ff-4a6d-bcd7-5d2e01d41376] INFO  o.eclipse.m2e.core.internal.Bundles - 	Entry: C:\Users\satyaprakashsh\Downloads\eclipse-jee-2023-03 (1)\eclipse-jee-2023-03\eclipse\plugins\org.eclipse.m2e.maven.runtime_3.8.701.20230209-1606\jars\org.eclipse.sisu.plexus-0.3.5.jar
2024-04-27 01:03:43,172 [Worker-43: Launching mavenrun-f8e87d45-61ff-4a6d-bcd7-5d2e01d41376] INFO  o.eclipse.m2e.core.internal.Bundles - 	Entry: C:\Users\satyaprakashsh\Downloads\eclipse-jee-2023-03 (1)\eclipse-jee-2023-03\eclipse\plugins\org.eclipse.m2e.maven.runtime_3.8.701.20230209-1606\jars\plexus-build-api-0.0.7.jar
2024-04-27 01:03:43,173 [Worker-43: Launching mavenrun-f8e87d45-61ff-4a6d-bcd7-5d2e01d41376] INFO  o.eclipse.m2e.core.internal.Bundles - 	Entry: C:\Users\satyaprakashsh\Downloads\eclipse-jee-2023-03 (1)\eclipse-jee-2023-03\eclipse\plugins\org.eclipse.m2e.maven.runtime_3.8.701.20230209-1606\jars\plexus-cipher-2.0.jar
2024-04-27 01:03:43,173 [Worker-43: Launching mavenrun-f8e87d45-61ff-4a6d-bcd7-5d2e01d41376] INFO  o.eclipse.m2e.core.internal.Bundles - 	Entry: C:\Users\satyaprakashsh\Downloads\eclipse-jee-2023-03 (1)\eclipse-jee-2023-03\eclipse\plugins\org.eclipse.m2e.maven.runtime_3.8.701.20230209-1606\jars\plexus-classworlds-2.6.0.jar
2024-04-27 01:03:43,173 [Worker-43: Launching mavenrun-f8e87d45-61ff-4a6d-bcd7-5d2e01d41376] INFO  o.eclipse.m2e.core.internal.Bundles - 	Entry: C:\Users\satyaprakashsh\Downloads\eclipse-jee-2023-03 (1)\eclipse-jee-2023-03\eclipse\plugins\org.eclipse.m2e.maven.runtime_3.8.701.20230209-1606\jars\plexus-component-annotations-2.1.0.jar
2024-04-27 01:03:43,173 [Worker-43: Launching mavenrun-f8e87d45-61ff-4a6d-bcd7-5d2e01d41376] INFO  o.eclipse.m2e.core.internal.Bundles - 	Entry: C:\Users\satyaprakashsh\Downloads\eclipse-jee-2023-03 (1)\eclipse-jee-2023-03\eclipse\plugins\org.eclipse.m2e.maven.runtime_3.8.701.20230209-1606\jars\plexus-interpolation-1.26.jar
2024-04-27 01:03:43,173 [Worker-43: Launching mavenrun-f8e87d45-61ff-4a6d-bcd7-5d2e01d41376] INFO  o.eclipse.m2e.core.internal.Bundles - 	Entry: C:\Users\satyaprakashsh\Downloads\eclipse-jee-2023-03 (1)\eclipse-jee-2023-03\eclipse\plugins\org.eclipse.m2e.maven.runtime_3.8.701.20230209-1606\jars\plexus-sec-dispatcher-2.0.jar
2024-04-27 01:03:43,173 [Worker-43: Launching mavenrun-f8e87d45-61ff-4a6d-bcd7-5d2e01d41376] INFO  o.eclipse.m2e.core.internal.Bundles - 	Entry: C:\Users\satyaprakashsh\Downloads\eclipse-jee-2023-03 (1)\eclipse-jee-2023-03\eclipse\plugins\org.eclipse.m2e.maven.runtime_3.8.701.20230209-1606\jars\plexus-utils-3.3.1.jar
2024-04-27 01:03:43,174 [Worker-43: Launching mavenrun-f8e87d45-61ff-4a6d-bcd7-5d2e01d41376] INFO  o.eclipse.m2e.core.internal.Bundles - 	Entry: C:\Users\satyaprakashsh\Downloads\eclipse-jee-2023-03 (1)\eclipse-jee-2023-03\eclipse\plugins\org.eclipse.m2e.maven.runtime_3.8.701.20230209-1606\jars\wagon-file-3.5.3.jar
2024-04-27 01:03:43,174 [Worker-43: Launching mavenrun-f8e87d45-61ff-4a6d-bcd7-5d2e01d41376] INFO  o.eclipse.m2e.core.internal.Bundles - 	Entry: C:\Users\satyaprakashsh\Downloads\eclipse-jee-2023-03 (1)\eclipse-jee-2023-03\eclipse\plugins\org.eclipse.m2e.maven.runtime_3.8.701.20230209-1606\jars\wagon-provider-api-3.5.3.jar
2024-04-27 01:03:43,176 [Worker-43: Launching mavenrun-f8e87d45-61ff-4a6d-bcd7-5d2e01d41376] INFO  o.eclipse.m2e.core.internal.Bundles - getClasspathEntries(Bundle=com.google.guava_31.1.0.jre [11])
2024-04-27 01:03:43,177 [Worker-43: Launching mavenrun-f8e87d45-61ff-4a6d-bcd7-5d2e01d41376] INFO  o.eclipse.m2e.core.internal.Bundles - 	Entry: C:\Users\satyaprakashsh\Downloads\eclipse-jee-2023-03 (1)\eclipse-jee-2023-03\eclipse\plugins\com.google.guava_31.1.0.jre.jar
2024-04-27 01:03:43,177 [Worker-43: Launching mavenrun-f8e87d45-61ff-4a6d-bcd7-5d2e01d41376] INFO  o.eclipse.m2e.core.internal.Bundles - getClasspathEntries(Bundle=slf4j.api_1.7.36 [924])
2024-04-27 01:03:43,179 [Worker-43: Launching mavenrun-f8e87d45-61ff-4a6d-bcd7-5d2e01d41376] INFO  o.eclipse.m2e.core.internal.Bundles - 	Entry: C:\Users\satyaprakashsh\Downloads\eclipse-jee-2023-03 (1)\eclipse-jee-2023-03\eclipse\plugins\slf4j.api_1.7.36.jar
2024-04-27 01:03:43,180 [Worker-43: Launching mavenrun-f8e87d45-61ff-4a6d-bcd7-5d2e01d41376] INFO  o.eclipse.m2e.core.internal.Bundles - getClasspathEntries(Bundle=javax.inject_1.0.0.v20220405-0441 [35])
2024-04-27 01:03:43,181 [Worker-43: Launching mavenrun-f8e87d45-61ff-4a6d-bcd7-5d2e01d41376] INFO  o.eclipse.m2e.core.internal.Bundles - 	Entry: C:\Users\satyaprakashsh\Downloads\eclipse-jee-2023-03 (1)\eclipse-jee-2023-03\eclipse\plugins\javax.inject_1.0.0.v20220405-0441.jar
2024-04-27 01:03:43,182 [Worker-43: Launching mavenrun-f8e87d45-61ff-4a6d-bcd7-5d2e01d41376] INFO  o.eclipse.m2e.core.internal.Bundles - getClasspathEntries(Bundle=javax.annotation_1.3.5.v20221203-1659 [33])
2024-04-27 01:03:43,184 [Worker-43: Launching mavenrun-f8e87d45-61ff-4a6d-bcd7-5d2e01d41376] INFO  o.eclipse.m2e.core.internal.Bundles - 	Entry: C:\Users\satyaprakashsh\Downloads\eclipse-jee-2023-03 (1)\eclipse-jee-2023-03\eclipse\plugins\javax.annotation_1.3.5.v20221203-1659.jar
2024-04-27 01:03:43,184 [Worker-43: Launching mavenrun-f8e87d45-61ff-4a6d-bcd7-5d2e01d41376] INFO  o.eclipse.m2e.core.internal.Bundles - getClasspathEntries(Bundle=org.apache.commons.cli_1.4.0.v20221112-0806 [67])
2024-04-27 01:03:43,185 [Worker-43: Launching mavenrun-f8e87d45-61ff-4a6d-bcd7-5d2e01d41376] INFO  o.eclipse.m2e.core.internal.Bundles - 	Entry: C:\Users\satyaprakashsh\Downloads\eclipse-jee-2023-03 (1)\eclipse-jee-2023-03\eclipse\plugins\org.apache.commons.cli_1.4.0.v20221112-0806.jar
2024-04-27 01:03:43,185 [Worker-43: Launching mavenrun-f8e87d45-61ff-4a6d-bcd7-5d2e01d41376] INFO  o.eclipse.m2e.core.internal.Bundles - getClasspathEntries(Bundle=com.google.guava.failureaccess_1.0.1 [13])
2024-04-27 01:03:43,187 [Worker-43: Launching mavenrun-f8e87d45-61ff-4a6d-bcd7-5d2e01d41376] INFO  o.eclipse.m2e.core.internal.Bundles - 	Entry: C:\Users\satyaprakashsh\Downloads\eclipse-jee-2023-03 (1)\eclipse-jee-2023-03\eclipse\plugins\com.google.guava.failureaccess_1.0.1.jar
2024-04-27 01:03:43,193 [Worker-43: Launching mavenrun-f8e87d45-61ff-4a6d-bcd7-5d2e01d41376] INFO  o.e.m.i.launch.MavenLaunchDelegate - Run build in "C:\Users\SATYAP~1\AppData\Local\Temp\m2e-archetypeGenerator6998655523525667466":
2024-04-27 01:03:43,198 [Worker-43: Launching mavenrun-f8e87d45-61ff-4a6d-bcd7-5d2e01d41376] INFO  o.e.m.i.launch.MavenLaunchDelegate -  mvn  -DarchetypeGroupId=org.glassfish.jersey.archetypes -DarchetypeArtifactId=jersey-quickstart-webapp -DarchetypeVersion=4.0.0-M1 -DgroupId=infinite -DartifactId=EJBHospitalSystemClient -Dversion=0.0.1-SNAPSHOT -Dpackage=com.java.ejb -DoutputDirectory=D:\EjbPractice4-27-2024 -Dstyle.color=always -U archetype:generate
2024-04-27 01:04:02,179 [Worker-42: Creating jersey-quickstart-webapp] INFO  o.e.m.c.i.p.ProjectConfigurationManager - Collecting project info '/pom.xml' D:\EjbPractice4-27-2024\EJBHospitalSystemClient\pom.xml
2024-04-27 01:04:06,724 [Worker-42: Creating jersey-quickstart-webapp] INFO  o.e.m.c.i.l.LifecycleMappingFactory - Using org.maven.ide.eclipse.wtp.WarLifecycleMapping lifecycle mapping for MavenProject: infinite:EJBHospitalSystemClient:0.0.1-SNAPSHOT @ D:\EjbPractice4-27-2024\EJBHospitalSystemClient\pom.xml.
2024-04-27 01:04:10,303 [Worker-42: Creating jersey-quickstart-webapp] INFO  o.e.m.j.i.AbstractJavaProjectConfigurator - Adding source folder /EJBHospitalSystemClient/src/main/java
2024-04-27 01:04:10,305 [Worker-42: Creating jersey-quickstart-webapp] INFO  o.e.m.j.i.AbstractJavaProjectConfigurator - Adding resource folder /EJBHospitalSystemClient/src/main/resources
2024-04-27 01:04:10,338 [Worker-42: Creating jersey-quickstart-webapp] INFO  o.e.m.j.i.AbstractJavaProjectConfigurator - Adding source folder /EJBHospitalSystemClient/src/test/java
2024-04-27 01:04:11,802 [Worker-42: Creating jersey-quickstart-webapp] INFO  o.e.m.c.i.embedder.EclipseLogger - Using 'UTF-8' encoding to copy filtered resources.
2024-04-27 01:04:11,806 [Worker-42: Creating jersey-quickstart-webapp] INFO  o.e.m.c.i.embedder.EclipseLogger - Copying 0 resource
2024-04-27 01:04:11,809 [Worker-42: Creating jersey-quickstart-webapp] INFO  o.e.m.c.i.embedder.EclipseLogger - Using 'UTF-8' encoding to copy filtered resources.
2024-04-27 01:04:11,809 [Worker-42: Creating jersey-quickstart-webapp] INFO  o.e.m.c.i.embedder.EclipseLogger - skip non existing resourceDirectory D:\EjbPractice4-27-2024\EJBHospitalSystemClient\src\test\resources
2024-04-27 01:04:12,638 [Worker-42: Creating jersey-quickstart-webapp] INFO  o.e.m.c.i.p.ProjectConfigurationManager - Imported and configured 1 project(s) in 10 sec
2024-04-27 01:04:13,252 [Worker-42: Building] INFO  o.e.m.c.i.embedder.EclipseLogger - Using 'UTF-8' encoding to copy filtered resources.
2024-04-27 01:04:13,256 [Worker-42: Building] INFO  o.e.m.c.i.embedder.EclipseLogger - Copying 0 resource
2024-04-27 01:04:13,259 [Worker-42: Building] INFO  o.e.m.c.i.embedder.EclipseLogger - Using 'UTF-8' encoding to copy filtered resources.
2024-04-27 01:04:13,260 [Worker-42: Building] INFO  o.e.m.c.i.embedder.EclipseLogger - skip non existing resourceDirectory D:\EjbPractice4-27-2024\EJBHospitalSystemClient\src\test\resources
2024-04-27 01:05:04,801 [Worker-48: Building] INFO  o.e.m.c.i.l.LifecycleMappingFactory - Using org.maven.ide.eclipse.wtp.WarLifecycleMapping lifecycle mapping for MavenProject: infinite:EJBHospitalSystemClient:0.0.1-SNAPSHOT @ D:\EjbPractice4-27-2024\EJBHospitalSystemClient\pom.xml.
2024-04-27 01:05:14,330 [Worker-48: Building] INFO  o.e.m.c.i.embedder.EclipseLogger - Using 'UTF-8' encoding to copy filtered resources.
2024-04-27 01:05:14,332 [Worker-48: Building] INFO  o.e.m.c.i.embedder.EclipseLogger - Copying 0 resource
2024-04-27 01:05:14,336 [Worker-48: Building] INFO  o.e.m.c.i.embedder.EclipseLogger - Using 'UTF-8' encoding to copy filtered resources.
2024-04-27 01:05:14,337 [Worker-48: Building] INFO  o.e.m.c.i.embedder.EclipseLogger - skip non existing resourceDirectory D:\EjbPractice4-27-2024\EJBHospitalSystemClient\src\test\resources
2024-04-27 01:05:14,338 [Worker-48: Building] INFO  o.e.m.w.i.f.ResourceFilteringBuildParticipant - Changed resources require a complete clean of filtered resources of EJBHospitalSystemClient
2024-04-27 01:05:14,340 [Worker-48: Building] INFO  o.e.m.w.i.f.ResourceFilteringBuildParticipant - Executing resource filtering for EJBHospitalSystemClient
2024-04-27 01:06:05,102 [Worker-42: Building] INFO  o.e.m.c.i.embedder.EclipseLogger - Using 'UTF-8' encoding to copy filtered resources.
2024-04-27 01:06:05,102 [Worker-42: Building] INFO  o.e.m.c.i.embedder.EclipseLogger - Copying 0 resource
2024-04-27 01:06:05,105 [Worker-42: Building] INFO  o.e.m.c.i.embedder.EclipseLogger - Using 'UTF-8' encoding to copy filtered resources.
2024-04-27 01:06:05,105 [Worker-42: Building] INFO  o.e.m.c.i.embedder.EclipseLogger - skip non existing resourceDirectory D:\EjbPractice4-27-2024\EJBHospitalSystemClient\src\test\resources
2024-04-27 01:06:42,864 [Worker-44: Building] INFO  o.e.m.c.i.embedder.EclipseLogger - Using 'UTF-8' encoding to copy filtered resources.
2024-04-27 01:06:42,864 [Worker-44: Building] INFO  o.e.m.c.i.embedder.EclipseLogger - Copying 0 resource
2024-04-27 01:06:42,866 [Worker-44: Building] INFO  o.e.m.c.i.embedder.EclipseLogger - Using 'UTF-8' encoding to copy filtered resources.
2024-04-27 01:06:42,866 [Worker-44: Building] INFO  o.e.m.c.i.embedder.EclipseLogger - skip non existing resourceDirectory D:\EjbPractice4-27-2024\EJBHospitalSystemClient\src\test\resources
2024-04-27 01:06:57,098 [Worker-49: Building] INFO  o.e.m.c.i.embedder.EclipseLogger - Using 'UTF-8' encoding to copy filtered resources.
2024-04-27 01:06:57,098 [Worker-49: Building] INFO  o.e.m.c.i.embedder.EclipseLogger - Copying 0 resource
2024-04-27 01:06:57,099 [Worker-49: Building] INFO  o.e.m.c.i.embedder.EclipseLogger - Using 'UTF-8' encoding to copy filtered resources.
2024-04-27 01:06:57,099 [Worker-49: Building] INFO  o.e.m.c.i.embedder.EclipseLogger - skip non existing resourceDirectory D:\EjbPractice4-27-2024\EJBHospitalSystemClient\src\test\resources
2024-04-27 01:07:02,382 [Worker-50: Building] INFO  o.e.m.c.i.embedder.EclipseLogger - Using 'UTF-8' encoding to copy filtered resources.
2024-04-27 01:07:02,383 [Worker-50: Building] INFO  o.e.m.c.i.embedder.EclipseLogger - Copying 0 resource
2024-04-27 01:07:02,384 [Worker-50: Building] INFO  o.e.m.c.i.embedder.EclipseLogger - Using 'UTF-8' encoding to copy filtered resources.
2024-04-27 01:07:02,384 [Worker-50: Building] INFO  o.e.m.c.i.embedder.EclipseLogger - skip non existing resourceDirectory D:\EjbPractice4-27-2024\EJBHospitalSystemClient\src\test\resources
2024-04-27 01:07:16,162 [Worker-51: Building] INFO  o.e.m.c.i.embedder.EclipseLogger - Using 'UTF-8' encoding to copy filtered resources.
2024-04-27 01:07:16,163 [Worker-51: Building] INFO  o.e.m.c.i.embedder.EclipseLogger - Copying 0 resource
2024-04-27 01:07:16,168 [Worker-51: Building] INFO  o.e.m.c.i.embedder.EclipseLogger - Using 'UTF-8' encoding to copy filtered resources.
2024-04-27 01:07:16,169 [Worker-51: Building] INFO  o.e.m.c.i.embedder.EclipseLogger - skip non existing resourceDirectory D:\EjbPractice4-27-2024\EJBHospitalSystemClient\src\test\resources
2024-04-27 01:07:28,063 [Worker-50: Building] INFO  o.e.m.c.i.embedder.EclipseLogger - Using 'UTF-8' encoding to copy filtered resources.
2024-04-27 01:07:28,064 [Worker-50: Building] INFO  o.e.m.c.i.embedder.EclipseLogger - Copying 0 resource
2024-04-27 01:07:28,066 [Worker-50: Building] INFO  o.e.m.c.i.embedder.EclipseLogger - Using 'UTF-8' encoding to copy filtered resources.
2024-04-27 01:07:28,067 [Worker-50: Building] INFO  o.e.m.c.i.embedder.EclipseLogger - skip non existing resourceDirectory D:\EjbPractice4-27-2024\EJBHospitalSystemClient\src\test\resources
2024-04-27 01:07:40,788 [Worker-43: Building] INFO  o.e.m.c.i.embedder.EclipseLogger - Using 'UTF-8' encoding to copy filtered resources.
2024-04-27 01:07:40,789 [Worker-43: Building] INFO  o.e.m.c.i.embedder.EclipseLogger - Copying 0 resource
2024-04-27 01:07:40,795 [Worker-43: Building] INFO  o.e.m.c.i.embedder.EclipseLogger - Using 'UTF-8' encoding to copy filtered resources.
2024-04-27 01:07:40,795 [Worker-43: Building] INFO  o.e.m.c.i.embedder.EclipseLogger - skip non existing resourceDirectory D:\EjbPractice4-27-2024\EJBHospitalSystemClient\src\test\resources
2024-04-27 01:07:54,099 [Worker-51: Building] INFO  o.e.m.c.i.embedder.EclipseLogger - Using 'UTF-8' encoding to copy filtered resources.
2024-04-27 01:07:54,100 [Worker-51: Building] INFO  o.e.m.c.i.embedder.EclipseLogger - Copying 0 resource
2024-04-27 01:07:54,104 [Worker-51: Building] INFO  o.e.m.c.i.embedder.EclipseLogger - Using 'UTF-8' encoding to copy filtered resources.
2024-04-27 01:07:54,104 [Worker-51: Building] INFO  o.e.m.c.i.embedder.EclipseLogger - skip non existing resourceDirectory D:\EjbPractice4-27-2024\EJBHospitalSystemClient\src\test\resources
2024-04-27 01:08:43,697 [Worker-51: Building] INFO  o.e.m.c.i.embedder.EclipseLogger - Using 'UTF-8' encoding to copy filtered resources.
2024-04-27 01:08:43,697 [Worker-51: Building] INFO  o.e.m.c.i.embedder.EclipseLogger - Copying 0 resource
2024-04-27 01:08:43,698 [Worker-51: Building] INFO  o.e.m.c.i.embedder.EclipseLogger - Using 'UTF-8' encoding to copy filtered resources.
2024-04-27 01:08:43,698 [Worker-51: Building] INFO  o.e.m.c.i.embedder.EclipseLogger - skip non existing resourceDirectory D:\EjbPractice4-27-2024\EJBHospitalSystemClient\src\test\resources
2024-04-27 01:09:11,403 [Worker-43: Building] INFO  o.e.m.c.i.embedder.EclipseLogger - Using 'UTF-8' encoding to copy filtered resources.
2024-04-27 01:09:11,403 [Worker-43: Building] INFO  o.e.m.c.i.embedder.EclipseLogger - Copying 0 resource
2024-04-27 01:09:11,406 [Worker-43: Building] INFO  o.e.m.c.i.embedder.EclipseLogger - Using 'UTF-8' encoding to copy filtered resources.
2024-04-27 01:09:11,407 [Worker-43: Building] INFO  o.e.m.c.i.embedder.EclipseLogger - skip non existing resourceDirectory D:\EjbPractice4-27-2024\EJBHospitalSystemClient\src\test\resources
2024-04-27 01:09:15,523 [Worker-48: Building] INFO  o.e.m.c.i.embedder.EclipseLogger - Using 'UTF-8' encoding to copy filtered resources.
2024-04-27 01:09:15,523 [Worker-48: Building] INFO  o.e.m.c.i.embedder.EclipseLogger - Copying 0 resource
2024-04-27 01:09:15,525 [Worker-48: Building] INFO  o.e.m.c.i.embedder.EclipseLogger - Using 'UTF-8' encoding to copy filtered resources.
2024-04-27 01:09:15,525 [Worker-48: Building] INFO  o.e.m.c.i.embedder.EclipseLogger - skip non existing resourceDirectory D:\EjbPractice4-27-2024\EJBHospitalSystemClient\src\test\resources
2024-04-27 01:14:38,484 [Worker-58: Building] INFO  o.e.m.c.i.embedder.EclipseLogger - Using 'UTF-8' encoding to copy filtered resources.
2024-04-27 01:14:38,484 [Worker-58: Building] INFO  o.e.m.c.i.embedder.EclipseLogger - Copying 0 resource
2024-04-27 01:14:38,486 [Worker-58: Building] INFO  o.e.m.c.i.embedder.EclipseLogger - Using 'UTF-8' encoding to copy filtered resources.
2024-04-27 01:14:38,486 [Worker-58: Building] INFO  o.e.m.c.i.embedder.EclipseLogger - skip non existing resourceDirectory D:\EjbPractice4-27-2024\EJBHospitalSystemClient\src\test\resources
2024-04-27 01:14:49,669 [Worker-59: Building] INFO  o.e.m.c.i.embedder.EclipseLogger - Using 'UTF-8' encoding to copy filtered resources.
2024-04-27 01:14:49,669 [Worker-59: Building] INFO  o.e.m.c.i.embedder.EclipseLogger - Copying 0 resource
2024-04-27 01:14:49,671 [Worker-59: Building] INFO  o.e.m.c.i.embedder.EclipseLogger - Using 'UTF-8' encoding to copy filtered resources.
2024-04-27 01:14:49,671 [Worker-59: Building] INFO  o.e.m.c.i.embedder.EclipseLogger - skip non existing resourceDirectory D:\EjbPractice4-27-2024\EJBHospitalSystemClient\src\test\resources
2024-04-27 01:15:00,804 [Worker-55: Updating Maven Project] INFO  o.e.m.c.i.p.ProjectConfigurationManager - Update started
2024-04-27 01:15:06,880 [Worker-55: Updating Maven Project] INFO  o.e.m.c.i.l.LifecycleMappingFactory - Using org.maven.ide.eclipse.wtp.WarLifecycleMapping lifecycle mapping for MavenProject: infinite:EJBHospitalSystemClient:0.0.1-SNAPSHOT @ D:\EjbPractice4-27-2024\EJBHospitalSystemClient\pom.xml.
2024-04-27 01:15:19,316 [Worker-55: Updating Maven Project] INFO  o.e.m.j.i.AbstractJavaProjectConfigurator - Adding source folder /EJBHospitalSystemClient/src/main/java
2024-04-27 01:15:19,316 [Worker-55: Updating Maven Project] INFO  o.e.m.j.i.AbstractJavaProjectConfigurator - Adding resource folder /EJBHospitalSystemClient/src/main/resources
2024-04-27 01:15:19,329 [Worker-55: Updating Maven Project] INFO  o.e.m.j.i.AbstractJavaProjectConfigurator - Adding source folder /EJBHospitalSystemClient/src/test/java
2024-04-27 01:15:20,508 [Worker-55: Updating Maven Project] INFO  o.e.m.c.i.embedder.EclipseLogger - Using 'UTF-8' encoding to copy filtered resources.
2024-04-27 01:15:20,509 [Worker-55: Updating Maven Project] INFO  o.e.m.c.i.embedder.EclipseLogger - Copying 0 resource
2024-04-27 01:15:20,512 [Worker-55: Updating Maven Project] INFO  o.e.m.c.i.embedder.EclipseLogger - Using 'UTF-8' encoding to copy filtered resources.
2024-04-27 01:15:20,512 [Worker-55: Updating Maven Project] INFO  o.e.m.c.i.embedder.EclipseLogger - skip non existing resourceDirectory D:\EjbPractice4-27-2024\EJBHospitalSystemClient\src\test\resources
2024-04-27 01:15:20,512 [Worker-55: Updating Maven Project] INFO  o.e.m.w.i.f.ResourceFilteringBuildParticipant - Changed resources require a complete clean of filtered resources of EJBHospitalSystemClient
2024-04-27 01:15:20,512 [Worker-55: Updating Maven Project] INFO  o.e.m.w.i.f.ResourceFilteringBuildParticipant - Executing resource filtering for EJBHospitalSystemClient
2024-04-27 01:15:22,203 [Worker-55: Updating Maven Project] INFO  o.e.m.w.i.f.ResourceFilteringBuildParticipant - Cleaning filtered folder for EJBHospitalSystemClient
2024-04-27 01:15:22,274 [Worker-55: Updating Maven Project] INFO  o.e.m.c.i.p.ProjectConfigurationManager - Update completed for 1 poms: local refresh takes 0.00 sec, refresh facades takes 16.00 sec, update config takes 4.00 sec 
2024-04-27 01:15:25,858 [Worker-58: Building] INFO  o.e.m.c.i.embedder.EclipseLogger - Using 'UTF-8' encoding to copy filtered resources.
2024-04-27 01:15:25,859 [Worker-58: Building] INFO  o.e.m.c.i.embedder.EclipseLogger - Copying 0 resource
2024-04-27 01:15:25,861 [Worker-58: Building] INFO  o.e.m.c.i.embedder.EclipseLogger - Using 'UTF-8' encoding to copy filtered resources.
2024-04-27 01:15:25,861 [Worker-58: Building] INFO  o.e.m.c.i.embedder.EclipseLogger - skip non existing resourceDirectory D:\EjbPractice4-27-2024\EJBHospitalSystemClient\src\test\resources
2024-04-27 01:15:25,861 [Worker-58: Building] INFO  o.e.m.w.i.f.ResourceFilteringBuildParticipant - Changed resources require a complete clean of filtered resources of EJBHospitalSystemClient
2024-04-27 01:15:25,861 [Worker-58: Building] INFO  o.e.m.w.i.f.ResourceFilteringBuildParticipant - Executing resource filtering for EJBHospitalSystemClient
2024-04-27 18:43:20,506 [Worker-61: Building] INFO  o.e.m.c.i.embedder.EclipseLogger - Using 'UTF-8' encoding to copy filtered resources.
2024-04-27 18:43:20,507 [Worker-61: Building] INFO  o.e.m.c.i.embedder.EclipseLogger - Copying 0 resource
2024-04-27 18:43:20,508 [Worker-61: Building] INFO  o.e.m.c.i.embedder.EclipseLogger - Using 'UTF-8' encoding to copy filtered resources.
2024-04-27 18:43:20,509 [Worker-61: Building] INFO  o.e.m.c.i.embedder.EclipseLogger - skip non existing resourceDirectory D:\EjbPractice4-27-2024\EJBHospitalSystemClient\src\test\resources
2024-04-27 18:44:01,009 [Worker-62: Building] INFO  o.e.m.c.i.embedder.EclipseLogger - Using 'UTF-8' encoding to copy filtered resources.
2024-04-27 18:44:01,010 [Worker-62: Building] INFO  o.e.m.c.i.embedder.EclipseLogger - Copying 0 resource
2024-04-27 18:44:01,011 [Worker-62: Building] INFO  o.e.m.c.i.embedder.EclipseLogger - Using 'UTF-8' encoding to copy filtered resources.
2024-04-27 18:44:01,011 [Worker-62: Building] INFO  o.e.m.c.i.embedder.EclipseLogger - skip non existing resourceDirectory D:\EjbPractice4-27-2024\EJBHospitalSystemClient\src\test\resources
2024-04-27 18:44:27,976 [Worker-60: Building] INFO  o.e.m.c.i.embedder.EclipseLogger - Using 'UTF-8' encoding to copy filtered resources.
2024-04-27 18:44:27,977 [Worker-60: Building] INFO  o.e.m.c.i.embedder.EclipseLogger - Copying 0 resource
2024-04-27 18:44:27,979 [Worker-60: Building] INFO  o.e.m.c.i.embedder.EclipseLogger - Using 'UTF-8' encoding to copy filtered resources.
2024-04-27 18:44:27,979 [Worker-60: Building] INFO  o.e.m.c.i.embedder.EclipseLogger - skip non existing resourceDirectory D:\EjbPractice4-27-2024\EJBHospitalSystemClient\src\test\resources
2024-04-27 18:44:53,536 [Worker-59: Building] INFO  o.e.m.c.i.embedder.EclipseLogger - Using 'UTF-8' encoding to copy filtered resources.
2024-04-27 18:44:53,536 [Worker-59: Building] INFO  o.e.m.c.i.embedder.EclipseLogger - Copying 0 resource
2024-04-27 18:44:53,538 [Worker-59: Building] INFO  o.e.m.c.i.embedder.EclipseLogger - Using 'UTF-8' encoding to copy filtered resources.
2024-04-27 18:44:53,538 [Worker-59: Building] INFO  o.e.m.c.i.embedder.EclipseLogger - skip non existing resourceDirectory D:\EjbPractice4-27-2024\EJBHospitalSystemClient\src\test\resources
2024-04-27 18:45:14,379 [Worker-61: Building] INFO  o.e.m.c.i.embedder.EclipseLogger - Using 'UTF-8' encoding to copy filtered resources.
2024-04-27 18:45:14,380 [Worker-61: Building] INFO  o.e.m.c.i.embedder.EclipseLogger - Copying 0 resource
2024-04-27 18:45:14,383 [Worker-61: Building] INFO  o.e.m.c.i.embedder.EclipseLogger - Using 'UTF-8' encoding to copy filtered resources.
2024-04-27 18:45:14,383 [Worker-61: Building] INFO  o.e.m.c.i.embedder.EclipseLogger - skip non existing resourceDirectory D:\EjbPractice4-27-2024\EJBHospitalSystemClient\src\test\resources
2024-04-27 18:47:14,049 [Worker-61: Building] INFO  o.e.m.c.i.embedder.EclipseLogger - Using 'UTF-8' encoding to copy filtered resources.
2024-04-27 18:47:14,050 [Worker-61: Building] INFO  o.e.m.c.i.embedder.EclipseLogger - Copying 0 resource
2024-04-27 18:47:14,052 [Worker-61: Building] INFO  o.e.m.c.i.embedder.EclipseLogger - Using 'UTF-8' encoding to copy filtered resources.
2024-04-27 18:47:14,052 [Worker-61: Building] INFO  o.e.m.c.i.embedder.EclipseLogger - skip non existing resourceDirectory D:\EjbPractice4-27-2024\EJBHospitalSystemClient\src\test\resources
2024-04-27 18:48:36,736 [Worker-64: Building] INFO  o.e.m.c.i.embedder.EclipseLogger - Using 'UTF-8' encoding to copy filtered resources.
2024-04-27 18:48:36,737 [Worker-64: Building] INFO  o.e.m.c.i.embedder.EclipseLogger - Copying 0 resource
2024-04-27 18:48:36,739 [Worker-64: Building] INFO  o.e.m.c.i.embedder.EclipseLogger - Using 'UTF-8' encoding to copy filtered resources.
2024-04-27 18:48:36,739 [Worker-64: Building] INFO  o.e.m.c.i.embedder.EclipseLogger - skip non existing resourceDirectory D:\EjbPractice4-27-2024\EJBHospitalSystemClient\src\test\resources
2024-04-27 18:48:45,612 [Worker-59: Building] INFO  o.e.m.c.i.embedder.EclipseLogger - Using 'UTF-8' encoding to copy filtered resources.
2024-04-27 18:48:45,612 [Worker-59: Building] INFO  o.e.m.c.i.embedder.EclipseLogger - Copying 0 resource
2024-04-27 18:48:45,613 [Worker-59: Building] INFO  o.e.m.c.i.embedder.EclipseLogger - Using 'UTF-8' encoding to copy filtered resources.
2024-04-27 18:48:45,613 [Worker-59: Building] INFO  o.e.m.c.i.embedder.EclipseLogger - skip non existing resourceDirectory D:\EjbPractice4-27-2024\EJBHospitalSystemClient\src\test\resources
2024-04-27 18:49:23,294 [Worker-61: Building] INFO  o.e.m.c.i.embedder.EclipseLogger - Using 'UTF-8' encoding to copy filtered resources.
2024-04-27 18:49:23,294 [Worker-61: Building] INFO  o.e.m.c.i.embedder.EclipseLogger - Copying 0 resource
2024-04-27 18:49:23,295 [Worker-61: Building] INFO  o.e.m.c.i.embedder.EclipseLogger - Using 'UTF-8' encoding to copy filtered resources.
2024-04-27 18:49:23,296 [Worker-61: Building] INFO  o.e.m.c.i.embedder.EclipseLogger - skip non existing resourceDirectory D:\EjbPractice4-27-2024\EJBHospitalSystemClient\src\test\resources
2024-04-27 18:49:30,969 [Worker-63: Building] INFO  o.e.m.c.i.embedder.EclipseLogger - Using 'UTF-8' encoding to copy filtered resources.
2024-04-27 18:49:30,969 [Worker-63: Building] INFO  o.e.m.c.i.embedder.EclipseLogger - Copying 0 resource
2024-04-27 18:49:30,970 [Worker-63: Building] INFO  o.e.m.c.i.embedder.EclipseLogger - Using 'UTF-8' encoding to copy filtered resources.
2024-04-27 18:49:30,970 [Worker-63: Building] INFO  o.e.m.c.i.embedder.EclipseLogger - skip non existing resourceDirectory D:\EjbPractice4-27-2024\EJBHospitalSystemClient\src\test\resources
2024-04-27 18:49:55,576 [Worker-61: Building] INFO  o.e.m.c.i.embedder.EclipseLogger - Using 'UTF-8' encoding to copy filtered resources.
2024-04-27 18:49:55,576 [Worker-61: Building] INFO  o.e.m.c.i.embedder.EclipseLogger - Copying 0 resource
2024-04-27 18:49:55,578 [Worker-61: Building] INFO  o.e.m.c.i.embedder.EclipseLogger - Using 'UTF-8' encoding to copy filtered resources.
2024-04-27 18:49:55,579 [Worker-61: Building] INFO  o.e.m.c.i.embedder.EclipseLogger - skip non existing resourceDirectory D:\EjbPractice4-27-2024\EJBHospitalSystemClient\src\test\resources
2024-04-27 18:51:26,638 [Worker-61: Building] INFO  o.e.m.c.i.embedder.EclipseLogger - Using 'UTF-8' encoding to copy filtered resources.
2024-04-27 18:51:26,638 [Worker-61: Building] INFO  o.e.m.c.i.embedder.EclipseLogger - Copying 0 resource
2024-04-27 18:51:26,639 [Worker-61: Building] INFO  o.e.m.c.i.embedder.EclipseLogger - Using 'UTF-8' encoding to copy filtered resources.
2024-04-27 18:51:26,639 [Worker-61: Building] INFO  o.e.m.c.i.embedder.EclipseLogger - skip non existing resourceDirectory D:\EjbPractice4-27-2024\EJBHospitalSystemClient\src\test\resources
2024-04-27 19:00:16,310 [Worker-65: Building] INFO  o.e.m.c.i.embedder.EclipseLogger - Using 'UTF-8' encoding to copy filtered resources.
2024-04-27 19:00:16,310 [Worker-65: Building] INFO  o.e.m.c.i.embedder.EclipseLogger - Copying 0 resource
2024-04-27 19:00:16,312 [Worker-65: Building] INFO  o.e.m.c.i.embedder.EclipseLogger - Using 'UTF-8' encoding to copy filtered resources.
2024-04-27 19:00:16,312 [Worker-65: Building] INFO  o.e.m.c.i.embedder.EclipseLogger - skip non existing resourceDirectory D:\EjbPractice4-27-2024\EJBHospitalSystemClient\src\test\resources
2024-04-27 19:00:42,220 [Worker-71: Building] INFO  o.e.m.c.i.embedder.EclipseLogger - Using 'UTF-8' encoding to copy filtered resources.
2024-04-27 19:00:42,221 [Worker-71: Building] INFO  o.e.m.c.i.embedder.EclipseLogger - Copying 0 resource
2024-04-27 19:00:42,223 [Worker-71: Building] INFO  o.e.m.c.i.embedder.EclipseLogger - Using 'UTF-8' encoding to copy filtered resources.
2024-04-27 19:00:42,223 [Worker-71: Building] INFO  o.e.m.c.i.embedder.EclipseLogger - skip non existing resourceDirectory D:\EjbPractice4-27-2024\EJBHospitalSystemClient\src\test\resources
2024-04-27 19:01:00,163 [Worker-72: Building] INFO  o.e.m.c.i.embedder.EclipseLogger - Using 'UTF-8' encoding to copy filtered resources.
2024-04-27 19:01:00,164 [Worker-72: Building] INFO  o.e.m.c.i.embedder.EclipseLogger - Copying 0 resource
2024-04-27 19:01:00,165 [Worker-72: Building] INFO  o.e.m.c.i.embedder.EclipseLogger - Using 'UTF-8' encoding to copy filtered resources.
2024-04-27 19:01:00,165 [Worker-72: Building] INFO  o.e.m.c.i.embedder.EclipseLogger - skip non existing resourceDirectory D:\EjbPractice4-27-2024\EJBHospitalSystemClient\src\test\resources
2024-04-27 19:02:33,830 [Worker-72: Building] INFO  o.e.m.c.i.embedder.EclipseLogger - Using 'UTF-8' encoding to copy filtered resources.
2024-04-27 19:02:33,831 [Worker-72: Building] INFO  o.e.m.c.i.embedder.EclipseLogger - Copying 0 resource
2024-04-27 19:02:33,832 [Worker-72: Building] INFO  o.e.m.c.i.embedder.EclipseLogger - Using 'UTF-8' encoding to copy filtered resources.
2024-04-27 19:02:33,832 [Worker-72: Building] INFO  o.e.m.c.i.embedder.EclipseLogger - skip non existing resourceDirectory D:\EjbPractice4-27-2024\EJBHospitalSystemClient\src\test\resources
2024-04-27 19:05:09,622 [Worker-71: Building] INFO  o.e.m.c.i.embedder.EclipseLogger - Using 'UTF-8' encoding to copy filtered resources.
2024-04-27 19:05:09,622 [Worker-71: Building] INFO  o.e.m.c.i.embedder.EclipseLogger - Copying 0 resource
2024-04-27 19:05:09,624 [Worker-71: Building] INFO  o.e.m.c.i.embedder.EclipseLogger - Using 'UTF-8' encoding to copy filtered resources.
2024-04-27 19:05:09,624 [Worker-71: Building] INFO  o.e.m.c.i.embedder.EclipseLogger - skip non existing resourceDirectory D:\EjbPractice4-27-2024\EJBHospitalSystemClient\src\test\resources
2024-04-27 19:05:36,787 [Worker-65: Building] INFO  o.e.m.c.i.embedder.EclipseLogger - Using 'UTF-8' encoding to copy filtered resources.
2024-04-27 19:05:36,787 [Worker-65: Building] INFO  o.e.m.c.i.embedder.EclipseLogger - Copying 0 resource
2024-04-27 19:05:36,788 [Worker-65: Building] INFO  o.e.m.c.i.embedder.EclipseLogger - Using 'UTF-8' encoding to copy filtered resources.
2024-04-27 19:05:36,788 [Worker-65: Building] INFO  o.e.m.c.i.embedder.EclipseLogger - skip non existing resourceDirectory D:\EjbPractice4-27-2024\EJBHospitalSystemClient\src\test\resources
2024-04-27 19:11:50,349 [Worker-77: Building] INFO  o.e.m.c.i.embedder.EclipseLogger - Using 'UTF-8' encoding to copy filtered resources.
2024-04-27 19:11:50,349 [Worker-77: Building] INFO  o.e.m.c.i.embedder.EclipseLogger - Copying 0 resource
2024-04-27 19:11:50,350 [Worker-77: Building] INFO  o.e.m.c.i.embedder.EclipseLogger - Using 'UTF-8' encoding to copy filtered resources.
2024-04-27 19:11:50,350 [Worker-77: Building] INFO  o.e.m.c.i.embedder.EclipseLogger - skip non existing resourceDirectory D:\EjbPractice4-27-2024\EJBHospitalSystemClient\src\test\resources
2024-04-27 19:12:38,099 [Worker-74: Building] INFO  o.e.m.c.i.embedder.EclipseLogger - Using 'UTF-8' encoding to copy filtered resources.
2024-04-27 19:12:38,100 [Worker-74: Building] INFO  o.e.m.c.i.embedder.EclipseLogger - Copying 0 resource
2024-04-27 19:12:38,101 [Worker-74: Building] INFO  o.e.m.c.i.embedder.EclipseLogger - Using 'UTF-8' encoding to copy filtered resources.
2024-04-27 19:12:38,101 [Worker-74: Building] INFO  o.e.m.c.i.embedder.EclipseLogger - skip non existing resourceDirectory D:\EjbPractice4-27-2024\EJBHospitalSystemClient\src\test\resources
2024-04-27 19:13:06,401 [Worker-77: Building] INFO  o.e.m.c.i.embedder.EclipseLogger - Using 'UTF-8' encoding to copy filtered resources.
2024-04-27 19:13:06,401 [Worker-77: Building] INFO  o.e.m.c.i.embedder.EclipseLogger - Copying 0 resource
2024-04-27 19:13:06,403 [Worker-77: Building] INFO  o.e.m.c.i.embedder.EclipseLogger - Using 'UTF-8' encoding to copy filtered resources.
2024-04-27 19:13:06,403 [Worker-77: Building] INFO  o.e.m.c.i.embedder.EclipseLogger - skip non existing resourceDirectory D:\EjbPractice4-27-2024\EJBHospitalSystemClient\src\test\resources
2024-04-27 19:13:12,274 [Worker-74: Building] INFO  o.e.m.c.i.embedder.EclipseLogger - Using 'UTF-8' encoding to copy filtered resources.
2024-04-27 19:13:12,274 [Worker-74: Building] INFO  o.e.m.c.i.embedder.EclipseLogger - Copying 0 resource
2024-04-27 19:13:12,275 [Worker-74: Building] INFO  o.e.m.c.i.embedder.EclipseLogger - Using 'UTF-8' encoding to copy filtered resources.
2024-04-27 19:13:12,276 [Worker-74: Building] INFO  o.e.m.c.i.embedder.EclipseLogger - skip non existing resourceDirectory D:\EjbPractice4-27-2024\EJBHospitalSystemClient\src\test\resources
2024-04-27 23:45:04,720 [Worker-75: Building] INFO  o.e.m.c.i.embedder.EclipseLogger - Using 'UTF-8' encoding to copy filtered resources.
2024-04-27 23:45:04,720 [Worker-75: Building] INFO  o.e.m.c.i.embedder.EclipseLogger - Copying 0 resource
2024-04-27 23:45:04,721 [Worker-75: Building] INFO  o.e.m.c.i.embedder.EclipseLogger - Using 'UTF-8' encoding to copy filtered resources.
2024-04-27 23:45:04,722 [Worker-75: Building] INFO  o.e.m.c.i.embedder.EclipseLogger - skip non existing resourceDirectory D:\EjbPractice4-27-2024\EJBHospitalSystemClient\src\test\resources
2024-04-27 23:51:22,999 [Worker-84: Building] INFO  o.e.m.c.i.embedder.EclipseLogger - Using 'UTF-8' encoding to copy filtered resources.
2024-04-27 23:51:22,999 [Worker-84: Building] INFO  o.e.m.c.i.embedder.EclipseLogger - Copying 0 resource
2024-04-27 23:51:23,000 [Worker-84: Building] INFO  o.e.m.c.i.embedder.EclipseLogger - Using 'UTF-8' encoding to copy filtered resources.
2024-04-27 23:51:23,000 [Worker-84: Building] INFO  o.e.m.c.i.embedder.EclipseLogger - skip non existing resourceDirectory D:\EjbPractice4-27-2024\EJBHospitalSystemClient\src\test\resources
2024-04-28 00:54:25,031 [Worker-90: Building] INFO  o.e.m.c.i.embedder.EclipseLogger - Using 'UTF-8' encoding to copy filtered resources.
2024-04-28 00:54:25,031 [Worker-90: Building] INFO  o.e.m.c.i.embedder.EclipseLogger - Copying 0 resource
2024-04-28 00:54:25,032 [Worker-90: Building] INFO  o.e.m.c.i.embedder.EclipseLogger - Using 'UTF-8' encoding to copy filtered resources.
2024-04-28 00:54:25,032 [Worker-90: Building] INFO  o.e.m.c.i.embedder.EclipseLogger - skip non existing resourceDirectory D:\EjbPractice4-27-2024\EJBHospitalSystemClient\src\test\resources
2024-04-28 00:54:43,748 [Worker-94: Building] INFO  o.e.m.c.i.embedder.EclipseLogger - Using 'UTF-8' encoding to copy filtered resources.
2024-04-28 00:54:43,748 [Worker-94: Building] INFO  o.e.m.c.i.embedder.EclipseLogger - Copying 0 resource
2024-04-28 00:54:43,749 [Worker-94: Building] INFO  o.e.m.c.i.embedder.EclipseLogger - Using 'UTF-8' encoding to copy filtered resources.
2024-04-28 00:54:43,749 [Worker-94: Building] INFO  o.e.m.c.i.embedder.EclipseLogger - skip non existing resourceDirectory D:\EjbPractice4-27-2024\EJBHospitalSystemClient\src\test\resources
2024-04-28 01:01:07,900 [Worker-97: Building] INFO  o.e.m.c.i.embedder.EclipseLogger - Using 'UTF-8' encoding to copy filtered resources.
2024-04-28 01:01:07,900 [Worker-97: Building] INFO  o.e.m.c.i.embedder.EclipseLogger - Copying 0 resource
2024-04-28 01:01:07,902 [Worker-97: Building] INFO  o.e.m.c.i.embedder.EclipseLogger - Using 'UTF-8' encoding to copy filtered resources.
2024-04-28 01:01:07,902 [Worker-97: Building] INFO  o.e.m.c.i.embedder.EclipseLogger - skip non existing resourceDirectory D:\EjbPractice4-27-2024\EJBHospitalSystemClient\src\test\resources
2024-04-28 01:01:39,679 [Worker-95: Building] INFO  o.e.m.c.i.embedder.EclipseLogger - Using 'UTF-8' encoding to copy filtered resources.
2024-04-28 01:01:39,679 [Worker-95: Building] INFO  o.e.m.c.i.embedder.EclipseLogger - Copying 0 resource
2024-04-28 01:01:39,681 [Worker-95: Building] INFO  o.e.m.c.i.embedder.EclipseLogger - Using 'UTF-8' encoding to copy filtered resources.
2024-04-28 01:01:39,681 [Worker-95: Building] INFO  o.e.m.c.i.embedder.EclipseLogger - skip non existing resourceDirectory D:\EjbPractice4-27-2024\EJBHospitalSystemClient\src\test\resources
2024-04-28 01:02:12,508 [Worker-95: Building] INFO  o.e.m.c.i.embedder.EclipseLogger - Using 'UTF-8' encoding to copy filtered resources.
2024-04-28 01:02:12,508 [Worker-95: Building] INFO  o.e.m.c.i.embedder.EclipseLogger - Copying 0 resource
2024-04-28 01:02:12,510 [Worker-95: Building] INFO  o.e.m.c.i.embedder.EclipseLogger - Using 'UTF-8' encoding to copy filtered resources.
2024-04-28 01:02:12,510 [Worker-95: Building] INFO  o.e.m.c.i.embedder.EclipseLogger - skip non existing resourceDirectory D:\EjbPractice4-27-2024\EJBHospitalSystemClient\src\test\resources
2024-04-28 01:06:42,874 [Worker-100: Building] INFO  o.e.m.c.i.embedder.EclipseLogger - Using 'UTF-8' encoding to copy filtered resources.
2024-04-28 01:06:42,875 [Worker-100: Building] INFO  o.e.m.c.i.embedder.EclipseLogger - Copying 0 resource
2024-04-28 01:06:42,876 [Worker-100: Building] INFO  o.e.m.c.i.embedder.EclipseLogger - Using 'UTF-8' encoding to copy filtered resources.
2024-04-28 01:06:42,876 [Worker-100: Building] INFO  o.e.m.c.i.embedder.EclipseLogger - skip non existing resourceDirectory D:\EjbPractice4-27-2024\EJBHospitalSystemClient\src\test\resources
2024-04-28 01:06:49,802 [Worker-100: Building] INFO  o.e.m.c.i.embedder.EclipseLogger - Using 'UTF-8' encoding to copy filtered resources.
2024-04-28 01:06:49,802 [Worker-100: Building] INFO  o.e.m.c.i.embedder.EclipseLogger - Copying 0 resource
2024-04-28 01:06:49,804 [Worker-100: Building] INFO  o.e.m.c.i.embedder.EclipseLogger - Using 'UTF-8' encoding to copy filtered resources.
2024-04-28 01:06:49,805 [Worker-100: Building] INFO  o.e.m.c.i.embedder.EclipseLogger - skip non existing resourceDirectory D:\EjbPractice4-27-2024\EJBHospitalSystemClient\src\test\resources
2024-04-28 01:12:55,882 [Worker-105: Building] INFO  o.e.m.c.i.embedder.EclipseLogger - Using 'UTF-8' encoding to copy filtered resources.
2024-04-28 01:12:55,882 [Worker-105: Building] INFO  o.e.m.c.i.embedder.EclipseLogger - Copying 0 resource
2024-04-28 01:12:55,884 [Worker-105: Building] INFO  o.e.m.c.i.embedder.EclipseLogger - Using 'UTF-8' encoding to copy filtered resources.
2024-04-28 01:12:55,884 [Worker-105: Building] INFO  o.e.m.c.i.embedder.EclipseLogger - skip non existing resourceDirectory D:\EjbPractice4-27-2024\EJBHospitalSystemClient\src\test\resources
2024-04-28 01:13:16,738 [Worker-101: Building] INFO  o.e.m.c.i.embedder.EclipseLogger - Using 'UTF-8' encoding to copy filtered resources.
2024-04-28 01:13:16,738 [Worker-101: Building] INFO  o.e.m.c.i.embedder.EclipseLogger - Copying 0 resource
2024-04-28 01:13:16,740 [Worker-101: Building] INFO  o.e.m.c.i.embedder.EclipseLogger - Using 'UTF-8' encoding to copy filtered resources.
2024-04-28 01:13:16,740 [Worker-101: Building] INFO  o.e.m.c.i.embedder.EclipseLogger - skip non existing resourceDirectory D:\EjbPractice4-27-2024\EJBHospitalSystemClient\src\test\resources
2024-04-28 01:13:35,835 [Worker-105: Building] INFO  o.e.m.c.i.embedder.EclipseLogger - Using 'UTF-8' encoding to copy filtered resources.
2024-04-28 01:13:35,835 [Worker-105: Building] INFO  o.e.m.c.i.embedder.EclipseLogger - Copying 0 resource
2024-04-28 01:13:35,836 [Worker-105: Building] INFO  o.e.m.c.i.embedder.EclipseLogger - Using 'UTF-8' encoding to copy filtered resources.
2024-04-28 01:13:35,836 [Worker-105: Building] INFO  o.e.m.c.i.embedder.EclipseLogger - skip non existing resourceDirectory D:\EjbPractice4-27-2024\EJBHospitalSystemClient\src\test\resources
2024-04-28 01:14:12,111 [Worker-101: Building] INFO  o.e.m.c.i.embedder.EclipseLogger - Using 'UTF-8' encoding to copy filtered resources.
2024-04-28 01:14:12,111 [Worker-101: Building] INFO  o.e.m.c.i.embedder.EclipseLogger - Copying 0 resource
2024-04-28 01:14:12,112 [Worker-101: Building] INFO  o.e.m.c.i.embedder.EclipseLogger - Using 'UTF-8' encoding to copy filtered resources.
2024-04-28 01:14:12,112 [Worker-101: Building] INFO  o.e.m.c.i.embedder.EclipseLogger - skip non existing resourceDirectory D:\EjbPractice4-27-2024\EJBHospitalSystemClient\src\test\resources
2024-04-28 20:58:49,336 [Worker-110: Building] INFO  o.e.m.c.i.embedder.EclipseLogger - Using 'UTF-8' encoding to copy filtered resources.
2024-04-28 20:58:49,337 [Worker-110: Building] INFO  o.e.m.c.i.embedder.EclipseLogger - Copying 0 resource
2024-04-28 20:58:49,338 [Worker-110: Building] INFO  o.e.m.c.i.embedder.EclipseLogger - Using 'UTF-8' encoding to copy filtered resources.
2024-04-28 20:58:49,338 [Worker-110: Building] INFO  o.e.m.c.i.embedder.EclipseLogger - skip non existing resourceDirectory D:\EjbPractice4-27-2024\EJBHospitalSystemClient\src\test\resources
2024-04-28 21:00:47,197 [Worker-115: Building] INFO  o.e.m.c.i.embedder.EclipseLogger - Using 'UTF-8' encoding to copy filtered resources.
2024-04-28 21:00:47,198 [Worker-115: Building] INFO  o.e.m.c.i.embedder.EclipseLogger - Copying 0 resource
2024-04-28 21:00:47,198 [Worker-115: Building] INFO  o.e.m.c.i.embedder.EclipseLogger - Using 'UTF-8' encoding to copy filtered resources.
2024-04-28 21:00:47,198 [Worker-115: Building] INFO  o.e.m.c.i.embedder.EclipseLogger - skip non existing resourceDirectory D:\EjbPractice4-27-2024\EJBHospitalSystemClient\src\test\resources
2024-04-28 21:38:26,501 [Worker-128: Building] INFO  o.e.m.c.i.embedder.EclipseLogger - Using 'UTF-8' encoding to copy filtered resources.
2024-04-28 21:38:26,501 [Worker-128: Building] INFO  o.e.m.c.i.embedder.EclipseLogger - Copying 0 resource
2024-04-28 21:38:26,502 [Worker-128: Building] INFO  o.e.m.c.i.embedder.EclipseLogger - Using 'UTF-8' encoding to copy filtered resources.
2024-04-28 21:38:26,502 [Worker-128: Building] INFO  o.e.m.c.i.embedder.EclipseLogger - skip non existing resourceDirectory D:\EjbPractice4-27-2024\EJBHospitalSystemClient\src\test\resources
2024-04-28 21:38:47,190 [Worker-129: Building] INFO  o.e.m.c.i.embedder.EclipseLogger - Using 'UTF-8' encoding to copy filtered resources.
2024-04-28 21:38:47,190 [Worker-129: Building] INFO  o.e.m.c.i.embedder.EclipseLogger - Copying 0 resource
2024-04-28 21:38:47,191 [Worker-129: Building] INFO  o.e.m.c.i.embedder.EclipseLogger - Using 'UTF-8' encoding to copy filtered resources.
2024-04-28 21:38:47,191 [Worker-129: Building] INFO  o.e.m.c.i.embedder.EclipseLogger - skip non existing resourceDirectory D:\EjbPractice4-27-2024\EJBHospitalSystemClient\src\test\resources
2024-04-28 21:39:58,347 [Worker-126: Building] INFO  o.e.m.c.i.embedder.EclipseLogger - Using 'UTF-8' encoding to copy filtered resources.
2024-04-28 21:39:58,348 [Worker-126: Building] INFO  o.e.m.c.i.embedder.EclipseLogger - Copying 0 resource
2024-04-28 21:39:58,351 [Worker-126: Building] INFO  o.e.m.c.i.embedder.EclipseLogger - Using 'UTF-8' encoding to copy filtered resources.
2024-04-28 21:39:58,352 [Worker-126: Building] INFO  o.e.m.c.i.embedder.EclipseLogger - skip non existing resourceDirectory D:\EjbPractice4-27-2024\EJBHospitalSystemClient\src\test\resources
2024-04-28 21:42:30,934 [Worker-131: Building] INFO  o.e.m.c.i.embedder.EclipseLogger - Using 'UTF-8' encoding to copy filtered resources.
2024-04-28 21:42:30,934 [Worker-131: Building] INFO  o.e.m.c.i.embedder.EclipseLogger - Copying 0 resource
2024-04-28 21:42:30,935 [Worker-131: Building] INFO  o.e.m.c.i.embedder.EclipseLogger - Using 'UTF-8' encoding to copy filtered resources.
2024-04-28 21:42:30,935 [Worker-131: Building] INFO  o.e.m.c.i.embedder.EclipseLogger - skip non existing resourceDirectory D:\EjbPractice4-27-2024\EJBHospitalSystemClient\src\test\resources
2024-04-28 21:44:46,055 [Worker-134: Building] INFO  o.e.m.c.i.embedder.EclipseLogger - Using 'UTF-8' encoding to copy filtered resources.
2024-04-28 21:44:46,055 [Worker-134: Building] INFO  o.e.m.c.i.embedder.EclipseLogger - Copying 0 resource
2024-04-28 21:44:46,057 [Worker-134: Building] INFO  o.e.m.c.i.embedder.EclipseLogger - Using 'UTF-8' encoding to copy filtered resources.
2024-04-28 21:44:46,057 [Worker-134: Building] INFO  o.e.m.c.i.embedder.EclipseLogger - skip non existing resourceDirectory D:\EjbPractice4-27-2024\EJBHospitalSystemClient\src\test\resources
2024-04-28 21:44:52,307 [Worker-131: Building] INFO  o.e.m.c.i.embedder.EclipseLogger - Using 'UTF-8' encoding to copy filtered resources.
2024-04-28 21:44:52,307 [Worker-131: Building] INFO  o.e.m.c.i.embedder.EclipseLogger - Copying 0 resource
2024-04-28 21:44:52,309 [Worker-131: Building] INFO  o.e.m.c.i.embedder.EclipseLogger - Using 'UTF-8' encoding to copy filtered resources.
2024-04-28 21:44:52,310 [Worker-131: Building] INFO  o.e.m.c.i.embedder.EclipseLogger - skip non existing resourceDirectory D:\EjbPractice4-27-2024\EJBHospitalSystemClient\src\test\resources
2024-04-28 21:45:04,374 [Worker-132: Building] INFO  o.e.m.c.i.embedder.EclipseLogger - Using 'UTF-8' encoding to copy filtered resources.
2024-04-28 21:45:04,374 [Worker-132: Building] INFO  o.e.m.c.i.embedder.EclipseLogger - Copying 0 resource
2024-04-28 21:45:04,375 [Worker-132: Building] INFO  o.e.m.c.i.embedder.EclipseLogger - Using 'UTF-8' encoding to copy filtered resources.
2024-04-28 21:45:04,375 [Worker-132: Building] INFO  o.e.m.c.i.embedder.EclipseLogger - skip non existing resourceDirectory D:\EjbPractice4-27-2024\EJBHospitalSystemClient\src\test\resources
2024-04-28 21:48:10,880 [Worker-137: Building] INFO  o.e.m.c.i.embedder.EclipseLogger - Using 'UTF-8' encoding to copy filtered resources.
2024-04-28 21:48:10,881 [Worker-137: Building] INFO  o.e.m.c.i.embedder.EclipseLogger - Copying 0 resource
2024-04-28 21:48:10,882 [Worker-137: Building] INFO  o.e.m.c.i.embedder.EclipseLogger - Using 'UTF-8' encoding to copy filtered resources.
2024-04-28 21:48:10,882 [Worker-137: Building] INFO  o.e.m.c.i.embedder.EclipseLogger - skip non existing resourceDirectory D:\EjbPractice4-27-2024\EJBHospitalSystemClient\src\test\resources
2024-04-28 21:58:41,392 [Worker-136: Building] INFO  o.e.m.c.i.embedder.EclipseLogger - Using 'UTF-8' encoding to copy filtered resources.
2024-04-28 21:58:41,392 [Worker-136: Building] INFO  o.e.m.c.i.embedder.EclipseLogger - Copying 0 resource
2024-04-28 21:58:41,394 [Worker-136: Building] INFO  o.e.m.c.i.embedder.EclipseLogger - Using 'UTF-8' encoding to copy filtered resources.
2024-04-28 21:58:41,394 [Worker-136: Building] INFO  o.e.m.c.i.embedder.EclipseLogger - skip non existing resourceDirectory D:\EjbPractice4-27-2024\EJBHospitalSystemClient\src\test\resources
2024-04-28 21:59:23,740 [Worker-136: Building] INFO  o.e.m.c.i.embedder.EclipseLogger - Using 'UTF-8' encoding to copy filtered resources.
2024-04-28 21:59:23,740 [Worker-136: Building] INFO  o.e.m.c.i.embedder.EclipseLogger - Copying 0 resource
2024-04-28 21:59:23,741 [Worker-136: Building] INFO  o.e.m.c.i.embedder.EclipseLogger - Using 'UTF-8' encoding to copy filtered resources.
2024-04-28 21:59:23,741 [Worker-136: Building] INFO  o.e.m.c.i.embedder.EclipseLogger - skip non existing resourceDirectory D:\EjbPractice4-27-2024\EJBHospitalSystemClient\src\test\resources
2024-04-28 22:00:03,538 [Worker-141: Building] INFO  o.e.m.c.i.embedder.EclipseLogger - Using 'UTF-8' encoding to copy filtered resources.
2024-04-28 22:00:03,538 [Worker-141: Building] INFO  o.e.m.c.i.embedder.EclipseLogger - Copying 0 resource
2024-04-28 22:00:03,540 [Worker-141: Building] INFO  o.e.m.c.i.embedder.EclipseLogger - Using 'UTF-8' encoding to copy filtered resources.
2024-04-28 22:00:03,540 [Worker-141: Building] INFO  o.e.m.c.i.embedder.EclipseLogger - skip non existing resourceDirectory D:\EjbPractice4-27-2024\EJBHospitalSystemClient\src\test\resources
2024-04-28 22:00:14,030 [Worker-139: Building] INFO  o.e.m.c.i.embedder.EclipseLogger - Using 'UTF-8' encoding to copy filtered resources.
2024-04-28 22:00:14,030 [Worker-139: Building] INFO  o.e.m.c.i.embedder.EclipseLogger - Copying 0 resource
2024-04-28 22:00:14,030 [Worker-139: Building] INFO  o.e.m.c.i.embedder.EclipseLogger - Using 'UTF-8' encoding to copy filtered resources.
2024-04-28 22:00:14,031 [Worker-139: Building] INFO  o.e.m.c.i.embedder.EclipseLogger - skip non existing resourceDirectory D:\EjbPractice4-27-2024\EJBHospitalSystemClient\src\test\resources
2024-04-28 22:02:57,936 [Worker-145: Building] INFO  o.e.m.c.i.embedder.EclipseLogger - Using 'UTF-8' encoding to copy filtered resources.
2024-04-28 22:02:57,936 [Worker-145: Building] INFO  o.e.m.c.i.embedder.EclipseLogger - Copying 0 resource
2024-04-28 22:02:57,937 [Worker-145: Building] INFO  o.e.m.c.i.embedder.EclipseLogger - Using 'UTF-8' encoding to copy filtered resources.
2024-04-28 22:02:57,938 [Worker-145: Building] INFO  o.e.m.c.i.embedder.EclipseLogger - skip non existing resourceDirectory D:\EjbPractice4-27-2024\EJBHospitalSystemClient\src\test\resources
2024-04-28 22:03:47,148 [Worker-144: Building] INFO  o.e.m.c.i.embedder.EclipseLogger - Using 'UTF-8' encoding to copy filtered resources.
2024-04-28 22:03:47,148 [Worker-144: Building] INFO  o.e.m.c.i.embedder.EclipseLogger - Copying 0 resource
2024-04-28 22:03:47,150 [Worker-144: Building] INFO  o.e.m.c.i.embedder.EclipseLogger - Using 'UTF-8' encoding to copy filtered resources.
2024-04-28 22:03:47,150 [Worker-144: Building] INFO  o.e.m.c.i.embedder.EclipseLogger - skip non existing resourceDirectory D:\EjbPractice4-27-2024\EJBHospitalSystemClient\src\test\resources
2024-04-28 22:04:27,059 [Worker-143: Building] INFO  o.e.m.c.i.embedder.EclipseLogger - Using 'UTF-8' encoding to copy filtered resources.
2024-04-28 22:04:27,060 [Worker-143: Building] INFO  o.e.m.c.i.embedder.EclipseLogger - Copying 0 resource
2024-04-28 22:04:27,061 [Worker-143: Building] INFO  o.e.m.c.i.embedder.EclipseLogger - Using 'UTF-8' encoding to copy filtered resources.
2024-04-28 22:04:27,061 [Worker-143: Building] INFO  o.e.m.c.i.embedder.EclipseLogger - skip non existing resourceDirectory D:\EjbPractice4-27-2024\EJBHospitalSystemClient\src\test\resources
2024-04-28 22:08:24,707 [Worker-143: Building] INFO  o.e.m.c.i.embedder.EclipseLogger - Using 'UTF-8' encoding to copy filtered resources.
2024-04-28 22:08:24,708 [Worker-143: Building] INFO  o.e.m.c.i.embedder.EclipseLogger - Copying 0 resource
2024-04-28 22:08:24,711 [Worker-143: Building] INFO  o.e.m.c.i.embedder.EclipseLogger - Using 'UTF-8' encoding to copy filtered resources.
2024-04-28 22:08:24,712 [Worker-143: Building] INFO  o.e.m.c.i.embedder.EclipseLogger - skip non existing resourceDirectory D:\EjbPractice4-27-2024\EJBHospitalSystemClient\src\test\resources
2024-04-28 22:09:06,760 [Worker-142: Building] INFO  o.e.m.c.i.embedder.EclipseLogger - Using 'UTF-8' encoding to copy filtered resources.
2024-04-28 22:09:06,760 [Worker-142: Building] INFO  o.e.m.c.i.embedder.EclipseLogger - Copying 0 resource
2024-04-28 22:09:06,761 [Worker-142: Building] INFO  o.e.m.c.i.embedder.EclipseLogger - Using 'UTF-8' encoding to copy filtered resources.
2024-04-28 22:09:06,761 [Worker-142: Building] INFO  o.e.m.c.i.embedder.EclipseLogger - skip non existing resourceDirectory D:\EjbPractice4-27-2024\EJBHospitalSystemClient\src\test\resources
2024-04-28 22:09:33,149 [Worker-143: Building] INFO  o.e.m.c.i.embedder.EclipseLogger - Using 'UTF-8' encoding to copy filtered resources.
2024-04-28 22:09:33,149 [Worker-143: Building] INFO  o.e.m.c.i.embedder.EclipseLogger - Copying 0 resource
2024-04-28 22:09:33,150 [Worker-143: Building] INFO  o.e.m.c.i.embedder.EclipseLogger - Using 'UTF-8' encoding to copy filtered resources.
2024-04-28 22:09:33,150 [Worker-143: Building] INFO  o.e.m.c.i.embedder.EclipseLogger - skip non existing resourceDirectory D:\EjbPractice4-27-2024\EJBHospitalSystemClient\src\test\resources
2024-04-29 10:02:10,872 [Worker-153: Building] INFO  o.e.m.c.i.embedder.EclipseLogger - Using 'UTF-8' encoding to copy filtered resources.
2024-04-29 10:02:10,872 [Worker-153: Building] INFO  o.e.m.c.i.embedder.EclipseLogger - Copying 0 resource
2024-04-29 10:02:10,873 [Worker-153: Building] INFO  o.e.m.c.i.embedder.EclipseLogger - Using 'UTF-8' encoding to copy filtered resources.
2024-04-29 10:02:10,873 [Worker-153: Building] INFO  o.e.m.c.i.embedder.EclipseLogger - skip non existing resourceDirectory D:\EjbPractice4-27-2024\EJBHospitalSystemClient\src\test\resources
2024-04-29 10:02:23,488 [Worker-156: Building] INFO  o.e.m.c.i.embedder.EclipseLogger - Using 'UTF-8' encoding to copy filtered resources.
2024-04-29 10:02:23,488 [Worker-156: Building] INFO  o.e.m.c.i.embedder.EclipseLogger - Copying 0 resource
2024-04-29 10:02:23,490 [Worker-156: Building] INFO  o.e.m.c.i.embedder.EclipseLogger - Using 'UTF-8' encoding to copy filtered resources.
2024-04-29 10:02:23,490 [Worker-156: Building] INFO  o.e.m.c.i.embedder.EclipseLogger - skip non existing resourceDirectory D:\EjbPractice4-27-2024\EJBHospitalSystemClient\src\test\resources
2024-04-29 10:02:37,600 [Worker-153: Building] INFO  o.e.m.c.i.embedder.EclipseLogger - Using 'UTF-8' encoding to copy filtered resources.
2024-04-29 10:02:37,600 [Worker-153: Building] INFO  o.e.m.c.i.embedder.EclipseLogger - Copying 0 resource
2024-04-29 10:02:37,601 [Worker-153: Building] INFO  o.e.m.c.i.embedder.EclipseLogger - Using 'UTF-8' encoding to copy filtered resources.
2024-04-29 10:02:37,603 [Worker-153: Building] INFO  o.e.m.c.i.embedder.EclipseLogger - skip non existing resourceDirectory D:\EjbPractice4-27-2024\EJBHospitalSystemClient\src\test\resources
2024-04-29 10:02:46,055 [Worker-153: Building] INFO  o.e.m.c.i.embedder.EclipseLogger - Using 'UTF-8' encoding to copy filtered resources.
2024-04-29 10:02:46,055 [Worker-153: Building] INFO  o.e.m.c.i.embedder.EclipseLogger - Copying 0 resource
2024-04-29 10:02:46,056 [Worker-153: Building] INFO  o.e.m.c.i.embedder.EclipseLogger - Using 'UTF-8' encoding to copy filtered resources.
2024-04-29 10:02:46,057 [Worker-153: Building] INFO  o.e.m.c.i.embedder.EclipseLogger - skip non existing resourceDirectory D:\EjbPractice4-27-2024\EJBHospitalSystemClient\src\test\resources
2024-04-29 10:03:13,923 [Worker-154: Building] INFO  o.e.m.c.i.embedder.EclipseLogger - Using 'UTF-8' encoding to copy filtered resources.
2024-04-29 10:03:13,923 [Worker-154: Building] INFO  o.e.m.c.i.embedder.EclipseLogger - Copying 0 resource
2024-04-29 10:03:13,925 [Worker-154: Building] INFO  o.e.m.c.i.embedder.EclipseLogger - Using 'UTF-8' encoding to copy filtered resources.
2024-04-29 10:03:13,926 [Worker-154: Building] INFO  o.e.m.c.i.embedder.EclipseLogger - skip non existing resourceDirectory D:\EjbPractice4-27-2024\EJBHospitalSystemClient\src\test\resources
2024-04-29 10:03:16,511 [Worker-155: Building] INFO  o.e.m.c.i.embedder.EclipseLogger - Using 'UTF-8' encoding to copy filtered resources.
2024-04-29 10:03:16,511 [Worker-155: Building] INFO  o.e.m.c.i.embedder.EclipseLogger - Copying 0 resource
2024-04-29 10:03:16,512 [Worker-155: Building] INFO  o.e.m.c.i.embedder.EclipseLogger - Using 'UTF-8' encoding to copy filtered resources.
2024-04-29 10:03:16,512 [Worker-155: Building] INFO  o.e.m.c.i.embedder.EclipseLogger - skip non existing resourceDirectory D:\EjbPractice4-27-2024\EJBHospitalSystemClient\src\test\resources
2024-04-29 10:03:21,258 [Worker-155: Building] INFO  o.e.m.c.i.embedder.EclipseLogger - Using 'UTF-8' encoding to copy filtered resources.
2024-04-29 10:03:21,258 [Worker-155: Building] INFO  o.e.m.c.i.embedder.EclipseLogger - Copying 0 resource
2024-04-29 10:03:21,261 [Worker-155: Building] INFO  o.e.m.c.i.embedder.EclipseLogger - Using 'UTF-8' encoding to copy filtered resources.
2024-04-29 10:03:21,261 [Worker-155: Building] INFO  o.e.m.c.i.embedder.EclipseLogger - skip non existing resourceDirectory D:\EjbPractice4-27-2024\EJBHospitalSystemClient\src\test\resources
2024-04-29 10:05:51,899 [Worker-153: Building] INFO  o.e.m.c.i.embedder.EclipseLogger - Using 'UTF-8' encoding to copy filtered resources.
2024-04-29 10:05:51,899 [Worker-153: Building] INFO  o.e.m.c.i.embedder.EclipseLogger - Copying 0 resource
2024-04-29 10:05:51,900 [Worker-153: Building] INFO  o.e.m.c.i.embedder.EclipseLogger - Using 'UTF-8' encoding to copy filtered resources.
2024-04-29 10:05:51,900 [Worker-153: Building] INFO  o.e.m.c.i.embedder.EclipseLogger - skip non existing resourceDirectory D:\EjbPractice4-27-2024\EJBHospitalSystemClient\src\test\resources
2024-04-29 10:05:56,336 [Worker-156: Building] INFO  o.e.m.c.i.embedder.EclipseLogger - Using 'UTF-8' encoding to copy filtered resources.
2024-04-29 10:05:56,336 [Worker-156: Building] INFO  o.e.m.c.i.embedder.EclipseLogger - Copying 0 resource
2024-04-29 10:05:56,337 [Worker-156: Building] INFO  o.e.m.c.i.embedder.EclipseLogger - Using 'UTF-8' encoding to copy filtered resources.
2024-04-29 10:05:56,337 [Worker-156: Building] INFO  o.e.m.c.i.embedder.EclipseLogger - skip non existing resourceDirectory D:\EjbPractice4-27-2024\EJBHospitalSystemClient\src\test\resources
2024-04-29 10:07:08,459 [Worker-153: Building] INFO  o.e.m.c.i.embedder.EclipseLogger - Using 'UTF-8' encoding to copy filtered resources.
2024-04-29 10:07:08,459 [Worker-153: Building] INFO  o.e.m.c.i.embedder.EclipseLogger - Copying 0 resource
2024-04-29 10:07:08,460 [Worker-153: Building] INFO  o.e.m.c.i.embedder.EclipseLogger - Using 'UTF-8' encoding to copy filtered resources.
2024-04-29 10:07:08,460 [Worker-153: Building] INFO  o.e.m.c.i.embedder.EclipseLogger - skip non existing resourceDirectory D:\EjbPractice4-27-2024\EJBHospitalSystemClient\src\test\resources
2024-04-29 10:11:11,886 [Worker-153: Building] INFO  o.e.m.c.i.embedder.EclipseLogger - Using 'UTF-8' encoding to copy filtered resources.
2024-04-29 10:11:11,886 [Worker-153: Building] INFO  o.e.m.c.i.embedder.EclipseLogger - Copying 0 resource
2024-04-29 10:11:11,888 [Worker-153: Building] INFO  o.e.m.c.i.embedder.EclipseLogger - Using 'UTF-8' encoding to copy filtered resources.
2024-04-29 10:11:11,888 [Worker-153: Building] INFO  o.e.m.c.i.embedder.EclipseLogger - skip non existing resourceDirectory D:\EjbPractice4-27-2024\EJBHospitalSystemClient\src\test\resources
2024-04-29 10:11:25,093 [Worker-162: Building] INFO  o.e.m.c.i.embedder.EclipseLogger - Using 'UTF-8' encoding to copy filtered resources.
2024-04-29 10:11:25,093 [Worker-162: Building] INFO  o.e.m.c.i.embedder.EclipseLogger - Copying 0 resource
2024-04-29 10:11:25,094 [Worker-162: Building] INFO  o.e.m.c.i.embedder.EclipseLogger - Using 'UTF-8' encoding to copy filtered resources.
2024-04-29 10:11:25,094 [Worker-162: Building] INFO  o.e.m.c.i.embedder.EclipseLogger - skip non existing resourceDirectory D:\EjbPractice4-27-2024\EJBHospitalSystemClient\src\test\resources
2024-04-29 10:14:21,801 [Worker-161: Building] INFO  o.e.m.c.i.embedder.EclipseLogger - Using 'UTF-8' encoding to copy filtered resources.
2024-04-29 10:14:21,802 [Worker-161: Building] INFO  o.e.m.c.i.embedder.EclipseLogger - Copying 0 resource
2024-04-29 10:14:21,805 [Worker-161: Building] INFO  o.e.m.c.i.embedder.EclipseLogger - Using 'UTF-8' encoding to copy filtered resources.
2024-04-29 10:14:21,805 [Worker-161: Building] INFO  o.e.m.c.i.embedder.EclipseLogger - skip non existing resourceDirectory D:\EjbPractice4-27-2024\EJBHospitalSystemClient\src\test\resources
2024-04-29 10:14:37,786 [Worker-166: Building] INFO  o.e.m.c.i.embedder.EclipseLogger - Using 'UTF-8' encoding to copy filtered resources.
2024-04-29 10:14:37,787 [Worker-166: Building] INFO  o.e.m.c.i.embedder.EclipseLogger - Copying 0 resource
2024-04-29 10:14:37,788 [Worker-166: Building] INFO  o.e.m.c.i.embedder.EclipseLogger - Using 'UTF-8' encoding to copy filtered resources.
2024-04-29 10:14:37,788 [Worker-166: Building] INFO  o.e.m.c.i.embedder.EclipseLogger - skip non existing resourceDirectory D:\EjbPractice4-27-2024\EJBHospitalSystemClient\src\test\resources
2024-04-29 10:17:11,506 [Worker-154: Building] INFO  o.e.m.c.i.embedder.EclipseLogger - Using 'UTF-8' encoding to copy filtered resources.
2024-04-29 10:17:11,506 [Worker-154: Building] INFO  o.e.m.c.i.embedder.EclipseLogger - Copying 0 resource
2024-04-29 10:17:11,507 [Worker-154: Building] INFO  o.e.m.c.i.embedder.EclipseLogger - Using 'UTF-8' encoding to copy filtered resources.
2024-04-29 10:17:11,508 [Worker-154: Building] INFO  o.e.m.c.i.embedder.EclipseLogger - skip non existing resourceDirectory D:\EjbPractice4-27-2024\EJBHospitalSystemClient\src\test\resources
2024-04-29 10:17:24,546 [Worker-165: Building] INFO  o.e.m.c.i.embedder.EclipseLogger - Using 'UTF-8' encoding to copy filtered resources.
2024-04-29 10:17:24,546 [Worker-165: Building] INFO  o.e.m.c.i.embedder.EclipseLogger - Copying 0 resource
2024-04-29 10:17:24,547 [Worker-165: Building] INFO  o.e.m.c.i.embedder.EclipseLogger - Using 'UTF-8' encoding to copy filtered resources.
2024-04-29 10:17:24,547 [Worker-165: Building] INFO  o.e.m.c.i.embedder.EclipseLogger - skip non existing resourceDirectory D:\EjbPractice4-27-2024\EJBHospitalSystemClient\src\test\resources
2024-04-29 10:17:45,747 [Worker-154: Building] INFO  o.e.m.c.i.embedder.EclipseLogger - Using 'UTF-8' encoding to copy filtered resources.
2024-04-29 10:17:45,748 [Worker-154: Building] INFO  o.e.m.c.i.embedder.EclipseLogger - Copying 0 resource
2024-04-29 10:17:45,749 [Worker-154: Building] INFO  o.e.m.c.i.embedder.EclipseLogger - Using 'UTF-8' encoding to copy filtered resources.
2024-04-29 10:17:45,749 [Worker-154: Building] INFO  o.e.m.c.i.embedder.EclipseLogger - skip non existing resourceDirectory D:\EjbPractice4-27-2024\EJBHospitalSystemClient\src\test\resources
2024-04-29 10:20:26,106 [Worker-165: Building] INFO  o.e.m.c.i.embedder.EclipseLogger - Using 'UTF-8' encoding to copy filtered resources.
2024-04-29 10:20:26,107 [Worker-165: Building] INFO  o.e.m.c.i.embedder.EclipseLogger - Copying 0 resource
2024-04-29 10:20:26,111 [Worker-165: Building] INFO  o.e.m.c.i.embedder.EclipseLogger - Using 'UTF-8' encoding to copy filtered resources.
2024-04-29 10:20:26,111 [Worker-165: Building] INFO  o.e.m.c.i.embedder.EclipseLogger - skip non existing resourceDirectory D:\EjbPractice4-27-2024\EJBHospitalSystemClient\src\test\resources
2024-04-29 10:20:36,083 [Worker-154: Building] INFO  o.e.m.c.i.embedder.EclipseLogger - Using 'UTF-8' encoding to copy filtered resources.
2024-04-29 10:20:36,083 [Worker-154: Building] INFO  o.e.m.c.i.embedder.EclipseLogger - Copying 0 resource
2024-04-29 10:20:36,086 [Worker-154: Building] INFO  o.e.m.c.i.embedder.EclipseLogger - Using 'UTF-8' encoding to copy filtered resources.
2024-04-29 10:20:36,086 [Worker-154: Building] INFO  o.e.m.c.i.embedder.EclipseLogger - skip non existing resourceDirectory D:\EjbPractice4-27-2024\EJBHospitalSystemClient\src\test\resources
2024-04-29 10:20:48,037 [Worker-164: Building] INFO  o.e.m.c.i.embedder.EclipseLogger - Using 'UTF-8' encoding to copy filtered resources.
2024-04-29 10:20:48,038 [Worker-164: Building] INFO  o.e.m.c.i.embedder.EclipseLogger - Copying 0 resource
2024-04-29 10:20:48,041 [Worker-164: Building] INFO  o.e.m.c.i.embedder.EclipseLogger - Using 'UTF-8' encoding to copy filtered resources.
2024-04-29 10:20:48,041 [Worker-164: Building] INFO  o.e.m.c.i.embedder.EclipseLogger - skip non existing resourceDirectory D:\EjbPractice4-27-2024\EJBHospitalSystemClient\src\test\resources
2024-04-29 10:27:39,396 [Worker-170: Building] INFO  o.e.m.c.i.embedder.EclipseLogger - Using 'UTF-8' encoding to copy filtered resources.
2024-04-29 10:27:39,396 [Worker-170: Building] INFO  o.e.m.c.i.embedder.EclipseLogger - Copying 0 resource
2024-04-29 10:27:39,398 [Worker-170: Building] INFO  o.e.m.c.i.embedder.EclipseLogger - Using 'UTF-8' encoding to copy filtered resources.
2024-04-29 10:27:39,398 [Worker-170: Building] INFO  o.e.m.c.i.embedder.EclipseLogger - skip non existing resourceDirectory D:\EjbPractice4-27-2024\EJBHospitalSystemClient\src\test\resources
2024-04-29 10:30:11,132 [Worker-174: Building] INFO  o.e.m.c.i.embedder.EclipseLogger - Using 'UTF-8' encoding to copy filtered resources.
2024-04-29 10:30:11,132 [Worker-174: Building] INFO  o.e.m.c.i.embedder.EclipseLogger - Copying 0 resource
2024-04-29 10:30:11,134 [Worker-174: Building] INFO  o.e.m.c.i.embedder.EclipseLogger - Using 'UTF-8' encoding to copy filtered resources.
2024-04-29 10:30:11,134 [Worker-174: Building] INFO  o.e.m.c.i.embedder.EclipseLogger - skip non existing resourceDirectory D:\EjbPractice4-27-2024\EJBHospitalSystemClient\src\test\resources
2024-04-29 10:36:42,503 [Worker-176: Building] INFO  o.e.m.c.i.embedder.EclipseLogger - Using 'UTF-8' encoding to copy filtered resources.
2024-04-29 10:36:42,503 [Worker-176: Building] INFO  o.e.m.c.i.embedder.EclipseLogger - Copying 0 resource
2024-04-29 10:36:42,504 [Worker-176: Building] INFO  o.e.m.c.i.embedder.EclipseLogger - Using 'UTF-8' encoding to copy filtered resources.
2024-04-29 10:36:42,504 [Worker-176: Building] INFO  o.e.m.c.i.embedder.EclipseLogger - skip non existing resourceDirectory D:\EjbPractice4-27-2024\EJBHospitalSystemClient\src\test\resources
2024-04-29 10:37:10,312 [Worker-176: Building] INFO  o.e.m.c.i.embedder.EclipseLogger - Using 'UTF-8' encoding to copy filtered resources.
2024-04-29 10:37:10,312 [Worker-176: Building] INFO  o.e.m.c.i.embedder.EclipseLogger - Copying 0 resource
2024-04-29 10:37:10,314 [Worker-176: Building] INFO  o.e.m.c.i.embedder.EclipseLogger - Using 'UTF-8' encoding to copy filtered resources.
2024-04-29 10:37:10,314 [Worker-176: Building] INFO  o.e.m.c.i.embedder.EclipseLogger - skip non existing resourceDirectory D:\EjbPractice4-27-2024\EJBHospitalSystemClient\src\test\resources
2024-04-29 10:37:25,497 [Worker-176: Building] INFO  o.e.m.c.i.embedder.EclipseLogger - Using 'UTF-8' encoding to copy filtered resources.
2024-04-29 10:37:25,498 [Worker-176: Building] INFO  o.e.m.c.i.embedder.EclipseLogger - Copying 0 resource
2024-04-29 10:37:25,499 [Worker-176: Building] INFO  o.e.m.c.i.embedder.EclipseLogger - Using 'UTF-8' encoding to copy filtered resources.
2024-04-29 10:37:25,499 [Worker-176: Building] INFO  o.e.m.c.i.embedder.EclipseLogger - skip non existing resourceDirectory D:\EjbPractice4-27-2024\EJBHospitalSystemClient\src\test\resources
2024-04-29 10:37:54,121 [Worker-177: Building] INFO  o.e.m.c.i.embedder.EclipseLogger - Using 'UTF-8' encoding to copy filtered resources.
2024-04-29 10:37:54,121 [Worker-177: Building] INFO  o.e.m.c.i.embedder.EclipseLogger - Copying 0 resource
2024-04-29 10:37:54,122 [Worker-177: Building] INFO  o.e.m.c.i.embedder.EclipseLogger - Using 'UTF-8' encoding to copy filtered resources.
2024-04-29 10:37:54,122 [Worker-177: Building] INFO  o.e.m.c.i.embedder.EclipseLogger - skip non existing resourceDirectory D:\EjbPractice4-27-2024\EJBHospitalSystemClient\src\test\resources
2024-04-29 10:41:21,697 [Worker-179: Building] INFO  o.e.m.c.i.embedder.EclipseLogger - Using 'UTF-8' encoding to copy filtered resources.
2024-04-29 10:41:21,697 [Worker-179: Building] INFO  o.e.m.c.i.embedder.EclipseLogger - Copying 0 resource
2024-04-29 10:41:21,698 [Worker-179: Building] INFO  o.e.m.c.i.embedder.EclipseLogger - Using 'UTF-8' encoding to copy filtered resources.
2024-04-29 10:41:21,699 [Worker-179: Building] INFO  o.e.m.c.i.embedder.EclipseLogger - skip non existing resourceDirectory D:\EjbPractice4-27-2024\EJBHospitalSystemClient\src\test\resources
2024-04-29 10:41:31,586 [Worker-184: Building] INFO  o.e.m.c.i.embedder.EclipseLogger - Using 'UTF-8' encoding to copy filtered resources.
2024-04-29 10:41:31,587 [Worker-184: Building] INFO  o.e.m.c.i.embedder.EclipseLogger - Copying 0 resource
2024-04-29 10:41:31,590 [Worker-184: Building] INFO  o.e.m.c.i.embedder.EclipseLogger - Using 'UTF-8' encoding to copy filtered resources.
2024-04-29 10:41:31,590 [Worker-184: Building] INFO  o.e.m.c.i.embedder.EclipseLogger - skip non existing resourceDirectory D:\EjbPractice4-27-2024\EJBHospitalSystemClient\src\test\resources
2024-04-29 10:41:40,289 [Worker-180: Building] INFO  o.e.m.c.i.embedder.EclipseLogger - Using 'UTF-8' encoding to copy filtered resources.
2024-04-29 10:41:40,289 [Worker-180: Building] INFO  o.e.m.c.i.embedder.EclipseLogger - Copying 0 resource
2024-04-29 10:41:40,291 [Worker-180: Building] INFO  o.e.m.c.i.embedder.EclipseLogger - Using 'UTF-8' encoding to copy filtered resources.
2024-04-29 10:41:40,291 [Worker-180: Building] INFO  o.e.m.c.i.embedder.EclipseLogger - skip non existing resourceDirectory D:\EjbPractice4-27-2024\EJBHospitalSystemClient\src\test\resources
2024-04-29 10:41:52,705 [Worker-173: Building] INFO  o.e.m.c.i.embedder.EclipseLogger - Using 'UTF-8' encoding to copy filtered resources.
2024-04-29 10:41:52,706 [Worker-173: Building] INFO  o.e.m.c.i.embedder.EclipseLogger - Copying 0 resource
2024-04-29 10:41:52,707 [Worker-173: Building] INFO  o.e.m.c.i.embedder.EclipseLogger - Using 'UTF-8' encoding to copy filtered resources.
2024-04-29 10:41:52,707 [Worker-173: Building] INFO  o.e.m.c.i.embedder.EclipseLogger - skip non existing resourceDirectory D:\EjbPractice4-27-2024\EJBHospitalSystemClient\src\test\resources
2024-04-29 10:43:23,556 [Worker-183: Building] INFO  o.e.m.c.i.embedder.EclipseLogger - Using 'UTF-8' encoding to copy filtered resources.
2024-04-29 10:43:23,556 [Worker-183: Building] INFO  o.e.m.c.i.embedder.EclipseLogger - Copying 0 resource
2024-04-29 10:43:23,558 [Worker-183: Building] INFO  o.e.m.c.i.embedder.EclipseLogger - Using 'UTF-8' encoding to copy filtered resources.
2024-04-29 10:43:23,558 [Worker-183: Building] INFO  o.e.m.c.i.embedder.EclipseLogger - skip non existing resourceDirectory D:\EjbPractice4-27-2024\EJBHospitalSystemClient\src\test\resources
2024-04-29 10:43:49,814 [Worker-183: Building] INFO  o.e.m.c.i.embedder.EclipseLogger - Using 'UTF-8' encoding to copy filtered resources.
2024-04-29 10:43:49,814 [Worker-183: Building] INFO  o.e.m.c.i.embedder.EclipseLogger - Copying 0 resource
2024-04-29 10:43:49,816 [Worker-183: Building] INFO  o.e.m.c.i.embedder.EclipseLogger - Using 'UTF-8' encoding to copy filtered resources.
2024-04-29 10:43:49,816 [Worker-183: Building] INFO  o.e.m.c.i.embedder.EclipseLogger - skip non existing resourceDirectory D:\EjbPractice4-27-2024\EJBHospitalSystemClient\src\test\resources
2024-04-29 10:44:15,040 [Worker-180: Building] INFO  o.e.m.c.i.embedder.EclipseLogger - Using 'UTF-8' encoding to copy filtered resources.
2024-04-29 10:44:15,040 [Worker-180: Building] INFO  o.e.m.c.i.embedder.EclipseLogger - Copying 0 resource
2024-04-29 10:44:15,041 [Worker-180: Building] INFO  o.e.m.c.i.embedder.EclipseLogger - Using 'UTF-8' encoding to copy filtered resources.
2024-04-29 10:44:15,041 [Worker-180: Building] INFO  o.e.m.c.i.embedder.EclipseLogger - skip non existing resourceDirectory D:\EjbPractice4-27-2024\EJBHospitalSystemClient\src\test\resources
2024-04-29 11:03:12,385 [Worker-194: Building] INFO  o.e.m.c.i.embedder.EclipseLogger - Using 'UTF-8' encoding to copy filtered resources.
2024-04-29 11:03:12,386 [Worker-194: Building] INFO  o.e.m.c.i.embedder.EclipseLogger - Copying 0 resource
2024-04-29 11:03:12,387 [Worker-194: Building] INFO  o.e.m.c.i.embedder.EclipseLogger - Using 'UTF-8' encoding to copy filtered resources.
2024-04-29 11:03:12,387 [Worker-194: Building] INFO  o.e.m.c.i.embedder.EclipseLogger - skip non existing resourceDirectory D:\EjbPractice4-27-2024\EJBHospitalSystemClient\src\test\resources
2024-04-29 11:06:53,976 [Worker-194: Building] INFO  o.e.m.c.i.embedder.EclipseLogger - Using 'UTF-8' encoding to copy filtered resources.
2024-04-29 11:06:53,976 [Worker-194: Building] INFO  o.e.m.c.i.embedder.EclipseLogger - Copying 0 resource
2024-04-29 11:06:53,979 [Worker-194: Building] INFO  o.e.m.c.i.embedder.EclipseLogger - Using 'UTF-8' encoding to copy filtered resources.
2024-04-29 11:06:53,979 [Worker-194: Building] INFO  o.e.m.c.i.embedder.EclipseLogger - skip non existing resourceDirectory D:\EjbPractice4-27-2024\EJBHospitalSystemClient\src\test\resources
