2023-10-05 23:06:51,922 [Worker-1: Loading available Gradle versions] INFO  o.e.b.c.i.u.g.PublishedGradleVersions - Gradle version information cache is up-to-date. Trying to read.
2023-10-05 23:08:00,566 [Worker-27: Launching mavenrun-8ee8eefb-dae1-49e4-8523-2bb926e1c912] INFO  o.eclipse.m2e.core.internal.Bundles - getClasspathEntries(Bundle=org.eclipse.m2e.maven.runtime_3.8.701.20230209-1606 [610])
2023-10-05 23:08:00,599 [Worker-27: Launching mavenrun-8ee8eefb-dae1-49e4-8523-2bb926e1c912] INFO  o.eclipse.m2e.core.internal.Bundles - 	Entry: C:\Users\satyaprakashsh\Downloads\eclipse-jee-2023-03-R-win32-x86_64\eclipse\plugins\org.eclipse.m2e.maven.runtime_3.8.701.20230209-1606
2023-10-05 23:08:00,600 [Worker-27: Launching mavenrun-8ee8eefb-dae1-49e4-8523-2bb926e1c912] INFO  o.eclipse.m2e.core.internal.Bundles - 	Entry: C:\Users\satyaprakashsh\Downloads\eclipse-jee-2023-03-R-win32-x86_64\eclipse\plugins\org.eclipse.m2e.maven.runtime_3.8.701.20230209-1606\jars\aether-connector-okhttp-0.17.8.jar
2023-10-05 23:08:00,600 [Worker-27: Launching mavenrun-8ee8eefb-dae1-49e4-8523-2bb926e1c912] INFO  o.eclipse.m2e.core.internal.Bundles - 	Entry: C:\Users\satyaprakashsh\Downloads\eclipse-jee-2023-03-R-win32-x86_64\eclipse\plugins\org.eclipse.m2e.maven.runtime_3.8.701.20230209-1606\jars\commons-lang3-3.8.1.jar
2023-10-05 23:08:00,600 [Worker-27: Launching mavenrun-8ee8eefb-dae1-49e4-8523-2bb926e1c912] INFO  o.eclipse.m2e.core.internal.Bundles - 	Entry: C:\Users\satyaprakashsh\Downloads\eclipse-jee-2023-03-R-win32-x86_64\eclipse\plugins\org.eclipse.m2e.maven.runtime_3.8.701.20230209-1606\jars\guice-4.2.2-no_aop.jar
2023-10-05 23:08:00,600 [Worker-27: Launching mavenrun-8ee8eefb-dae1-49e4-8523-2bb926e1c912] INFO  o.eclipse.m2e.core.internal.Bundles - 	Entry: C:\Users\satyaprakashsh\Downloads\eclipse-jee-2023-03-R-win32-x86_64\eclipse\plugins\org.eclipse.m2e.maven.runtime_3.8.701.20230209-1606\jars\jansi-2.4.0.jar
2023-10-05 23:08:00,601 [Worker-27: Launching mavenrun-8ee8eefb-dae1-49e4-8523-2bb926e1c912] INFO  o.eclipse.m2e.core.internal.Bundles - 	Entry: C:\Users\satyaprakashsh\Downloads\eclipse-jee-2023-03-R-win32-x86_64\eclipse\plugins\org.eclipse.m2e.maven.runtime_3.8.701.20230209-1606\jars\maven-artifact-3.8.7.jar
2023-10-05 23:08:00,601 [Worker-27: Launching mavenrun-8ee8eefb-dae1-49e4-8523-2bb926e1c912] INFO  o.eclipse.m2e.core.internal.Bundles - 	Entry: C:\Users\satyaprakashsh\Downloads\eclipse-jee-2023-03-R-win32-x86_64\eclipse\plugins\org.eclipse.m2e.maven.runtime_3.8.701.20230209-1606\jars\maven-builder-support-3.8.7.jar
2023-10-05 23:08:00,601 [Worker-27: Launching mavenrun-8ee8eefb-dae1-49e4-8523-2bb926e1c912] INFO  o.eclipse.m2e.core.internal.Bundles - 	Entry: C:\Users\satyaprakashsh\Downloads\eclipse-jee-2023-03-R-win32-x86_64\eclipse\plugins\org.eclipse.m2e.maven.runtime_3.8.701.20230209-1606\jars\maven-compat-3.8.7.jar
2023-10-05 23:08:00,601 [Worker-27: Launching mavenrun-8ee8eefb-dae1-49e4-8523-2bb926e1c912] INFO  o.eclipse.m2e.core.internal.Bundles - 	Entry: C:\Users\satyaprakashsh\Downloads\eclipse-jee-2023-03-R-win32-x86_64\eclipse\plugins\org.eclipse.m2e.maven.runtime_3.8.701.20230209-1606\jars\maven-core-3.8.7.jar
2023-10-05 23:08:00,602 [Worker-27: Launching mavenrun-8ee8eefb-dae1-49e4-8523-2bb926e1c912] INFO  o.eclipse.m2e.core.internal.Bundles - 	Entry: C:\Users\satyaprakashsh\Downloads\eclipse-jee-2023-03-R-win32-x86_64\eclipse\plugins\org.eclipse.m2e.maven.runtime_3.8.701.20230209-1606\jars\maven-embedder-3.8.7.jar
2023-10-05 23:08:00,602 [Worker-27: Launching mavenrun-8ee8eefb-dae1-49e4-8523-2bb926e1c912] INFO  o.eclipse.m2e.core.internal.Bundles - 	Entry: C:\Users\satyaprakashsh\Downloads\eclipse-jee-2023-03-R-win32-x86_64\eclipse\plugins\org.eclipse.m2e.maven.runtime_3.8.701.20230209-1606\jars\maven-model-3.8.7.jar
2023-10-05 23:08:00,602 [Worker-27: Launching mavenrun-8ee8eefb-dae1-49e4-8523-2bb926e1c912] INFO  o.eclipse.m2e.core.internal.Bundles - 	Entry: C:\Users\satyaprakashsh\Downloads\eclipse-jee-2023-03-R-win32-x86_64\eclipse\plugins\org.eclipse.m2e.maven.runtime_3.8.701.20230209-1606\jars\maven-model-builder-3.8.7.jar
2023-10-05 23:08:00,603 [Worker-27: Launching mavenrun-8ee8eefb-dae1-49e4-8523-2bb926e1c912] INFO  o.eclipse.m2e.core.internal.Bundles - 	Entry: C:\Users\satyaprakashsh\Downloads\eclipse-jee-2023-03-R-win32-x86_64\eclipse\plugins\org.eclipse.m2e.maven.runtime_3.8.701.20230209-1606\jars\maven-plugin-api-3.8.7.jar
2023-10-05 23:08:00,603 [Worker-27: Launching mavenrun-8ee8eefb-dae1-49e4-8523-2bb926e1c912] INFO  o.eclipse.m2e.core.internal.Bundles - 	Entry: C:\Users\satyaprakashsh\Downloads\eclipse-jee-2023-03-R-win32-x86_64\eclipse\plugins\org.eclipse.m2e.maven.runtime_3.8.701.20230209-1606\jars\maven-repository-metadata-3.8.7.jar
2023-10-05 23:08:00,603 [Worker-27: Launching mavenrun-8ee8eefb-dae1-49e4-8523-2bb926e1c912] INFO  o.eclipse.m2e.core.internal.Bundles - 	Entry: C:\Users\satyaprakashsh\Downloads\eclipse-jee-2023-03-R-win32-x86_64\eclipse\plugins\org.eclipse.m2e.maven.runtime_3.8.701.20230209-1606\jars\maven-resolver-api-1.6.3.jar
2023-10-05 23:08:00,603 [Worker-27: Launching mavenrun-8ee8eefb-dae1-49e4-8523-2bb926e1c912] INFO  o.eclipse.m2e.core.internal.Bundles - 	Entry: C:\Users\satyaprakashsh\Downloads\eclipse-jee-2023-03-R-win32-x86_64\eclipse\plugins\org.eclipse.m2e.maven.runtime_3.8.701.20230209-1606\jars\maven-resolver-connector-basic-1.6.3.jar
2023-10-05 23:08:00,604 [Worker-27: Launching mavenrun-8ee8eefb-dae1-49e4-8523-2bb926e1c912] INFO  o.eclipse.m2e.core.internal.Bundles - 	Entry: C:\Users\satyaprakashsh\Downloads\eclipse-jee-2023-03-R-win32-x86_64\eclipse\plugins\org.eclipse.m2e.maven.runtime_3.8.701.20230209-1606\jars\maven-resolver-impl-1.6.3.jar
2023-10-05 23:08:00,604 [Worker-27: Launching mavenrun-8ee8eefb-dae1-49e4-8523-2bb926e1c912] INFO  o.eclipse.m2e.core.internal.Bundles - 	Entry: C:\Users\satyaprakashsh\Downloads\eclipse-jee-2023-03-R-win32-x86_64\eclipse\plugins\org.eclipse.m2e.maven.runtime_3.8.701.20230209-1606\jars\maven-resolver-provider-3.8.7.jar
2023-10-05 23:08:00,604 [Worker-27: Launching mavenrun-8ee8eefb-dae1-49e4-8523-2bb926e1c912] INFO  o.eclipse.m2e.core.internal.Bundles - 	Entry: C:\Users\satyaprakashsh\Downloads\eclipse-jee-2023-03-R-win32-x86_64\eclipse\plugins\org.eclipse.m2e.maven.runtime_3.8.701.20230209-1606\jars\maven-resolver-spi-1.6.3.jar
2023-10-05 23:08:00,604 [Worker-27: Launching mavenrun-8ee8eefb-dae1-49e4-8523-2bb926e1c912] INFO  o.eclipse.m2e.core.internal.Bundles - 	Entry: C:\Users\satyaprakashsh\Downloads\eclipse-jee-2023-03-R-win32-x86_64\eclipse\plugins\org.eclipse.m2e.maven.runtime_3.8.701.20230209-1606\jars\maven-resolver-transport-wagon-1.6.3.jar
2023-10-05 23:08:00,605 [Worker-27: Launching mavenrun-8ee8eefb-dae1-49e4-8523-2bb926e1c912] INFO  o.eclipse.m2e.core.internal.Bundles - 	Entry: C:\Users\satyaprakashsh\Downloads\eclipse-jee-2023-03-R-win32-x86_64\eclipse\plugins\org.eclipse.m2e.maven.runtime_3.8.701.20230209-1606\jars\maven-resolver-util-1.6.3.jar
2023-10-05 23:08:00,605 [Worker-27: Launching mavenrun-8ee8eefb-dae1-49e4-8523-2bb926e1c912] INFO  o.eclipse.m2e.core.internal.Bundles - 	Entry: C:\Users\satyaprakashsh\Downloads\eclipse-jee-2023-03-R-win32-x86_64\eclipse\plugins\org.eclipse.m2e.maven.runtime_3.8.701.20230209-1606\jars\maven-settings-3.8.7.jar
2023-10-05 23:08:00,605 [Worker-27: Launching mavenrun-8ee8eefb-dae1-49e4-8523-2bb926e1c912] INFO  o.eclipse.m2e.core.internal.Bundles - 	Entry: C:\Users\satyaprakashsh\Downloads\eclipse-jee-2023-03-R-win32-x86_64\eclipse\plugins\org.eclipse.m2e.maven.runtime_3.8.701.20230209-1606\jars\maven-settings-builder-3.8.7.jar
2023-10-05 23:08:00,605 [Worker-27: Launching mavenrun-8ee8eefb-dae1-49e4-8523-2bb926e1c912] INFO  o.eclipse.m2e.core.internal.Bundles - 	Entry: C:\Users\satyaprakashsh\Downloads\eclipse-jee-2023-03-R-win32-x86_64\eclipse\plugins\org.eclipse.m2e.maven.runtime_3.8.701.20230209-1606\jars\maven-shared-utils-3.3.4.jar
2023-10-05 23:08:00,606 [Worker-27: Launching mavenrun-8ee8eefb-dae1-49e4-8523-2bb926e1c912] INFO  o.eclipse.m2e.core.internal.Bundles - 	Entry: C:\Users\satyaprakashsh\Downloads\eclipse-jee-2023-03-R-win32-x86_64\eclipse\plugins\org.eclipse.m2e.maven.runtime_3.8.701.20230209-1606\jars\okhttp-3.14.1.jar
2023-10-05 23:08:00,606 [Worker-27: Launching mavenrun-8ee8eefb-dae1-49e4-8523-2bb926e1c912] INFO  o.eclipse.m2e.core.internal.Bundles - 	Entry: C:\Users\satyaprakashsh\Downloads\eclipse-jee-2023-03-R-win32-x86_64\eclipse\plugins\org.eclipse.m2e.maven.runtime_3.8.701.20230209-1606\jars\okio-1.17.3.jar
2023-10-05 23:08:00,606 [Worker-27: Launching mavenrun-8ee8eefb-dae1-49e4-8523-2bb926e1c912] INFO  o.eclipse.m2e.core.internal.Bundles - 	Entry: C:\Users\satyaprakashsh\Downloads\eclipse-jee-2023-03-R-win32-x86_64\eclipse\plugins\org.eclipse.m2e.maven.runtime_3.8.701.20230209-1606\jars\org.eclipse.sisu.inject-0.3.5.jar
2023-10-05 23:08:00,606 [Worker-27: Launching mavenrun-8ee8eefb-dae1-49e4-8523-2bb926e1c912] INFO  o.eclipse.m2e.core.internal.Bundles - 	Entry: C:\Users\satyaprakashsh\Downloads\eclipse-jee-2023-03-R-win32-x86_64\eclipse\plugins\org.eclipse.m2e.maven.runtime_3.8.701.20230209-1606\jars\org.eclipse.sisu.plexus-0.3.5.jar
2023-10-05 23:08:00,607 [Worker-27: Launching mavenrun-8ee8eefb-dae1-49e4-8523-2bb926e1c912] INFO  o.eclipse.m2e.core.internal.Bundles - 	Entry: C:\Users\satyaprakashsh\Downloads\eclipse-jee-2023-03-R-win32-x86_64\eclipse\plugins\org.eclipse.m2e.maven.runtime_3.8.701.20230209-1606\jars\plexus-build-api-0.0.7.jar
2023-10-05 23:08:00,607 [Worker-27: Launching mavenrun-8ee8eefb-dae1-49e4-8523-2bb926e1c912] INFO  o.eclipse.m2e.core.internal.Bundles - 	Entry: C:\Users\satyaprakashsh\Downloads\eclipse-jee-2023-03-R-win32-x86_64\eclipse\plugins\org.eclipse.m2e.maven.runtime_3.8.701.20230209-1606\jars\plexus-cipher-2.0.jar
2023-10-05 23:08:00,607 [Worker-27: Launching mavenrun-8ee8eefb-dae1-49e4-8523-2bb926e1c912] INFO  o.eclipse.m2e.core.internal.Bundles - 	Entry: C:\Users\satyaprakashsh\Downloads\eclipse-jee-2023-03-R-win32-x86_64\eclipse\plugins\org.eclipse.m2e.maven.runtime_3.8.701.20230209-1606\jars\plexus-classworlds-2.6.0.jar
2023-10-05 23:08:00,607 [Worker-27: Launching mavenrun-8ee8eefb-dae1-49e4-8523-2bb926e1c912] INFO  o.eclipse.m2e.core.internal.Bundles - 	Entry: C:\Users\satyaprakashsh\Downloads\eclipse-jee-2023-03-R-win32-x86_64\eclipse\plugins\org.eclipse.m2e.maven.runtime_3.8.701.20230209-1606\jars\plexus-component-annotations-2.1.0.jar
2023-10-05 23:08:00,608 [Worker-27: Launching mavenrun-8ee8eefb-dae1-49e4-8523-2bb926e1c912] INFO  o.eclipse.m2e.core.internal.Bundles - 	Entry: C:\Users\satyaprakashsh\Downloads\eclipse-jee-2023-03-R-win32-x86_64\eclipse\plugins\org.eclipse.m2e.maven.runtime_3.8.701.20230209-1606\jars\plexus-interpolation-1.26.jar
2023-10-05 23:08:00,608 [Worker-27: Launching mavenrun-8ee8eefb-dae1-49e4-8523-2bb926e1c912] INFO  o.eclipse.m2e.core.internal.Bundles - 	Entry: C:\Users\satyaprakashsh\Downloads\eclipse-jee-2023-03-R-win32-x86_64\eclipse\plugins\org.eclipse.m2e.maven.runtime_3.8.701.20230209-1606\jars\plexus-sec-dispatcher-2.0.jar
2023-10-05 23:08:00,608 [Worker-27: Launching mavenrun-8ee8eefb-dae1-49e4-8523-2bb926e1c912] INFO  o.eclipse.m2e.core.internal.Bundles - 	Entry: C:\Users\satyaprakashsh\Downloads\eclipse-jee-2023-03-R-win32-x86_64\eclipse\plugins\org.eclipse.m2e.maven.runtime_3.8.701.20230209-1606\jars\plexus-utils-3.3.1.jar
2023-10-05 23:08:00,608 [Worker-27: Launching mavenrun-8ee8eefb-dae1-49e4-8523-2bb926e1c912] INFO  o.eclipse.m2e.core.internal.Bundles - 	Entry: C:\Users\satyaprakashsh\Downloads\eclipse-jee-2023-03-R-win32-x86_64\eclipse\plugins\org.eclipse.m2e.maven.runtime_3.8.701.20230209-1606\jars\wagon-file-3.5.3.jar
2023-10-05 23:08:00,609 [Worker-27: Launching mavenrun-8ee8eefb-dae1-49e4-8523-2bb926e1c912] INFO  o.eclipse.m2e.core.internal.Bundles - 	Entry: C:\Users\satyaprakashsh\Downloads\eclipse-jee-2023-03-R-win32-x86_64\eclipse\plugins\org.eclipse.m2e.maven.runtime_3.8.701.20230209-1606\jars\wagon-provider-api-3.5.3.jar
2023-10-05 23:08:00,611 [Worker-27: Launching mavenrun-8ee8eefb-dae1-49e4-8523-2bb926e1c912] INFO  o.eclipse.m2e.core.internal.Bundles - getClasspathEntries(Bundle=com.google.guava_31.1.0.jre [11])
2023-10-05 23:08:00,612 [Worker-27: Launching mavenrun-8ee8eefb-dae1-49e4-8523-2bb926e1c912] INFO  o.eclipse.m2e.core.internal.Bundles - 	Entry: C:\Users\satyaprakashsh\Downloads\eclipse-jee-2023-03-R-win32-x86_64\eclipse\plugins\com.google.guava_31.1.0.jre.jar
2023-10-05 23:08:00,612 [Worker-27: Launching mavenrun-8ee8eefb-dae1-49e4-8523-2bb926e1c912] INFO  o.eclipse.m2e.core.internal.Bundles - getClasspathEntries(Bundle=slf4j.api_1.7.36 [924])
2023-10-05 23:08:00,614 [Worker-27: Launching mavenrun-8ee8eefb-dae1-49e4-8523-2bb926e1c912] INFO  o.eclipse.m2e.core.internal.Bundles - 	Entry: C:\Users\satyaprakashsh\Downloads\eclipse-jee-2023-03-R-win32-x86_64\eclipse\plugins\slf4j.api_1.7.36.jar
2023-10-05 23:08:00,614 [Worker-27: Launching mavenrun-8ee8eefb-dae1-49e4-8523-2bb926e1c912] INFO  o.eclipse.m2e.core.internal.Bundles - getClasspathEntries(Bundle=javax.inject_1.0.0.v20220405-0441 [35])
2023-10-05 23:08:00,616 [Worker-27: Launching mavenrun-8ee8eefb-dae1-49e4-8523-2bb926e1c912] INFO  o.eclipse.m2e.core.internal.Bundles - 	Entry: C:\Users\satyaprakashsh\Downloads\eclipse-jee-2023-03-R-win32-x86_64\eclipse\plugins\javax.inject_1.0.0.v20220405-0441.jar
2023-10-05 23:08:00,616 [Worker-27: Launching mavenrun-8ee8eefb-dae1-49e4-8523-2bb926e1c912] INFO  o.eclipse.m2e.core.internal.Bundles - getClasspathEntries(Bundle=javax.annotation_1.3.5.v20221203-1659 [33])
2023-10-05 23:08:00,618 [Worker-27: Launching mavenrun-8ee8eefb-dae1-49e4-8523-2bb926e1c912] INFO  o.eclipse.m2e.core.internal.Bundles - 	Entry: C:\Users\satyaprakashsh\Downloads\eclipse-jee-2023-03-R-win32-x86_64\eclipse\plugins\javax.annotation_1.3.5.v20221203-1659.jar
2023-10-05 23:08:00,618 [Worker-27: Launching mavenrun-8ee8eefb-dae1-49e4-8523-2bb926e1c912] INFO  o.eclipse.m2e.core.internal.Bundles - getClasspathEntries(Bundle=org.apache.commons.cli_1.4.0.v20221112-0806 [67])
2023-10-05 23:08:00,620 [Worker-27: Launching mavenrun-8ee8eefb-dae1-49e4-8523-2bb926e1c912] INFO  o.eclipse.m2e.core.internal.Bundles - 	Entry: C:\Users\satyaprakashsh\Downloads\eclipse-jee-2023-03-R-win32-x86_64\eclipse\plugins\org.apache.commons.cli_1.4.0.v20221112-0806.jar
2023-10-05 23:08:00,620 [Worker-27: Launching mavenrun-8ee8eefb-dae1-49e4-8523-2bb926e1c912] INFO  o.eclipse.m2e.core.internal.Bundles - getClasspathEntries(Bundle=com.google.guava.failureaccess_1.0.1 [13])
2023-10-05 23:08:00,621 [Worker-27: Launching mavenrun-8ee8eefb-dae1-49e4-8523-2bb926e1c912] INFO  o.eclipse.m2e.core.internal.Bundles - 	Entry: C:\Users\satyaprakashsh\Downloads\eclipse-jee-2023-03-R-win32-x86_64\eclipse\plugins\com.google.guava.failureaccess_1.0.1.jar
2023-10-05 23:08:00,628 [Worker-27: Launching mavenrun-8ee8eefb-dae1-49e4-8523-2bb926e1c912] INFO  o.e.m.i.launch.MavenLaunchDelegate - Run build in "C:\Users\SATYAP~1\AppData\Local\Temp\m2e-archetypeGenerator18110251106596509410":
2023-10-05 23:08:00,633 [Worker-27: Launching mavenrun-8ee8eefb-dae1-49e4-8523-2bb926e1c912] INFO  o.e.m.i.launch.MavenLaunchDelegate -  mvn  -DarchetypeGroupId=de.bripkens -DarchetypeArtifactId=java-quickstart -DarchetypeVersion=0.2.0 -DgroupId=infinite -DartifactId=RegularExpression -Dversion=0.0.1-SNAPSHOT -Dpackage=com.java.reg -DoutputDirectory=D:\infinite_java\RegularExpression -Dstyle.color=always -U archetype:generate
2023-10-05 23:08:33,439 [Worker-26: Creating java-quickstart] INFO  o.e.m.c.i.p.ProjectConfigurationManager - Collecting project info '/pom.xml' D:\infinite_java\RegularExpression\RegularExpression\pom.xml
2023-10-05 23:08:42,578 [Worker-26: Creating java-quickstart] INFO  o.e.m.c.i.l.LifecycleMappingFactory - Using org.eclipse.m2e.jdt.JarLifecycleMapping lifecycle mapping for MavenProject: infinite:RegularExpression:0.0.1-SNAPSHOT @ D:\infinite_java\RegularExpression\RegularExpression\pom.xml.
2023-10-05 23:08:44,163 [Worker-26: Creating java-quickstart] INFO  o.e.m.j.i.AbstractJavaProjectConfigurator - Adding source folder /RegularExpression/src/main/java
2023-10-05 23:08:44,184 [Worker-26: Creating java-quickstart] INFO  o.e.m.j.i.AbstractJavaProjectConfigurator - Adding source folder /RegularExpression/src/test/java
2023-10-05 23:08:46,146 [Worker-26: Creating java-quickstart] INFO  o.e.m.c.i.embedder.EclipseLogger - Using 'UTF-8' encoding to copy filtered resources.
2023-10-05 23:08:46,147 [Worker-26: Creating java-quickstart] INFO  o.e.m.c.i.embedder.EclipseLogger - skip non existing resourceDirectory D:\infinite_java\RegularExpression\RegularExpression\src\main\resources
2023-10-05 23:08:46,149 [Worker-26: Creating java-quickstart] INFO  o.e.m.c.i.embedder.EclipseLogger - Using 'UTF-8' encoding to copy filtered resources.
2023-10-05 23:08:46,149 [Worker-26: Creating java-quickstart] INFO  o.e.m.c.i.embedder.EclipseLogger - skip non existing resourceDirectory D:\infinite_java\RegularExpression\RegularExpression\src\test\resources
2023-10-05 23:08:46,384 [Worker-26: Creating java-quickstart] INFO  o.e.m.c.i.p.ProjectConfigurationManager - Imported and configured 1 project(s) in 12 sec
2023-10-05 23:09:21,134 [Worker-25: Building] INFO  o.e.m.c.i.embedder.EclipseLogger - Using 'UTF-8' encoding to copy filtered resources.
2023-10-05 23:09:21,135 [Worker-25: Building] INFO  o.e.m.c.i.embedder.EclipseLogger - skip non existing resourceDirectory D:\infinite_java\RegularExpression\RegularExpression\src\main\resources
2023-10-05 23:09:21,138 [Worker-25: Building] INFO  o.e.m.c.i.embedder.EclipseLogger - Using 'UTF-8' encoding to copy filtered resources.
2023-10-05 23:09:21,138 [Worker-25: Building] INFO  o.e.m.c.i.embedder.EclipseLogger - skip non existing resourceDirectory D:\infinite_java\RegularExpression\RegularExpression\src\test\resources
2023-10-05 23:10:39,163 [Worker-27: Building] INFO  o.e.m.c.i.embedder.EclipseLogger - Using 'UTF-8' encoding to copy filtered resources.
2023-10-05 23:10:39,163 [Worker-27: Building] INFO  o.e.m.c.i.embedder.EclipseLogger - skip non existing resourceDirectory D:\infinite_java\RegularExpression\RegularExpression\src\main\resources
2023-10-05 23:10:39,165 [Worker-27: Building] INFO  o.e.m.c.i.embedder.EclipseLogger - Using 'UTF-8' encoding to copy filtered resources.
2023-10-05 23:10:39,166 [Worker-27: Building] INFO  o.e.m.c.i.embedder.EclipseLogger - skip non existing resourceDirectory D:\infinite_java\RegularExpression\RegularExpression\src\test\resources
2023-10-05 23:11:25,360 [Worker-9: Building] INFO  o.e.m.c.i.embedder.EclipseLogger - Using 'UTF-8' encoding to copy filtered resources.
2023-10-05 23:11:25,360 [Worker-9: Building] INFO  o.e.m.c.i.embedder.EclipseLogger - skip non existing resourceDirectory D:\infinite_java\RegularExpression\RegularExpression\src\main\resources
2023-10-05 23:11:25,362 [Worker-9: Building] INFO  o.e.m.c.i.embedder.EclipseLogger - Using 'UTF-8' encoding to copy filtered resources.
2023-10-05 23:11:25,362 [Worker-9: Building] INFO  o.e.m.c.i.embedder.EclipseLogger - skip non existing resourceDirectory D:\infinite_java\RegularExpression\RegularExpression\src\test\resources
2023-10-05 23:15:31,028 [Worker-29: Building] INFO  o.e.m.c.i.embedder.EclipseLogger - Using 'UTF-8' encoding to copy filtered resources.
2023-10-05 23:15:31,028 [Worker-29: Building] INFO  o.e.m.c.i.embedder.EclipseLogger - skip non existing resourceDirectory D:\infinite_java\RegularExpression\RegularExpression\src\main\resources
2023-10-05 23:15:31,030 [Worker-29: Building] INFO  o.e.m.c.i.embedder.EclipseLogger - Using 'UTF-8' encoding to copy filtered resources.
2023-10-05 23:15:31,030 [Worker-29: Building] INFO  o.e.m.c.i.embedder.EclipseLogger - skip non existing resourceDirectory D:\infinite_java\RegularExpression\RegularExpression\src\test\resources
2023-10-05 23:15:44,917 [Worker-29: Building] INFO  o.e.m.c.i.embedder.EclipseLogger - Using 'UTF-8' encoding to copy filtered resources.
2023-10-05 23:15:44,917 [Worker-29: Building] INFO  o.e.m.c.i.embedder.EclipseLogger - skip non existing resourceDirectory D:\infinite_java\RegularExpression\RegularExpression\src\main\resources
2023-10-05 23:15:44,918 [Worker-29: Building] INFO  o.e.m.c.i.embedder.EclipseLogger - Using 'UTF-8' encoding to copy filtered resources.
2023-10-05 23:15:44,920 [Worker-29: Building] INFO  o.e.m.c.i.embedder.EclipseLogger - skip non existing resourceDirectory D:\infinite_java\RegularExpression\RegularExpression\src\test\resources
2023-10-05 23:20:19,888 [Worker-31: Building] INFO  o.e.m.c.i.embedder.EclipseLogger - Using 'UTF-8' encoding to copy filtered resources.
2023-10-05 23:20:19,888 [Worker-31: Building] INFO  o.e.m.c.i.embedder.EclipseLogger - skip non existing resourceDirectory D:\infinite_java\RegularExpression\RegularExpression\src\main\resources
2023-10-05 23:20:19,890 [Worker-31: Building] INFO  o.e.m.c.i.embedder.EclipseLogger - Using 'UTF-8' encoding to copy filtered resources.
2023-10-05 23:20:19,890 [Worker-31: Building] INFO  o.e.m.c.i.embedder.EclipseLogger - skip non existing resourceDirectory D:\infinite_java\RegularExpression\RegularExpression\src\test\resources
2023-10-05 23:21:01,525 [Worker-10: Building] INFO  o.e.m.c.i.embedder.EclipseLogger - Using 'UTF-8' encoding to copy filtered resources.
2023-10-05 23:21:01,525 [Worker-10: Building] INFO  o.e.m.c.i.embedder.EclipseLogger - skip non existing resourceDirectory D:\infinite_java\RegularExpression\RegularExpression\src\main\resources
2023-10-05 23:21:01,529 [Worker-10: Building] INFO  o.e.m.c.i.embedder.EclipseLogger - Using 'UTF-8' encoding to copy filtered resources.
2023-10-05 23:21:01,530 [Worker-10: Building] INFO  o.e.m.c.i.embedder.EclipseLogger - skip non existing resourceDirectory D:\infinite_java\RegularExpression\RegularExpression\src\test\resources
2023-10-05 23:24:57,116 [Worker-37: Building] INFO  o.e.m.c.i.embedder.EclipseLogger - Using 'UTF-8' encoding to copy filtered resources.
2023-10-05 23:24:57,116 [Worker-37: Building] INFO  o.e.m.c.i.embedder.EclipseLogger - skip non existing resourceDirectory D:\infinite_java\RegularExpression\RegularExpression\src\main\resources
2023-10-05 23:24:57,117 [Worker-37: Building] INFO  o.e.m.c.i.embedder.EclipseLogger - Using 'UTF-8' encoding to copy filtered resources.
2023-10-05 23:24:57,118 [Worker-37: Building] INFO  o.e.m.c.i.embedder.EclipseLogger - skip non existing resourceDirectory D:\infinite_java\RegularExpression\RegularExpression\src\test\resources
2023-10-05 23:27:50,485 [Worker-36: Building] INFO  o.e.m.c.i.embedder.EclipseLogger - Using 'UTF-8' encoding to copy filtered resources.
2023-10-05 23:27:50,486 [Worker-36: Building] INFO  o.e.m.c.i.embedder.EclipseLogger - skip non existing resourceDirectory D:\infinite_java\RegularExpression\RegularExpression\src\main\resources
2023-10-05 23:27:50,488 [Worker-36: Building] INFO  o.e.m.c.i.embedder.EclipseLogger - Using 'UTF-8' encoding to copy filtered resources.
2023-10-05 23:27:50,488 [Worker-36: Building] INFO  o.e.m.c.i.embedder.EclipseLogger - skip non existing resourceDirectory D:\infinite_java\RegularExpression\RegularExpression\src\test\resources
2023-10-05 23:31:18,326 [Worker-48: Building] INFO  o.e.m.c.i.embedder.EclipseLogger - Using 'UTF-8' encoding to copy filtered resources.
2023-10-05 23:31:18,326 [Worker-48: Building] INFO  o.e.m.c.i.embedder.EclipseLogger - skip non existing resourceDirectory D:\infinite_java\RegularExpression\RegularExpression\src\main\resources
2023-10-05 23:31:18,328 [Worker-48: Building] INFO  o.e.m.c.i.embedder.EclipseLogger - Using 'UTF-8' encoding to copy filtered resources.
2023-10-05 23:31:18,328 [Worker-48: Building] INFO  o.e.m.c.i.embedder.EclipseLogger - skip non existing resourceDirectory D:\infinite_java\RegularExpression\RegularExpression\src\test\resources
2023-10-05 23:32:16,396 [Worker-42: Building] INFO  o.e.m.c.i.embedder.EclipseLogger - Using 'UTF-8' encoding to copy filtered resources.
2023-10-05 23:32:16,396 [Worker-42: Building] INFO  o.e.m.c.i.embedder.EclipseLogger - skip non existing resourceDirectory D:\infinite_java\RegularExpression\RegularExpression\src\main\resources
2023-10-05 23:32:16,398 [Worker-42: Building] INFO  o.e.m.c.i.embedder.EclipseLogger - Using 'UTF-8' encoding to copy filtered resources.
2023-10-05 23:32:16,398 [Worker-42: Building] INFO  o.e.m.c.i.embedder.EclipseLogger - skip non existing resourceDirectory D:\infinite_java\RegularExpression\RegularExpression\src\test\resources
2023-10-05 23:37:50,786 [Worker-49: Building] INFO  o.e.m.c.i.embedder.EclipseLogger - Using 'UTF-8' encoding to copy filtered resources.
2023-10-05 23:37:50,787 [Worker-49: Building] INFO  o.e.m.c.i.embedder.EclipseLogger - skip non existing resourceDirectory D:\infinite_java\RegularExpression\RegularExpression\src\main\resources
2023-10-05 23:37:50,789 [Worker-49: Building] INFO  o.e.m.c.i.embedder.EclipseLogger - Using 'UTF-8' encoding to copy filtered resources.
2023-10-05 23:37:50,789 [Worker-49: Building] INFO  o.e.m.c.i.embedder.EclipseLogger - skip non existing resourceDirectory D:\infinite_java\RegularExpression\RegularExpression\src\test\resources
2023-10-05 23:38:22,985 [Worker-52: Building] INFO  o.e.m.c.i.embedder.EclipseLogger - Using 'UTF-8' encoding to copy filtered resources.
2023-10-05 23:38:22,985 [Worker-52: Building] INFO  o.e.m.c.i.embedder.EclipseLogger - skip non existing resourceDirectory D:\infinite_java\RegularExpression\RegularExpression\src\main\resources
2023-10-05 23:38:22,988 [Worker-52: Building] INFO  o.e.m.c.i.embedder.EclipseLogger - Using 'UTF-8' encoding to copy filtered resources.
2023-10-05 23:38:22,988 [Worker-52: Building] INFO  o.e.m.c.i.embedder.EclipseLogger - skip non existing resourceDirectory D:\infinite_java\RegularExpression\RegularExpression\src\test\resources
2023-10-05 23:38:34,981 [Worker-52: Building] INFO  o.e.m.c.i.embedder.EclipseLogger - Using 'UTF-8' encoding to copy filtered resources.
2023-10-05 23:38:34,981 [Worker-52: Building] INFO  o.e.m.c.i.embedder.EclipseLogger - skip non existing resourceDirectory D:\infinite_java\RegularExpression\RegularExpression\src\main\resources
2023-10-05 23:38:34,983 [Worker-52: Building] INFO  o.e.m.c.i.embedder.EclipseLogger - Using 'UTF-8' encoding to copy filtered resources.
2023-10-05 23:38:34,984 [Worker-52: Building] INFO  o.e.m.c.i.embedder.EclipseLogger - skip non existing resourceDirectory D:\infinite_java\RegularExpression\RegularExpression\src\test\resources
2023-10-05 23:38:55,167 [Worker-55: Building] INFO  o.e.m.c.i.embedder.EclipseLogger - Using 'UTF-8' encoding to copy filtered resources.
2023-10-05 23:38:55,168 [Worker-55: Building] INFO  o.e.m.c.i.embedder.EclipseLogger - skip non existing resourceDirectory D:\infinite_java\RegularExpression\RegularExpression\src\main\resources
2023-10-05 23:38:55,171 [Worker-55: Building] INFO  o.e.m.c.i.embedder.EclipseLogger - Using 'UTF-8' encoding to copy filtered resources.
2023-10-05 23:38:55,171 [Worker-55: Building] INFO  o.e.m.c.i.embedder.EclipseLogger - skip non existing resourceDirectory D:\infinite_java\RegularExpression\RegularExpression\src\test\resources
2023-10-05 23:41:36,365 [Worker-50: Building] INFO  o.e.m.c.i.embedder.EclipseLogger - Using 'UTF-8' encoding to copy filtered resources.
2023-10-05 23:41:36,366 [Worker-50: Building] INFO  o.e.m.c.i.embedder.EclipseLogger - skip non existing resourceDirectory D:\infinite_java\RegularExpression\RegularExpression\src\main\resources
2023-10-05 23:41:36,369 [Worker-50: Building] INFO  o.e.m.c.i.embedder.EclipseLogger - Using 'UTF-8' encoding to copy filtered resources.
2023-10-05 23:41:36,369 [Worker-50: Building] INFO  o.e.m.c.i.embedder.EclipseLogger - skip non existing resourceDirectory D:\infinite_java\RegularExpression\RegularExpression\src\test\resources
2023-10-05 23:41:47,727 [Worker-50: Building] INFO  o.e.m.c.i.embedder.EclipseLogger - Using 'UTF-8' encoding to copy filtered resources.
2023-10-05 23:41:47,727 [Worker-50: Building] INFO  o.e.m.c.i.embedder.EclipseLogger - skip non existing resourceDirectory D:\infinite_java\RegularExpression\RegularExpression\src\main\resources
2023-10-05 23:41:47,730 [Worker-50: Building] INFO  o.e.m.c.i.embedder.EclipseLogger - Using 'UTF-8' encoding to copy filtered resources.
2023-10-05 23:41:47,730 [Worker-50: Building] INFO  o.e.m.c.i.embedder.EclipseLogger - skip non existing resourceDirectory D:\infinite_java\RegularExpression\RegularExpression\src\test\resources
2023-10-05 23:42:29,425 [Worker-55: Building] INFO  o.e.m.c.i.embedder.EclipseLogger - Using 'UTF-8' encoding to copy filtered resources.
2023-10-05 23:42:29,425 [Worker-55: Building] INFO  o.e.m.c.i.embedder.EclipseLogger - skip non existing resourceDirectory D:\infinite_java\RegularExpression\RegularExpression\src\main\resources
2023-10-05 23:42:29,426 [Worker-55: Building] INFO  o.e.m.c.i.embedder.EclipseLogger - Using 'UTF-8' encoding to copy filtered resources.
2023-10-05 23:42:29,426 [Worker-55: Building] INFO  o.e.m.c.i.embedder.EclipseLogger - skip non existing resourceDirectory D:\infinite_java\RegularExpression\RegularExpression\src\test\resources
2023-10-05 23:42:51,906 [Worker-56: Building] INFO  o.e.m.c.i.embedder.EclipseLogger - Using 'UTF-8' encoding to copy filtered resources.
2023-10-05 23:42:51,907 [Worker-56: Building] INFO  o.e.m.c.i.embedder.EclipseLogger - skip non existing resourceDirectory D:\infinite_java\RegularExpression\RegularExpression\src\main\resources
2023-10-05 23:42:51,909 [Worker-56: Building] INFO  o.e.m.c.i.embedder.EclipseLogger - Using 'UTF-8' encoding to copy filtered resources.
2023-10-05 23:42:51,909 [Worker-56: Building] INFO  o.e.m.c.i.embedder.EclipseLogger - skip non existing resourceDirectory D:\infinite_java\RegularExpression\RegularExpression\src\test\resources
2023-10-05 23:45:58,959 [Worker-60: Building] INFO  o.e.m.c.i.embedder.EclipseLogger - Using 'UTF-8' encoding to copy filtered resources.
2023-10-05 23:45:58,960 [Worker-60: Building] INFO  o.e.m.c.i.embedder.EclipseLogger - skip non existing resourceDirectory D:\infinite_java\RegularExpression\RegularExpression\src\main\resources
2023-10-05 23:45:58,962 [Worker-60: Building] INFO  o.e.m.c.i.embedder.EclipseLogger - Using 'UTF-8' encoding to copy filtered resources.
2023-10-05 23:45:58,962 [Worker-60: Building] INFO  o.e.m.c.i.embedder.EclipseLogger - skip non existing resourceDirectory D:\infinite_java\RegularExpression\RegularExpression\src\test\resources
2023-10-05 23:46:12,079 [Worker-60: Building] INFO  o.e.m.c.i.embedder.EclipseLogger - Using 'UTF-8' encoding to copy filtered resources.
2023-10-05 23:46:12,079 [Worker-60: Building] INFO  o.e.m.c.i.embedder.EclipseLogger - skip non existing resourceDirectory D:\infinite_java\RegularExpression\RegularExpression\src\main\resources
2023-10-05 23:46:12,082 [Worker-60: Building] INFO  o.e.m.c.i.embedder.EclipseLogger - Using 'UTF-8' encoding to copy filtered resources.
2023-10-05 23:46:12,083 [Worker-60: Building] INFO  o.e.m.c.i.embedder.EclipseLogger - skip non existing resourceDirectory D:\infinite_java\RegularExpression\RegularExpression\src\test\resources
2023-10-05 23:46:28,026 [Worker-59: Building] INFO  o.e.m.c.i.embedder.EclipseLogger - Using 'UTF-8' encoding to copy filtered resources.
2023-10-05 23:46:28,027 [Worker-59: Building] INFO  o.e.m.c.i.embedder.EclipseLogger - skip non existing resourceDirectory D:\infinite_java\RegularExpression\RegularExpression\src\main\resources
2023-10-05 23:46:28,029 [Worker-59: Building] INFO  o.e.m.c.i.embedder.EclipseLogger - Using 'UTF-8' encoding to copy filtered resources.
2023-10-05 23:46:28,029 [Worker-59: Building] INFO  o.e.m.c.i.embedder.EclipseLogger - skip non existing resourceDirectory D:\infinite_java\RegularExpression\RegularExpression\src\test\resources
2023-10-05 23:51:01,543 [Worker-66: Building] INFO  o.e.m.c.i.embedder.EclipseLogger - Using 'UTF-8' encoding to copy filtered resources.
2023-10-05 23:51:01,543 [Worker-66: Building] INFO  o.e.m.c.i.embedder.EclipseLogger - skip non existing resourceDirectory D:\infinite_java\RegularExpression\RegularExpression\src\main\resources
2023-10-05 23:51:01,546 [Worker-66: Building] INFO  o.e.m.c.i.embedder.EclipseLogger - Using 'UTF-8' encoding to copy filtered resources.
2023-10-05 23:51:01,546 [Worker-66: Building] INFO  o.e.m.c.i.embedder.EclipseLogger - skip non existing resourceDirectory D:\infinite_java\RegularExpression\RegularExpression\src\test\resources
2023-10-05 23:54:08,045 [Worker-62: Building] INFO  o.e.m.c.i.embedder.EclipseLogger - Using 'UTF-8' encoding to copy filtered resources.
2023-10-05 23:54:08,045 [Worker-62: Building] INFO  o.e.m.c.i.embedder.EclipseLogger - skip non existing resourceDirectory D:\infinite_java\RegularExpression\RegularExpression\src\main\resources
2023-10-05 23:54:08,047 [Worker-62: Building] INFO  o.e.m.c.i.embedder.EclipseLogger - Using 'UTF-8' encoding to copy filtered resources.
2023-10-05 23:54:08,047 [Worker-62: Building] INFO  o.e.m.c.i.embedder.EclipseLogger - skip non existing resourceDirectory D:\infinite_java\RegularExpression\RegularExpression\src\test\resources
2023-10-05 23:54:26,439 [Worker-67: Building] INFO  o.e.m.c.i.embedder.EclipseLogger - Using 'UTF-8' encoding to copy filtered resources.
2023-10-05 23:54:26,439 [Worker-67: Building] INFO  o.e.m.c.i.embedder.EclipseLogger - skip non existing resourceDirectory D:\infinite_java\RegularExpression\RegularExpression\src\main\resources
2023-10-05 23:54:26,441 [Worker-67: Building] INFO  o.e.m.c.i.embedder.EclipseLogger - Using 'UTF-8' encoding to copy filtered resources.
2023-10-05 23:54:26,441 [Worker-67: Building] INFO  o.e.m.c.i.embedder.EclipseLogger - skip non existing resourceDirectory D:\infinite_java\RegularExpression\RegularExpression\src\test\resources
2023-10-05 23:55:31,346 [Worker-68: Building] INFO  o.e.m.c.i.embedder.EclipseLogger - Using 'UTF-8' encoding to copy filtered resources.
2023-10-05 23:55:31,346 [Worker-68: Building] INFO  o.e.m.c.i.embedder.EclipseLogger - skip non existing resourceDirectory D:\infinite_java\RegularExpression\RegularExpression\src\main\resources
2023-10-05 23:55:31,347 [Worker-68: Building] INFO  o.e.m.c.i.embedder.EclipseLogger - Using 'UTF-8' encoding to copy filtered resources.
2023-10-05 23:55:31,348 [Worker-68: Building] INFO  o.e.m.c.i.embedder.EclipseLogger - skip non existing resourceDirectory D:\infinite_java\RegularExpression\RegularExpression\src\test\resources
2023-10-06 00:05:24,132 [Worker-81: Building] INFO  o.e.m.c.i.embedder.EclipseLogger - Using 'UTF-8' encoding to copy filtered resources.
2023-10-06 00:05:24,132 [Worker-81: Building] INFO  o.e.m.c.i.embedder.EclipseLogger - skip non existing resourceDirectory D:\infinite_java\RegularExpression\RegularExpression\src\main\resources
2023-10-06 00:05:24,133 [Worker-81: Building] INFO  o.e.m.c.i.embedder.EclipseLogger - Using 'UTF-8' encoding to copy filtered resources.
2023-10-06 00:05:24,133 [Worker-81: Building] INFO  o.e.m.c.i.embedder.EclipseLogger - skip non existing resourceDirectory D:\infinite_java\RegularExpression\RegularExpression\src\test\resources
2023-10-06 00:06:07,898 [Worker-86: Building] INFO  o.e.m.c.i.embedder.EclipseLogger - Using 'UTF-8' encoding to copy filtered resources.
2023-10-06 00:06:07,898 [Worker-86: Building] INFO  o.e.m.c.i.embedder.EclipseLogger - skip non existing resourceDirectory D:\infinite_java\RegularExpression\RegularExpression\src\main\resources
2023-10-06 00:06:07,899 [Worker-86: Building] INFO  o.e.m.c.i.embedder.EclipseLogger - Using 'UTF-8' encoding to copy filtered resources.
2023-10-06 00:06:07,899 [Worker-86: Building] INFO  o.e.m.c.i.embedder.EclipseLogger - skip non existing resourceDirectory D:\infinite_java\RegularExpression\RegularExpression\src\test\resources
