2023-10-05 21:38:57,365 [Worker-1: Loading available Gradle versions] INFO  o.e.b.c.i.u.g.PublishedGradleVersions - Gradle version information cache is out-of-date. Trying to update.
2023-10-05 21:40:07,167 [Worker-24: Launching mavenrun-de084a2d-20c6-4eb4-a216-397263dc7e28] INFO  o.eclipse.m2e.core.internal.Bundles - getClasspathEntries(Bundle=org.eclipse.m2e.maven.runtime_3.8.701.20230209-1606 [610])
2023-10-05 21:40:07,333 [Worker-24: Launching mavenrun-de084a2d-20c6-4eb4-a216-397263dc7e28] INFO  o.eclipse.m2e.core.internal.Bundles - 	Entry: C:\Users\satyaprakashsh\Downloads\eclipse-jee-2023-03-R-win32-x86_64\eclipse\plugins\org.eclipse.m2e.maven.runtime_3.8.701.20230209-1606
2023-10-05 21:40:07,333 [Worker-24: Launching mavenrun-de084a2d-20c6-4eb4-a216-397263dc7e28] INFO  o.eclipse.m2e.core.internal.Bundles - 	Entry: C:\Users\satyaprakashsh\Downloads\eclipse-jee-2023-03-R-win32-x86_64\eclipse\plugins\org.eclipse.m2e.maven.runtime_3.8.701.20230209-1606\jars\aether-connector-okhttp-0.17.8.jar
2023-10-05 21:40:07,334 [Worker-24: Launching mavenrun-de084a2d-20c6-4eb4-a216-397263dc7e28] INFO  o.eclipse.m2e.core.internal.Bundles - 	Entry: C:\Users\satyaprakashsh\Downloads\eclipse-jee-2023-03-R-win32-x86_64\eclipse\plugins\org.eclipse.m2e.maven.runtime_3.8.701.20230209-1606\jars\commons-lang3-3.8.1.jar
2023-10-05 21:40:07,334 [Worker-24: Launching mavenrun-de084a2d-20c6-4eb4-a216-397263dc7e28] INFO  o.eclipse.m2e.core.internal.Bundles - 	Entry: C:\Users\satyaprakashsh\Downloads\eclipse-jee-2023-03-R-win32-x86_64\eclipse\plugins\org.eclipse.m2e.maven.runtime_3.8.701.20230209-1606\jars\guice-4.2.2-no_aop.jar
2023-10-05 21:40:07,334 [Worker-24: Launching mavenrun-de084a2d-20c6-4eb4-a216-397263dc7e28] INFO  o.eclipse.m2e.core.internal.Bundles - 	Entry: C:\Users\satyaprakashsh\Downloads\eclipse-jee-2023-03-R-win32-x86_64\eclipse\plugins\org.eclipse.m2e.maven.runtime_3.8.701.20230209-1606\jars\jansi-2.4.0.jar
2023-10-05 21:40:07,335 [Worker-24: Launching mavenrun-de084a2d-20c6-4eb4-a216-397263dc7e28] INFO  o.eclipse.m2e.core.internal.Bundles - 	Entry: C:\Users\satyaprakashsh\Downloads\eclipse-jee-2023-03-R-win32-x86_64\eclipse\plugins\org.eclipse.m2e.maven.runtime_3.8.701.20230209-1606\jars\maven-artifact-3.8.7.jar
2023-10-05 21:40:07,335 [Worker-24: Launching mavenrun-de084a2d-20c6-4eb4-a216-397263dc7e28] INFO  o.eclipse.m2e.core.internal.Bundles - 	Entry: C:\Users\satyaprakashsh\Downloads\eclipse-jee-2023-03-R-win32-x86_64\eclipse\plugins\org.eclipse.m2e.maven.runtime_3.8.701.20230209-1606\jars\maven-builder-support-3.8.7.jar
2023-10-05 21:40:07,336 [Worker-24: Launching mavenrun-de084a2d-20c6-4eb4-a216-397263dc7e28] INFO  o.eclipse.m2e.core.internal.Bundles - 	Entry: C:\Users\satyaprakashsh\Downloads\eclipse-jee-2023-03-R-win32-x86_64\eclipse\plugins\org.eclipse.m2e.maven.runtime_3.8.701.20230209-1606\jars\maven-compat-3.8.7.jar
2023-10-05 21:40:07,336 [Worker-24: Launching mavenrun-de084a2d-20c6-4eb4-a216-397263dc7e28] INFO  o.eclipse.m2e.core.internal.Bundles - 	Entry: C:\Users\satyaprakashsh\Downloads\eclipse-jee-2023-03-R-win32-x86_64\eclipse\plugins\org.eclipse.m2e.maven.runtime_3.8.701.20230209-1606\jars\maven-core-3.8.7.jar
2023-10-05 21:40:07,336 [Worker-24: Launching mavenrun-de084a2d-20c6-4eb4-a216-397263dc7e28] INFO  o.eclipse.m2e.core.internal.Bundles - 	Entry: C:\Users\satyaprakashsh\Downloads\eclipse-jee-2023-03-R-win32-x86_64\eclipse\plugins\org.eclipse.m2e.maven.runtime_3.8.701.20230209-1606\jars\maven-embedder-3.8.7.jar
2023-10-05 21:40:07,337 [Worker-24: Launching mavenrun-de084a2d-20c6-4eb4-a216-397263dc7e28] INFO  o.eclipse.m2e.core.internal.Bundles - 	Entry: C:\Users\satyaprakashsh\Downloads\eclipse-jee-2023-03-R-win32-x86_64\eclipse\plugins\org.eclipse.m2e.maven.runtime_3.8.701.20230209-1606\jars\maven-model-3.8.7.jar
2023-10-05 21:40:07,337 [Worker-24: Launching mavenrun-de084a2d-20c6-4eb4-a216-397263dc7e28] INFO  o.eclipse.m2e.core.internal.Bundles - 	Entry: C:\Users\satyaprakashsh\Downloads\eclipse-jee-2023-03-R-win32-x86_64\eclipse\plugins\org.eclipse.m2e.maven.runtime_3.8.701.20230209-1606\jars\maven-model-builder-3.8.7.jar
2023-10-05 21:40:07,338 [Worker-24: Launching mavenrun-de084a2d-20c6-4eb4-a216-397263dc7e28] INFO  o.eclipse.m2e.core.internal.Bundles - 	Entry: C:\Users\satyaprakashsh\Downloads\eclipse-jee-2023-03-R-win32-x86_64\eclipse\plugins\org.eclipse.m2e.maven.runtime_3.8.701.20230209-1606\jars\maven-plugin-api-3.8.7.jar
2023-10-05 21:40:07,338 [Worker-24: Launching mavenrun-de084a2d-20c6-4eb4-a216-397263dc7e28] INFO  o.eclipse.m2e.core.internal.Bundles - 	Entry: C:\Users\satyaprakashsh\Downloads\eclipse-jee-2023-03-R-win32-x86_64\eclipse\plugins\org.eclipse.m2e.maven.runtime_3.8.701.20230209-1606\jars\maven-repository-metadata-3.8.7.jar
2023-10-05 21:40:07,338 [Worker-24: Launching mavenrun-de084a2d-20c6-4eb4-a216-397263dc7e28] INFO  o.eclipse.m2e.core.internal.Bundles - 	Entry: C:\Users\satyaprakashsh\Downloads\eclipse-jee-2023-03-R-win32-x86_64\eclipse\plugins\org.eclipse.m2e.maven.runtime_3.8.701.20230209-1606\jars\maven-resolver-api-1.6.3.jar
2023-10-05 21:40:07,339 [Worker-24: Launching mavenrun-de084a2d-20c6-4eb4-a216-397263dc7e28] INFO  o.eclipse.m2e.core.internal.Bundles - 	Entry: C:\Users\satyaprakashsh\Downloads\eclipse-jee-2023-03-R-win32-x86_64\eclipse\plugins\org.eclipse.m2e.maven.runtime_3.8.701.20230209-1606\jars\maven-resolver-connector-basic-1.6.3.jar
2023-10-05 21:40:07,339 [Worker-24: Launching mavenrun-de084a2d-20c6-4eb4-a216-397263dc7e28] INFO  o.eclipse.m2e.core.internal.Bundles - 	Entry: C:\Users\satyaprakashsh\Downloads\eclipse-jee-2023-03-R-win32-x86_64\eclipse\plugins\org.eclipse.m2e.maven.runtime_3.8.701.20230209-1606\jars\maven-resolver-impl-1.6.3.jar
2023-10-05 21:40:07,339 [Worker-24: Launching mavenrun-de084a2d-20c6-4eb4-a216-397263dc7e28] INFO  o.eclipse.m2e.core.internal.Bundles - 	Entry: C:\Users\satyaprakashsh\Downloads\eclipse-jee-2023-03-R-win32-x86_64\eclipse\plugins\org.eclipse.m2e.maven.runtime_3.8.701.20230209-1606\jars\maven-resolver-provider-3.8.7.jar
2023-10-05 21:40:07,340 [Worker-24: Launching mavenrun-de084a2d-20c6-4eb4-a216-397263dc7e28] INFO  o.eclipse.m2e.core.internal.Bundles - 	Entry: C:\Users\satyaprakashsh\Downloads\eclipse-jee-2023-03-R-win32-x86_64\eclipse\plugins\org.eclipse.m2e.maven.runtime_3.8.701.20230209-1606\jars\maven-resolver-spi-1.6.3.jar
2023-10-05 21:40:07,340 [Worker-24: Launching mavenrun-de084a2d-20c6-4eb4-a216-397263dc7e28] INFO  o.eclipse.m2e.core.internal.Bundles - 	Entry: C:\Users\satyaprakashsh\Downloads\eclipse-jee-2023-03-R-win32-x86_64\eclipse\plugins\org.eclipse.m2e.maven.runtime_3.8.701.20230209-1606\jars\maven-resolver-transport-wagon-1.6.3.jar
2023-10-05 21:40:07,340 [Worker-24: Launching mavenrun-de084a2d-20c6-4eb4-a216-397263dc7e28] INFO  o.eclipse.m2e.core.internal.Bundles - 	Entry: C:\Users\satyaprakashsh\Downloads\eclipse-jee-2023-03-R-win32-x86_64\eclipse\plugins\org.eclipse.m2e.maven.runtime_3.8.701.20230209-1606\jars\maven-resolver-util-1.6.3.jar
2023-10-05 21:40:07,341 [Worker-24: Launching mavenrun-de084a2d-20c6-4eb4-a216-397263dc7e28] INFO  o.eclipse.m2e.core.internal.Bundles - 	Entry: C:\Users\satyaprakashsh\Downloads\eclipse-jee-2023-03-R-win32-x86_64\eclipse\plugins\org.eclipse.m2e.maven.runtime_3.8.701.20230209-1606\jars\maven-settings-3.8.7.jar
2023-10-05 21:40:07,341 [Worker-24: Launching mavenrun-de084a2d-20c6-4eb4-a216-397263dc7e28] INFO  o.eclipse.m2e.core.internal.Bundles - 	Entry: C:\Users\satyaprakashsh\Downloads\eclipse-jee-2023-03-R-win32-x86_64\eclipse\plugins\org.eclipse.m2e.maven.runtime_3.8.701.20230209-1606\jars\maven-settings-builder-3.8.7.jar
2023-10-05 21:40:07,342 [Worker-24: Launching mavenrun-de084a2d-20c6-4eb4-a216-397263dc7e28] INFO  o.eclipse.m2e.core.internal.Bundles - 	Entry: C:\Users\satyaprakashsh\Downloads\eclipse-jee-2023-03-R-win32-x86_64\eclipse\plugins\org.eclipse.m2e.maven.runtime_3.8.701.20230209-1606\jars\maven-shared-utils-3.3.4.jar
2023-10-05 21:40:07,342 [Worker-24: Launching mavenrun-de084a2d-20c6-4eb4-a216-397263dc7e28] INFO  o.eclipse.m2e.core.internal.Bundles - 	Entry: C:\Users\satyaprakashsh\Downloads\eclipse-jee-2023-03-R-win32-x86_64\eclipse\plugins\org.eclipse.m2e.maven.runtime_3.8.701.20230209-1606\jars\okhttp-3.14.1.jar
2023-10-05 21:40:07,342 [Worker-24: Launching mavenrun-de084a2d-20c6-4eb4-a216-397263dc7e28] INFO  o.eclipse.m2e.core.internal.Bundles - 	Entry: C:\Users\satyaprakashsh\Downloads\eclipse-jee-2023-03-R-win32-x86_64\eclipse\plugins\org.eclipse.m2e.maven.runtime_3.8.701.20230209-1606\jars\okio-1.17.3.jar
2023-10-05 21:40:07,343 [Worker-24: Launching mavenrun-de084a2d-20c6-4eb4-a216-397263dc7e28] INFO  o.eclipse.m2e.core.internal.Bundles - 	Entry: C:\Users\satyaprakashsh\Downloads\eclipse-jee-2023-03-R-win32-x86_64\eclipse\plugins\org.eclipse.m2e.maven.runtime_3.8.701.20230209-1606\jars\org.eclipse.sisu.inject-0.3.5.jar
2023-10-05 21:40:07,343 [Worker-24: Launching mavenrun-de084a2d-20c6-4eb4-a216-397263dc7e28] INFO  o.eclipse.m2e.core.internal.Bundles - 	Entry: C:\Users\satyaprakashsh\Downloads\eclipse-jee-2023-03-R-win32-x86_64\eclipse\plugins\org.eclipse.m2e.maven.runtime_3.8.701.20230209-1606\jars\org.eclipse.sisu.plexus-0.3.5.jar
2023-10-05 21:40:07,343 [Worker-24: Launching mavenrun-de084a2d-20c6-4eb4-a216-397263dc7e28] INFO  o.eclipse.m2e.core.internal.Bundles - 	Entry: C:\Users\satyaprakashsh\Downloads\eclipse-jee-2023-03-R-win32-x86_64\eclipse\plugins\org.eclipse.m2e.maven.runtime_3.8.701.20230209-1606\jars\plexus-build-api-0.0.7.jar
2023-10-05 21:40:07,344 [Worker-24: Launching mavenrun-de084a2d-20c6-4eb4-a216-397263dc7e28] INFO  o.eclipse.m2e.core.internal.Bundles - 	Entry: C:\Users\satyaprakashsh\Downloads\eclipse-jee-2023-03-R-win32-x86_64\eclipse\plugins\org.eclipse.m2e.maven.runtime_3.8.701.20230209-1606\jars\plexus-cipher-2.0.jar
2023-10-05 21:40:07,344 [Worker-24: Launching mavenrun-de084a2d-20c6-4eb4-a216-397263dc7e28] INFO  o.eclipse.m2e.core.internal.Bundles - 	Entry: C:\Users\satyaprakashsh\Downloads\eclipse-jee-2023-03-R-win32-x86_64\eclipse\plugins\org.eclipse.m2e.maven.runtime_3.8.701.20230209-1606\jars\plexus-classworlds-2.6.0.jar
2023-10-05 21:40:07,344 [Worker-24: Launching mavenrun-de084a2d-20c6-4eb4-a216-397263dc7e28] INFO  o.eclipse.m2e.core.internal.Bundles - 	Entry: C:\Users\satyaprakashsh\Downloads\eclipse-jee-2023-03-R-win32-x86_64\eclipse\plugins\org.eclipse.m2e.maven.runtime_3.8.701.20230209-1606\jars\plexus-component-annotations-2.1.0.jar
2023-10-05 21:40:07,345 [Worker-24: Launching mavenrun-de084a2d-20c6-4eb4-a216-397263dc7e28] INFO  o.eclipse.m2e.core.internal.Bundles - 	Entry: C:\Users\satyaprakashsh\Downloads\eclipse-jee-2023-03-R-win32-x86_64\eclipse\plugins\org.eclipse.m2e.maven.runtime_3.8.701.20230209-1606\jars\plexus-interpolation-1.26.jar
2023-10-05 21:40:07,345 [Worker-24: Launching mavenrun-de084a2d-20c6-4eb4-a216-397263dc7e28] INFO  o.eclipse.m2e.core.internal.Bundles - 	Entry: C:\Users\satyaprakashsh\Downloads\eclipse-jee-2023-03-R-win32-x86_64\eclipse\plugins\org.eclipse.m2e.maven.runtime_3.8.701.20230209-1606\jars\plexus-sec-dispatcher-2.0.jar
2023-10-05 21:40:07,345 [Worker-24: Launching mavenrun-de084a2d-20c6-4eb4-a216-397263dc7e28] INFO  o.eclipse.m2e.core.internal.Bundles - 	Entry: C:\Users\satyaprakashsh\Downloads\eclipse-jee-2023-03-R-win32-x86_64\eclipse\plugins\org.eclipse.m2e.maven.runtime_3.8.701.20230209-1606\jars\plexus-utils-3.3.1.jar
2023-10-05 21:40:07,346 [Worker-24: Launching mavenrun-de084a2d-20c6-4eb4-a216-397263dc7e28] INFO  o.eclipse.m2e.core.internal.Bundles - 	Entry: C:\Users\satyaprakashsh\Downloads\eclipse-jee-2023-03-R-win32-x86_64\eclipse\plugins\org.eclipse.m2e.maven.runtime_3.8.701.20230209-1606\jars\wagon-file-3.5.3.jar
2023-10-05 21:40:07,346 [Worker-24: Launching mavenrun-de084a2d-20c6-4eb4-a216-397263dc7e28] INFO  o.eclipse.m2e.core.internal.Bundles - 	Entry: C:\Users\satyaprakashsh\Downloads\eclipse-jee-2023-03-R-win32-x86_64\eclipse\plugins\org.eclipse.m2e.maven.runtime_3.8.701.20230209-1606\jars\wagon-provider-api-3.5.3.jar
2023-10-05 21:40:07,351 [Worker-24: Launching mavenrun-de084a2d-20c6-4eb4-a216-397263dc7e28] INFO  o.eclipse.m2e.core.internal.Bundles - getClasspathEntries(Bundle=com.google.guava_31.1.0.jre [11])
2023-10-05 21:40:07,353 [Worker-24: Launching mavenrun-de084a2d-20c6-4eb4-a216-397263dc7e28] INFO  o.eclipse.m2e.core.internal.Bundles - 	Entry: C:\Users\satyaprakashsh\Downloads\eclipse-jee-2023-03-R-win32-x86_64\eclipse\plugins\com.google.guava_31.1.0.jre.jar
2023-10-05 21:40:07,353 [Worker-24: Launching mavenrun-de084a2d-20c6-4eb4-a216-397263dc7e28] INFO  o.eclipse.m2e.core.internal.Bundles - getClasspathEntries(Bundle=slf4j.api_1.7.36 [924])
2023-10-05 21:40:07,674 [Worker-24: Launching mavenrun-de084a2d-20c6-4eb4-a216-397263dc7e28] INFO  o.eclipse.m2e.core.internal.Bundles - 	Entry: C:\Users\satyaprakashsh\Downloads\eclipse-jee-2023-03-R-win32-x86_64\eclipse\plugins\slf4j.api_1.7.36.jar
2023-10-05 21:40:07,674 [Worker-24: Launching mavenrun-de084a2d-20c6-4eb4-a216-397263dc7e28] INFO  o.eclipse.m2e.core.internal.Bundles - getClasspathEntries(Bundle=javax.inject_1.0.0.v20220405-0441 [35])
2023-10-05 21:40:07,846 [Worker-24: Launching mavenrun-de084a2d-20c6-4eb4-a216-397263dc7e28] INFO  o.eclipse.m2e.core.internal.Bundles - 	Entry: C:\Users\satyaprakashsh\Downloads\eclipse-jee-2023-03-R-win32-x86_64\eclipse\plugins\javax.inject_1.0.0.v20220405-0441.jar
2023-10-05 21:40:07,846 [Worker-24: Launching mavenrun-de084a2d-20c6-4eb4-a216-397263dc7e28] INFO  o.eclipse.m2e.core.internal.Bundles - getClasspathEntries(Bundle=javax.annotation_1.3.5.v20221203-1659 [33])
2023-10-05 21:40:08,086 [Worker-24: Launching mavenrun-de084a2d-20c6-4eb4-a216-397263dc7e28] INFO  o.eclipse.m2e.core.internal.Bundles - 	Entry: C:\Users\satyaprakashsh\Downloads\eclipse-jee-2023-03-R-win32-x86_64\eclipse\plugins\javax.annotation_1.3.5.v20221203-1659.jar
2023-10-05 21:40:08,086 [Worker-24: Launching mavenrun-de084a2d-20c6-4eb4-a216-397263dc7e28] INFO  o.eclipse.m2e.core.internal.Bundles - getClasspathEntries(Bundle=org.apache.commons.cli_1.4.0.v20221112-0806 [67])
2023-10-05 21:40:08,103 [Worker-24: Launching mavenrun-de084a2d-20c6-4eb4-a216-397263dc7e28] INFO  o.eclipse.m2e.core.internal.Bundles - 	Entry: C:\Users\satyaprakashsh\Downloads\eclipse-jee-2023-03-R-win32-x86_64\eclipse\plugins\org.apache.commons.cli_1.4.0.v20221112-0806.jar
2023-10-05 21:40:08,103 [Worker-24: Launching mavenrun-de084a2d-20c6-4eb4-a216-397263dc7e28] INFO  o.eclipse.m2e.core.internal.Bundles - getClasspathEntries(Bundle=com.google.guava.failureaccess_1.0.1 [13])
2023-10-05 21:40:08,189 [Worker-24: Launching mavenrun-de084a2d-20c6-4eb4-a216-397263dc7e28] INFO  o.eclipse.m2e.core.internal.Bundles - 	Entry: C:\Users\satyaprakashsh\Downloads\eclipse-jee-2023-03-R-win32-x86_64\eclipse\plugins\com.google.guava.failureaccess_1.0.1.jar
2023-10-05 21:40:08,200 [Worker-24: Launching mavenrun-de084a2d-20c6-4eb4-a216-397263dc7e28] INFO  o.e.m.i.launch.MavenLaunchDelegate - Run build in "C:\Users\SATYAP~1\AppData\Local\Temp\m2e-archetypeGenerator695695135639078659":
2023-10-05 21:40:08,202 [Worker-24: Launching mavenrun-de084a2d-20c6-4eb4-a216-397263dc7e28] INFO  o.e.m.i.launch.MavenLaunchDelegate -  mvn  -DarchetypeGroupId=org.glassfish.jersey.archetypes -DarchetypeArtifactId=jersey-quickstart-webapp -DarchetypeVersion=3.1.3 -DgroupId=infinite -DartifactId=LoginController -Dversion=0.0.1-SNAPSHOT -Dpackage=com.java.jsf -DoutputDirectory=D:\JSFController -Dstyle.color=always -U archetype:generate
2023-10-05 21:40:35,918 [Worker-13: Creating jersey-quickstart-webapp] INFO  o.e.m.c.i.p.ProjectConfigurationManager - Collecting project info '/pom.xml' D:\JSFController\LoginController\pom.xml
2023-10-05 21:40:45,431 [Worker-13: Creating jersey-quickstart-webapp] INFO  o.e.m.c.i.l.LifecycleMappingFactory - Using org.maven.ide.eclipse.wtp.WarLifecycleMapping lifecycle mapping for MavenProject: infinite:LoginController:0.0.1-SNAPSHOT @ D:\JSFController\LoginController\pom.xml.
2023-10-05 21:40:49,305 [Worker-13: Creating jersey-quickstart-webapp] INFO  o.e.m.j.i.AbstractJavaProjectConfigurator - Adding source folder /LoginController/src/main/java
2023-10-05 21:40:49,305 [Worker-13: Creating jersey-quickstart-webapp] INFO  o.e.m.j.i.AbstractJavaProjectConfigurator - Adding resource folder /LoginController/src/main/resources
2023-10-05 21:40:49,321 [Worker-13: Creating jersey-quickstart-webapp] INFO  o.e.m.j.i.AbstractJavaProjectConfigurator - Adding source folder /LoginController/src/test/java
2023-10-05 21:40:54,659 [Worker-13: Creating jersey-quickstart-webapp] INFO  o.e.m.c.i.embedder.EclipseLogger - Using 'UTF-8' encoding to copy filtered resources.
2023-10-05 21:40:54,668 [Worker-13: Creating jersey-quickstart-webapp] INFO  o.e.m.c.i.embedder.EclipseLogger - Copying 0 resource
2023-10-05 21:40:54,675 [Worker-13: Creating jersey-quickstart-webapp] INFO  o.e.m.c.i.embedder.EclipseLogger - Using 'UTF-8' encoding to copy filtered resources.
2023-10-05 21:40:54,675 [Worker-13: Creating jersey-quickstart-webapp] INFO  o.e.m.c.i.embedder.EclipseLogger - skip non existing resourceDirectory D:\JSFController\LoginController\src\test\resources
2023-10-05 21:40:56,479 [Worker-13: Creating jersey-quickstart-webapp] INFO  o.e.m.c.i.p.ProjectConfigurationManager - Imported and configured 1 project(s) in 20 sec
2023-10-05 21:40:57,283 [Worker-4: Building] INFO  o.e.m.c.i.embedder.EclipseLogger - Using 'UTF-8' encoding to copy filtered resources.
2023-10-05 21:40:57,287 [Worker-4: Building] INFO  o.e.m.c.i.embedder.EclipseLogger - Copying 0 resource
2023-10-05 21:40:57,291 [Worker-4: Building] INFO  o.e.m.c.i.embedder.EclipseLogger - Using 'UTF-8' encoding to copy filtered resources.
2023-10-05 21:40:57,291 [Worker-4: Building] INFO  o.e.m.c.i.embedder.EclipseLogger - skip non existing resourceDirectory D:\JSFController\LoginController\src\test\resources
2023-10-05 21:42:12,125 [Worker-12: Building] INFO  o.e.m.c.i.l.LifecycleMappingFactory - Using org.maven.ide.eclipse.wtp.WarLifecycleMapping lifecycle mapping for MavenProject: infinite:LoginController:0.0.1-SNAPSHOT @ D:\JSFController\LoginController\pom.xml.
2023-10-05 21:42:12,418 [Worker-12: Building] INFO  o.e.m.c.i.embedder.EclipseLogger - Using 'UTF-8' encoding to copy filtered resources.
2023-10-05 21:42:12,420 [Worker-12: Building] INFO  o.e.m.c.i.embedder.EclipseLogger - Copying 0 resource
2023-10-05 21:42:12,424 [Worker-12: Building] INFO  o.e.m.c.i.embedder.EclipseLogger - Using 'UTF-8' encoding to copy filtered resources.
2023-10-05 21:42:12,425 [Worker-12: Building] INFO  o.e.m.c.i.embedder.EclipseLogger - skip non existing resourceDirectory D:\JSFController\LoginController\src\test\resources
2023-10-05 21:42:12,426 [Worker-12: Building] INFO  o.e.m.w.i.f.ResourceFilteringBuildParticipant - Changed resources require a complete clean of filtered resources of LoginController
2023-10-05 21:42:12,428 [Worker-12: Building] INFO  o.e.m.w.i.f.ResourceFilteringBuildParticipant - Executing resource filtering for LoginController
2023-10-05 21:42:51,403 [Worker-6: Building] INFO  o.e.m.c.i.embedder.EclipseLogger - Using 'UTF-8' encoding to copy filtered resources.
2023-10-05 21:42:51,414 [Worker-6: Building] INFO  o.e.m.c.i.embedder.EclipseLogger - Copying 0 resource
2023-10-05 21:42:51,417 [Worker-6: Building] INFO  o.e.m.c.i.embedder.EclipseLogger - Using 'UTF-8' encoding to copy filtered resources.
2023-10-05 21:42:51,417 [Worker-6: Building] INFO  o.e.m.c.i.embedder.EclipseLogger - skip non existing resourceDirectory D:\JSFController\LoginController\src\test\resources
2023-10-05 21:44:38,872 [Worker-0: Building] INFO  o.e.m.c.i.embedder.EclipseLogger - Using 'UTF-8' encoding to copy filtered resources.
2023-10-05 21:44:38,872 [Worker-0: Building] INFO  o.e.m.c.i.embedder.EclipseLogger - Copying 0 resource
2023-10-05 21:44:38,875 [Worker-0: Building] INFO  o.e.m.c.i.embedder.EclipseLogger - Using 'UTF-8' encoding to copy filtered resources.
2023-10-05 21:44:38,875 [Worker-0: Building] INFO  o.e.m.c.i.embedder.EclipseLogger - skip non existing resourceDirectory D:\JSFController\LoginController\src\test\resources
2023-10-05 21:44:42,779 [Worker-4: Building] INFO  o.e.m.c.i.embedder.EclipseLogger - Using 'UTF-8' encoding to copy filtered resources.
2023-10-05 21:44:42,779 [Worker-4: Building] INFO  o.e.m.c.i.embedder.EclipseLogger - Copying 0 resource
2023-10-05 21:44:42,783 [Worker-4: Building] INFO  o.e.m.c.i.embedder.EclipseLogger - Using 'UTF-8' encoding to copy filtered resources.
2023-10-05 21:44:42,783 [Worker-4: Building] INFO  o.e.m.c.i.embedder.EclipseLogger - skip non existing resourceDirectory D:\JSFController\LoginController\src\test\resources
2023-10-05 21:45:10,064 [Worker-0: Building] INFO  o.e.m.c.i.embedder.EclipseLogger - Using 'UTF-8' encoding to copy filtered resources.
2023-10-05 21:45:10,064 [Worker-0: Building] INFO  o.e.m.c.i.embedder.EclipseLogger - Copying 0 resource
2023-10-05 21:45:10,067 [Worker-0: Building] INFO  o.e.m.c.i.embedder.EclipseLogger - Using 'UTF-8' encoding to copy filtered resources.
2023-10-05 21:45:10,067 [Worker-0: Building] INFO  o.e.m.c.i.embedder.EclipseLogger - skip non existing resourceDirectory D:\JSFController\LoginController\src\test\resources
2023-10-05 21:45:46,184 [Worker-26: Building] INFO  o.e.m.c.i.embedder.EclipseLogger - Using 'UTF-8' encoding to copy filtered resources.
2023-10-05 21:45:46,185 [Worker-26: Building] INFO  o.e.m.c.i.embedder.EclipseLogger - Copying 0 resource
2023-10-05 21:45:46,191 [Worker-26: Building] INFO  o.e.m.c.i.embedder.EclipseLogger - Using 'UTF-8' encoding to copy filtered resources.
2023-10-05 21:45:46,191 [Worker-26: Building] INFO  o.e.m.c.i.embedder.EclipseLogger - skip non existing resourceDirectory D:\JSFController\LoginController\src\test\resources
2023-10-05 21:46:17,466 [Worker-0: Building] INFO  o.e.m.c.i.embedder.EclipseLogger - Using 'UTF-8' encoding to copy filtered resources.
2023-10-05 21:46:17,467 [Worker-0: Building] INFO  o.e.m.c.i.embedder.EclipseLogger - Copying 0 resource
2023-10-05 21:46:17,469 [Worker-0: Building] INFO  o.e.m.c.i.embedder.EclipseLogger - Using 'UTF-8' encoding to copy filtered resources.
2023-10-05 21:46:17,469 [Worker-0: Building] INFO  o.e.m.c.i.embedder.EclipseLogger - skip non existing resourceDirectory D:\JSFController\LoginController\src\test\resources
2023-10-05 21:49:46,513 [Worker-28: Building] INFO  o.e.m.c.i.embedder.EclipseLogger - Using 'UTF-8' encoding to copy filtered resources.
2023-10-05 21:49:46,514 [Worker-28: Building] INFO  o.e.m.c.i.embedder.EclipseLogger - Copying 0 resource
2023-10-05 21:49:46,519 [Worker-28: Building] INFO  o.e.m.c.i.embedder.EclipseLogger - Using 'UTF-8' encoding to copy filtered resources.
2023-10-05 21:49:46,519 [Worker-28: Building] INFO  o.e.m.c.i.embedder.EclipseLogger - skip non existing resourceDirectory D:\JSFController\LoginController\src\test\resources
2023-10-05 21:52:52,334 [Worker-4: Building] INFO  o.e.m.c.i.embedder.EclipseLogger - Using 'UTF-8' encoding to copy filtered resources.
2023-10-05 21:52:52,334 [Worker-4: Building] INFO  o.e.m.c.i.embedder.EclipseLogger - Copying 0 resource
2023-10-05 21:52:52,336 [Worker-4: Building] INFO  o.e.m.c.i.embedder.EclipseLogger - Using 'UTF-8' encoding to copy filtered resources.
2023-10-05 21:52:52,336 [Worker-4: Building] INFO  o.e.m.c.i.embedder.EclipseLogger - skip non existing resourceDirectory D:\JSFController\LoginController\src\test\resources
2023-10-05 21:54:00,733 [Worker-4: Building] INFO  o.e.m.c.i.embedder.EclipseLogger - Using 'UTF-8' encoding to copy filtered resources.
2023-10-05 21:54:00,733 [Worker-4: Building] INFO  o.e.m.c.i.embedder.EclipseLogger - Copying 0 resource
2023-10-05 21:54:00,736 [Worker-4: Building] INFO  o.e.m.c.i.embedder.EclipseLogger - Using 'UTF-8' encoding to copy filtered resources.
2023-10-05 21:54:00,736 [Worker-4: Building] INFO  o.e.m.c.i.embedder.EclipseLogger - skip non existing resourceDirectory D:\JSFController\LoginController\src\test\resources
2023-10-05 21:54:30,066 [Worker-26: Building] INFO  o.e.m.c.i.embedder.EclipseLogger - Using 'UTF-8' encoding to copy filtered resources.
2023-10-05 21:54:30,067 [Worker-26: Building] INFO  o.e.m.c.i.embedder.EclipseLogger - Copying 0 resource
2023-10-05 21:54:30,070 [Worker-26: Building] INFO  o.e.m.c.i.embedder.EclipseLogger - Using 'UTF-8' encoding to copy filtered resources.
2023-10-05 21:54:30,070 [Worker-26: Building] INFO  o.e.m.c.i.embedder.EclipseLogger - skip non existing resourceDirectory D:\JSFController\LoginController\src\test\resources
2023-10-05 21:54:38,250 [Worker-27: Building] INFO  o.e.m.c.i.embedder.EclipseLogger - Using 'UTF-8' encoding to copy filtered resources.
2023-10-05 21:54:38,251 [Worker-27: Building] INFO  o.e.m.c.i.embedder.EclipseLogger - Copying 0 resource
2023-10-05 21:54:38,254 [Worker-27: Building] INFO  o.e.m.c.i.embedder.EclipseLogger - Using 'UTF-8' encoding to copy filtered resources.
2023-10-05 21:54:38,254 [Worker-27: Building] INFO  o.e.m.c.i.embedder.EclipseLogger - skip non existing resourceDirectory D:\JSFController\LoginController\src\test\resources
2023-10-05 21:55:38,798 [Worker-4: Building] INFO  o.e.m.c.i.embedder.EclipseLogger - Using 'UTF-8' encoding to copy filtered resources.
2023-10-05 21:55:38,798 [Worker-4: Building] INFO  o.e.m.c.i.embedder.EclipseLogger - Copying 0 resource
2023-10-05 21:55:38,800 [Worker-4: Building] INFO  o.e.m.c.i.embedder.EclipseLogger - Using 'UTF-8' encoding to copy filtered resources.
2023-10-05 21:55:38,800 [Worker-4: Building] INFO  o.e.m.c.i.embedder.EclipseLogger - skip non existing resourceDirectory D:\JSFController\LoginController\src\test\resources
2023-10-05 21:57:52,517 [Worker-29: Building] INFO  o.e.m.c.i.embedder.EclipseLogger - Using 'UTF-8' encoding to copy filtered resources.
2023-10-05 21:57:52,518 [Worker-29: Building] INFO  o.e.m.c.i.embedder.EclipseLogger - Copying 0 resource
2023-10-05 21:57:52,522 [Worker-29: Building] INFO  o.e.m.c.i.embedder.EclipseLogger - Using 'UTF-8' encoding to copy filtered resources.
2023-10-05 21:57:52,522 [Worker-29: Building] INFO  o.e.m.c.i.embedder.EclipseLogger - skip non existing resourceDirectory D:\JSFController\LoginController\src\test\resources
2023-10-05 21:59:08,279 [Worker-30: Updating Maven Project] INFO  o.e.m.c.i.p.ProjectConfigurationManager - Update started
2023-10-05 21:59:14,559 [Worker-30: Updating Maven Project] INFO  o.e.m.c.i.l.LifecycleMappingFactory - Using org.maven.ide.eclipse.wtp.WarLifecycleMapping lifecycle mapping for MavenProject: infinite:LoginController:0.0.1-SNAPSHOT @ D:\JSFController\LoginController\pom.xml.
2023-10-05 21:59:18,496 [Worker-30: Updating Maven Project] INFO  o.e.m.j.i.AbstractJavaProjectConfigurator - Adding source folder /LoginController/src/main/java
2023-10-05 21:59:18,496 [Worker-30: Updating Maven Project] INFO  o.e.m.j.i.AbstractJavaProjectConfigurator - Adding resource folder /LoginController/src/main/resources
2023-10-05 21:59:18,496 [Worker-30: Updating Maven Project] INFO  o.e.m.j.i.AbstractJavaProjectConfigurator - Adding source folder /LoginController/src/test/java
2023-10-05 21:59:19,441 [Worker-30: Updating Maven Project] INFO  o.e.m.c.i.embedder.EclipseLogger - Using 'UTF-8' encoding to copy filtered resources.
2023-10-05 21:59:19,443 [Worker-30: Updating Maven Project] INFO  o.e.m.c.i.embedder.EclipseLogger - Copying 0 resource
2023-10-05 21:59:19,448 [Worker-30: Updating Maven Project] INFO  o.e.m.c.i.embedder.EclipseLogger - Using 'UTF-8' encoding to copy filtered resources.
2023-10-05 21:59:19,449 [Worker-30: Updating Maven Project] INFO  o.e.m.c.i.embedder.EclipseLogger - skip non existing resourceDirectory D:\JSFController\LoginController\src\test\resources
2023-10-05 21:59:19,449 [Worker-30: Updating Maven Project] INFO  o.e.m.w.i.f.ResourceFilteringBuildParticipant - Changed resources require a complete clean of filtered resources of LoginController
2023-10-05 21:59:19,450 [Worker-30: Updating Maven Project] INFO  o.e.m.w.i.f.ResourceFilteringBuildParticipant - Executing resource filtering for LoginController
2023-10-05 21:59:20,773 [Worker-30: Updating Maven Project] INFO  o.e.m.w.i.f.ResourceFilteringBuildParticipant - Cleaning filtered folder for LoginController
2023-10-05 21:59:20,967 [Worker-30: Updating Maven Project] INFO  o.e.m.c.i.p.ProjectConfigurationManager - Update completed for 1 poms: local refresh takes 0.00 sec, refresh facades takes 8.00 sec, update config takes 3.00 sec 
2023-10-05 21:59:22,784 [Worker-35: Building] INFO  o.e.m.c.i.embedder.EclipseLogger - Using 'UTF-8' encoding to copy filtered resources.
2023-10-05 21:59:22,784 [Worker-35: Building] INFO  o.e.m.c.i.embedder.EclipseLogger - Copying 0 resource
2023-10-05 21:59:22,786 [Worker-35: Building] INFO  o.e.m.c.i.embedder.EclipseLogger - Using 'UTF-8' encoding to copy filtered resources.
2023-10-05 21:59:22,786 [Worker-35: Building] INFO  o.e.m.c.i.embedder.EclipseLogger - skip non existing resourceDirectory D:\JSFController\LoginController\src\test\resources
2023-10-05 21:59:22,787 [Worker-35: Building] INFO  o.e.m.w.i.f.ResourceFilteringBuildParticipant - Changed resources require a complete clean of filtered resources of LoginController
2023-10-05 21:59:22,787 [Worker-35: Building] INFO  o.e.m.w.i.f.ResourceFilteringBuildParticipant - Executing resource filtering for LoginController
2023-10-05 22:02:50,620 [Worker-36: Building] INFO  o.e.m.c.i.embedder.EclipseLogger - Using 'UTF-8' encoding to copy filtered resources.
2023-10-05 22:02:50,620 [Worker-36: Building] INFO  o.e.m.c.i.embedder.EclipseLogger - Copying 0 resource
2023-10-05 22:02:50,622 [Worker-36: Building] INFO  o.e.m.c.i.embedder.EclipseLogger - Using 'UTF-8' encoding to copy filtered resources.
2023-10-05 22:02:50,622 [Worker-36: Building] INFO  o.e.m.c.i.embedder.EclipseLogger - skip non existing resourceDirectory D:\JSFController\LoginController\src\test\resources
2023-10-05 22:03:47,493 [Worker-38: Building] INFO  o.e.m.c.i.embedder.EclipseLogger - Using 'UTF-8' encoding to copy filtered resources.
2023-10-05 22:03:47,494 [Worker-38: Building] INFO  o.e.m.c.i.embedder.EclipseLogger - Copying 0 resource
2023-10-05 22:03:47,495 [Worker-38: Building] INFO  o.e.m.c.i.embedder.EclipseLogger - Using 'UTF-8' encoding to copy filtered resources.
2023-10-05 22:03:47,495 [Worker-38: Building] INFO  o.e.m.c.i.embedder.EclipseLogger - skip non existing resourceDirectory D:\JSFController\LoginController\src\test\resources
2023-10-05 22:04:20,491 [Worker-35: Building] INFO  o.e.m.c.i.embedder.EclipseLogger - Using 'UTF-8' encoding to copy filtered resources.
2023-10-05 22:04:20,491 [Worker-35: Building] INFO  o.e.m.c.i.embedder.EclipseLogger - Copying 0 resource
2023-10-05 22:04:20,492 [Worker-35: Building] INFO  o.e.m.c.i.embedder.EclipseLogger - Using 'UTF-8' encoding to copy filtered resources.
2023-10-05 22:04:20,493 [Worker-35: Building] INFO  o.e.m.c.i.embedder.EclipseLogger - skip non existing resourceDirectory D:\JSFController\LoginController\src\test\resources
2023-10-05 22:19:34,961 [Worker-29: Building] INFO  o.e.m.c.i.embedder.EclipseLogger - Using 'UTF-8' encoding to copy filtered resources.
2023-10-05 22:19:34,962 [Worker-29: Building] INFO  o.e.m.c.i.embedder.EclipseLogger - Copying 0 resource
2023-10-05 22:19:34,963 [Worker-29: Building] INFO  o.e.m.c.i.embedder.EclipseLogger - Using 'UTF-8' encoding to copy filtered resources.
2023-10-05 22:19:34,964 [Worker-29: Building] INFO  o.e.m.c.i.embedder.EclipseLogger - skip non existing resourceDirectory D:\JSFController\LoginController\src\test\resources
2023-10-05 22:26:00,369 [Worker-41: Importing Maven projects] INFO  o.e.m.c.i.l.LifecycleMappingFactory - Using org.maven.ide.eclipse.wtp.WarLifecycleMapping lifecycle mapping for MavenProject: inf:JsfHibJsp:0.0.1-SNAPSHOT @ D:\JsfHibJsp\pom.xml.
2023-10-05 22:26:01,936 [Worker-41: Importing Maven projects] INFO  o.e.m.c.i.e.AbstractTransferListenerAdapter - Downloading https://repo.maven.apache.org/maven2/org/primefaces/primefaces/6.1/primefaces-6.1.pom
2023-10-05 22:26:02,250 [Worker-41: Importing Maven projects] INFO  o.e.m.c.i.e.AbstractTransferListenerAdapter - Downloaded https://repo.maven.apache.org/maven2/org/primefaces/primefaces/6.1/primefaces-6.1.pom
2023-10-05 22:26:03,254 [Worker-41: Importing Maven projects] WARN  o.e.m.c.i.embedder.EclipseLogger - The artifact mysql:mysql-connector-java:jar:8.0.31 has been relocated to com.mysql:mysql-connector-j:jar:8.0.31: MySQL Connector/J artifacts moved to reverse-DNS compliant Maven 2+ coordinates.
2023-10-05 22:26:03,276 [Worker-41: Importing Maven projects] INFO  o.e.m.c.i.e.AbstractTransferListenerAdapter - Downloading https://repo.maven.apache.org/maven2/org/primefaces/primefaces/6.1/primefaces-6.1.jar
2023-10-05 22:26:03,781 [Worker-41: Importing Maven projects] INFO  o.e.m.c.i.e.AbstractTransferListenerAdapter - Downloaded https://repo.maven.apache.org/maven2/org/primefaces/primefaces/6.1/primefaces-6.1.jar
2023-10-05 22:26:04,482 [Worker-41: Importing Maven projects] INFO  o.e.m.c.i.embedder.EclipseLogger - Using 'UTF-8' encoding to copy filtered resources.
2023-10-05 22:26:04,482 [Worker-41: Importing Maven projects] INFO  o.e.m.c.i.embedder.EclipseLogger - Copying 1 resource
2023-10-05 22:26:04,493 [Worker-41: Importing Maven projects] INFO  o.e.m.c.i.embedder.EclipseLogger - Using 'UTF-8' encoding to copy filtered resources.
2023-10-05 22:26:04,493 [Worker-41: Importing Maven projects] INFO  o.e.m.c.i.embedder.EclipseLogger - skip non existing resourceDirectory D:\JsfHibJsp\src\test\resources
2023-10-05 22:26:04,550 [Worker-41: Importing Maven projects] WARN  o.e.m.c.i.embedder.EclipseLogger - The artifact mysql:mysql-connector-java:jar:8.0.31 has been relocated to com.mysql:mysql-connector-j:jar:8.0.31: MySQL Connector/J artifacts moved to reverse-DNS compliant Maven 2+ coordinates.
2023-10-05 22:26:05,338 [Worker-41: Importing Maven projects] INFO  o.e.m.j.i.AbstractJavaProjectConfigurator - Adding source folder /JsfHibJsp/src/main/java
2023-10-05 22:26:05,339 [Worker-41: Importing Maven projects] INFO  o.e.m.j.i.AbstractJavaProjectConfigurator - Adding resource folder /JsfHibJsp/src/main/resources
2023-10-05 22:26:05,339 [Worker-41: Importing Maven projects] INFO  o.e.m.j.i.AbstractJavaProjectConfigurator - Adding source folder /JsfHibJsp/src/test/java
2023-10-05 22:26:05,768 [Worker-48: Download sources and javadoc] INFO  o.e.m.c.i.e.AbstractTransferListenerAdapter - Downloading https://repo.maven.apache.org/maven2/org/primefaces/primefaces/6.1/primefaces-6.1-sources.jar
2023-10-05 22:26:06,737 [Worker-41: Importing Maven projects] INFO  o.e.m.c.i.embedder.EclipseLogger - Using 'UTF-8' encoding to copy filtered resources.
2023-10-05 22:26:06,738 [Worker-41: Importing Maven projects] INFO  o.e.m.c.i.embedder.EclipseLogger - Copying 1 resource
2023-10-05 22:26:06,743 [Worker-41: Importing Maven projects] INFO  o.e.m.c.i.embedder.EclipseLogger - Using 'UTF-8' encoding to copy filtered resources.
2023-10-05 22:26:06,743 [Worker-41: Importing Maven projects] INFO  o.e.m.c.i.embedder.EclipseLogger - skip non existing resourceDirectory D:\JsfHibJsp\src\test\resources
2023-10-05 22:26:06,743 [Worker-41: Importing Maven projects] INFO  o.e.m.w.i.f.ResourceFilteringBuildParticipant - Changed resources require a complete clean of filtered resources of JsfHibJsp
2023-10-05 22:26:06,743 [Worker-41: Importing Maven projects] INFO  o.e.m.w.i.f.ResourceFilteringBuildParticipant - Executing resource filtering for JsfHibJsp
2023-10-05 22:26:06,750 [Worker-48: Download sources and javadoc] INFO  o.e.m.c.i.e.AbstractTransferListenerAdapter - Downloaded https://repo.maven.apache.org/maven2/org/primefaces/primefaces/6.1/primefaces-6.1-sources.jar
2023-10-05 22:26:06,756 [Worker-48: Download sources and javadoc] INFO  o.e.m.j.internal.DownloadSourcesJob - Downloaded sources for org.primefaces:primefaces:6.1
2023-10-05 22:26:06,826 [Worker-41: Importing Maven projects] WARN  o.e.m.c.i.embedder.EclipseLogger - The artifact mysql:mysql-connector-java:jar:8.0.31 has been relocated to com.mysql:mysql-connector-j:jar:8.0.31: MySQL Connector/J artifacts moved to reverse-DNS compliant Maven 2+ coordinates.
2023-10-05 22:26:06,856 [Worker-41: Importing Maven projects] INFO  o.e.m.c.i.p.ProjectConfigurationManager - Imported and configured 1 project(s) in 7 sec
2023-10-05 22:28:38,143 [Worker-47: Building] INFO  o.e.m.c.i.embedder.EclipseLogger - Using 'UTF-8' encoding to copy filtered resources.
2023-10-05 22:28:38,143 [Worker-47: Building] INFO  o.e.m.c.i.embedder.EclipseLogger - Copying 0 resource
2023-10-05 22:28:38,145 [Worker-47: Building] INFO  o.e.m.c.i.embedder.EclipseLogger - Using 'UTF-8' encoding to copy filtered resources.
2023-10-05 22:28:38,145 [Worker-47: Building] INFO  o.e.m.c.i.embedder.EclipseLogger - skip non existing resourceDirectory D:\JSFController\LoginController\src\test\resources
2023-10-05 23:01:27,178 [Worker-51: Building] INFO  o.e.m.c.i.embedder.EclipseLogger - Using 'UTF-8' encoding to copy filtered resources.
2023-10-05 23:01:27,179 [Worker-51: Building] INFO  o.e.m.c.i.embedder.EclipseLogger - Copying 0 resource
2023-10-05 23:01:27,181 [Worker-51: Building] INFO  o.e.m.c.i.embedder.EclipseLogger - Using 'UTF-8' encoding to copy filtered resources.
2023-10-05 23:01:27,182 [Worker-51: Building] INFO  o.e.m.c.i.embedder.EclipseLogger - skip non existing resourceDirectory D:\JSFController\LoginController\src\test\resources
2023-10-05 23:03:30,845 [Worker-27: Building] INFO  o.e.m.c.i.embedder.EclipseLogger - Using 'UTF-8' encoding to copy filtered resources.
2023-10-05 23:03:30,845 [Worker-27: Building] INFO  o.e.m.c.i.embedder.EclipseLogger - Copying 0 resource
2023-10-05 23:03:30,849 [Worker-27: Building] INFO  o.e.m.c.i.embedder.EclipseLogger - Using 'UTF-8' encoding to copy filtered resources.
2023-10-05 23:03:30,849 [Worker-27: Building] INFO  o.e.m.c.i.embedder.EclipseLogger - skip non existing resourceDirectory D:\JSFController\LoginController\src\test\resources
